\BOOKMARK [1][-]{section.1}{VGR}{}% 1
\BOOKMARK [2][-]{subsection.1.1}{Verst\344ndnis}{section.1}% 2
\BOOKMARK [2][-]{subsection.1.2}{Einfache Berechnungen}{section.1}% 3
\BOOKMARK [2][-]{subsection.1.3}{Berechnungen \(I\)}{section.1}% 4
\BOOKMARK [2][-]{subsection.1.4}{Berechnungen \(II\)}{section.1}% 5
\BOOKMARK [2][-]{subsection.1.5}{Berechnungen \(III\)}{section.1}% 6
\BOOKMARK [2][-]{subsection.1.6}{Berechnungen \(IV\)}{section.1}% 7
\BOOKMARK [2][-]{subsection.1.7}{Kreislaufschema \(I\)}{section.1}% 8
\BOOKMARK [2][-]{subsection.1.8}{Kreislaufschema \(II\)}{section.1}% 9
\BOOKMARK [2][-]{subsection.1.9}{Finanzierungssalden}{section.1}% 10
\BOOKMARK [2][-]{subsection.1.10}{Geschlossene vs. Offene Volkswirtschaft}{section.1}% 11
\BOOKMARK [2][-]{subsection.1.11}{Verst\344ndnisfragen \(15 Min\)}{section.1}% 12
\BOOKMARK [1][-]{section.2}{Die \(Neo-\)Klassische Theorie}{}% 13
\BOOKMARK [2][-]{subsection.2.1}{Verst\344ndnis}{section.2}% 14
\BOOKMARK [2][-]{subsection.2.2}{Rechenaufgabe}{section.2}% 15
\BOOKMARK [2][-]{subsection.2.3}{Kassenhaltungskoeffizient im \(neo-\)klassischen Modell}{section.2}% 16
\BOOKMARK [2][-]{subsection.2.4}{Nominallohn im \(neo-\)klassischen Modell}{section.2}% 17
\BOOKMARK [2][-]{subsection.2.5}{Kapitalstock und Geldpolitik im \(neo-\)klassischen Modell}{section.2}% 18
\BOOKMARK [2][-]{subsection.2.6}{Verst\344ndnisfragen}{section.2}% 19
\BOOKMARK [1][-]{section.3}{Keynesianische Theorie}{}% 20
\BOOKMARK [2][-]{subsection.3.1}{Keynesianische Kreuz, Sparfunktion und Multiplikator}{section.3}% 21
\BOOKMARK [2][-]{subsection.3.2}{Haavelmo Theorem im Keynesianischen Modell}{section.3}% 22
\BOOKMARK [2][-]{subsection.3.3}{G\374termarkt und IS-Kurve}{section.3}% 23
\BOOKMARK [2][-]{subsection.3.4}{Geldmarkt und LM-Kurve}{section.3}% 24
\BOOKMARK [2][-]{subsection.3.5}{Wirtschaftspolitische Ma\337nahmen}{section.3}% 25
\BOOKMARK [2][-]{subsection.3.6}{Sparquote im IS-LM Modell}{section.3}% 26
\BOOKMARK [2][-]{subsection.3.7}{Liquidit\344tsfalle im IS-LM Modell}{section.3}% 27
\BOOKMARK [2][-]{subsection.3.8}{Klassischer Verlauf der LM Kurve}{section.3}% 28
\BOOKMARK [2][-]{subsection.3.9}{Investitionsfalle im IS-LM Modell}{section.3}% 29
\BOOKMARK [2][-]{subsection.3.10}{Rechenaufgabe}{section.3}% 30
\BOOKMARK [2][-]{subsection.3.11}{Verst\344ndnisfragen Keynesianische Theorie}{section.3}% 31
\BOOKMARK [1][-]{section.4}{Lundberg und Robertson-Lag}{}% 32
\BOOKMARK [2][-]{subsection.4.1}{Verst\344ndnisfragen}{section.4}% 33
\BOOKMARK [2][-]{subsection.4.2}{Rechenaufgabe Robertson Lag}{section.4}% 34
\BOOKMARK [2][-]{subsection.4.3}{Rechenaufgabe Lundberg Lag}{section.4}% 35
\BOOKMARK [1][-]{section.5}{Hick'sche Wachstumsmodell}{}% 36
\BOOKMARK [2][-]{subsection.5.1}{Verst\344ndnisfragen}{section.5}% 37
\BOOKMARK [2][-]{subsection.5.2}{Rechenaufgabe}{section.5}% 38
\BOOKMARK [1][-]{section.6}{Neoklassische Synthese}{}% 39
\BOOKMARK [2][-]{subsection.6.1}{Aggregierte Nachfrage \(AD-Modell\)}{section.6}% 40
\BOOKMARK [2][-]{subsection.6.2}{Das allgemeine Keynesianische Modell bei festen Nominall\366hnen}{section.6}% 41
\BOOKMARK [2][-]{subsection.6.3}{Demografische Entwicklung in der neoklassischen Synthese}{section.6}% 42
\BOOKMARK [2][-]{subsection.6.4}{Wirtschaftspolitische Ma\337nahmen in der neoklassischen Synthese}{section.6}% 43
