\BOOKMARK [1][-]{section.1}{VGR}{}% 1
\BOOKMARK [2][-]{subsection.1.1}{Verst\344ndnis \(30 Min\)}{section.1}% 2
\BOOKMARK [2][-]{subsection.1.2}{Einfache Berechnungen \(10 Min\)}{section.1}% 3
\BOOKMARK [2][-]{subsection.1.3}{Verst\344ndnisfragen \(15 Min\)}{section.1}% 4
\BOOKMARK [2][-]{subsection.1.4}{Lohnquote}{section.1}% 5
\BOOKMARK [2][-]{subsection.1.5}{Gini-Koeffizient}{section.1}% 6
\BOOKMARK [2][-]{subsection.1.6}{BIP-Konzepte: Nominal, Real, Kettenindex}{section.1}% 7
\BOOKMARK [1][-]{section.2}{G\374termarkt und IS-Kurve}{}% 8
\BOOKMARK [2][-]{subsection.2.1}{Sparfunktion, marginale Neigungen und Multiplikatoren}{section.2}% 9
\BOOKMARK [2][-]{subsection.2.2}{IS-Kurve}{section.2}% 10
\BOOKMARK [2][-]{subsection.2.3}{Verst\344ndnisfragen IS-Kurve}{section.2}% 11
\BOOKMARK [1][-]{section.3}{Geldmarkt und LM-Kurve}{}% 12
\BOOKMARK [2][-]{subsection.3.1}{Geldsch\366pfung, Geldnachfrage und Geldangebot}{section.3}% 13
\BOOKMARK [2][-]{subsection.3.2}{Geldsch\366pfungsmultiplikator}{section.3}% 14
\BOOKMARK [2][-]{subsection.3.3}{Verst\344ndnisfrage LM}{section.3}% 15
\BOOKMARK [1][-]{section.4}{IS-LM Modell}{}% 16
\BOOKMARK [2][-]{subsection.4.1}{Wirtschaftspolitische Ma\337nahmen}{section.4}% 17
\BOOKMARK [2][-]{subsection.4.2}{Rechenaufgabe}{section.4}% 18
\BOOKMARK [2][-]{subsection.4.3}{Verst\344ndnisfragen IS-LM}{section.4}% 19
\BOOKMARK [1][-]{section.5}{Offene Volkswirtschaft und Mundell-Fleming}{}% 20
\BOOKMARK [2][-]{subsection.5.1}{Offene Volkswirtschaft}{section.5}% 21
\BOOKMARK [2][-]{subsection.5.2}{Mundell Fleming}{section.5}% 22
\BOOKMARK [1][-]{section.6}{Arbeitsmarkt und AS-AD Modell}{}% 23
\BOOKMARK [2][-]{subsection.6.1}{Arbeitsmarkt und Aggregierte Angebot}{section.6}% 24
\BOOKMARK [2][-]{subsection.6.2}{Aggregierte Nachfrage \(AD-Modell\)}{section.6}% 25
\BOOKMARK [2][-]{subsection.6.3}{Wirtschaftspolitische Ma\337nahmen im AS-AD Modell}{section.6}% 26
\BOOKMARK [1][-]{section.7}{Phillips-Kurve}{}% 27
\BOOKMARK [1][-]{section.8}{Solow-Modell}{}% 28
\BOOKMARK [2][-]{subsection.8.1}{Rechenaufgabe}{section.8}% 29
\BOOKMARK [2][-]{subsection.8.2}{Zwei L\344nder}{section.8}% 30
\BOOKMARK [2][-]{subsection.8.3}{Tropicana}{section.8}% 31
\BOOKMARK [2][-]{subsection.8.4}{China}{section.8}% 32
