This is pdfTeX, Version 3.14159265-2.6-1.40.18 (TeX Live 2017/Debian) (preloaded format=pdflatex 2018.7.10)  20 JUL 2018 13:45
entering extended mode
 restricted \write18 enabled.
 %&-line parsing enabled.
**anschrift2.tex
(./anschrift2.tex
LaTeX2e <2017-04-15>
Babel <3.18> and hyphenation patterns for 14 language(s) loaded.
(/usr/share/texlive/texmf-dist/tex/latex/koma-script/scrartcl.cls
Document Class: scrartcl 2017/09/07 v3.24 KOMA-Script document class (article)
(/usr/share/texlive/texmf-dist/tex/latex/koma-script/scrkbase.sty
Package: scrkbase 2017/09/07 v3.24 KOMA-Script package (KOMA-Script-dependent b
asics and keyval usage)

(/usr/share/texlive/texmf-dist/tex/latex/koma-script/scrbase.sty
Package: scrbase 2017/09/07 v3.24 KOMA-Script package (KOMA-Script-independent 
basics and keyval usage)

(/usr/share/texlive/texmf-dist/tex/latex/graphics/keyval.sty
Package: keyval 2014/10/28 v1.15 key=value parser (DPC)
\KV@toks@=\toks14
)
(/usr/share/texlive/texmf-dist/tex/latex/koma-script/scrlfile.sty
Package: scrlfile 2017/09/07 v3.24 KOMA-Script package (loading files)
)))
(/usr/share/texlive/texmf-dist/tex/latex/koma-script/tocbasic.sty
Package: tocbasic 2017/09/07 v3.24 KOMA-Script package (handling toc-files)
\scr@dte@tocline@numberwidth=\skip41
\scr@dte@tocline@numbox=\box26
)
Package tocbasic Info: omitting babel extension for `toc'
(tocbasic)             because of feature `nobabel' available
(tocbasic)             for `toc' on input line 133.
Package tocbasic Info: omitting babel extension for `lof'
(tocbasic)             because of feature `nobabel' available
(tocbasic)             for `lof' on input line 135.
Package tocbasic Info: omitting babel extension for `lot'
(tocbasic)             because of feature `nobabel' available
(tocbasic)             for `lot' on input line 136.
Class scrartcl Info: File `scrsize11pt.clo' used instead of
(scrartcl)           file `scrsize11.clo' to setup font sizes on input line 208
0.

(/usr/share/texlive/texmf-dist/tex/latex/koma-script/scrsize11pt.clo
File: scrsize11pt.clo 2017/09/07 v3.24 KOMA-Script font size class option (11pt
)
)
(/usr/share/texlive/texmf-dist/tex/latex/koma-script/typearea.sty
Package: typearea 2017/09/07 v3.24 KOMA-Script package (type area)
\ta@bcor=\skip42
\ta@div=\count79
\ta@hblk=\skip43
\ta@vblk=\skip44
\ta@temp=\skip45
\footheight=\skip46
Package typearea Info: These are the values describing the layout:
(typearea)             DIV  = 10
(typearea)             BCOR = 0.0pt
(typearea)             \paperwidth      = 597.50793pt
(typearea)              \textwidth      = 418.25555pt
(typearea)              DIV departure   = -6%
(typearea)              \evensidemargin = 17.3562pt
(typearea)              \oddsidemargin  = 17.3562pt
(typearea)             \paperheight     = 845.04694pt
(typearea)              \textheight     = 595.80026pt
(typearea)              \topmargin      = -25.16531pt
(typearea)              \headheight     = 17.0pt
(typearea)              \headsep        = 20.40001pt
(typearea)              \topskip        = 11.0pt
(typearea)              \footskip       = 47.6pt
(typearea)              \baselineskip   = 13.6pt
(typearea)              on input line 1686.
)
\c@part=\count80
\c@section=\count81
\c@subsection=\count82
\c@subsubsection=\count83
\c@paragraph=\count84
\c@subparagraph=\count85
\scr@dte@part@maxnumwidth=\skip47
\scr@dte@section@maxnumwidth=\skip48
\scr@dte@subsection@maxnumwidth=\skip49
\scr@dte@subsubsection@maxnumwidth=\skip50
\scr@dte@paragraph@maxnumwidth=\skip51
\scr@dte@subparagraph@maxnumwidth=\skip52
LaTeX Info: Redefining \textsubscript on input line 4161.
\abovecaptionskip=\skip53
\belowcaptionskip=\skip54
\c@pti@nb@sid@b@x=\box27
\c@figure=\count86
\c@table=\count87
Class scrartcl Info: Redefining `\numberline' on input line 5319.
\bibindent=\dimen102
)
(/usr/share/texlive/texmf-dist/tex/generic/babel/babel.sty
Package: babel 2018/02/14 3.18 The Babel package

(/usr/share/texlive/texmf-dist/tex/generic/babel/switch.def
File: switch.def 2018/02/14 3.18 Babel switching mechanism
)
(/usr/share/texlive/texmf-dist/tex/generic/babel-german/ngerman.ldf
Language: ngerman 2016/11/02 v2.9 German support for babel (new orthography)

(/usr/share/texlive/texmf-dist/tex/generic/babel-german/ngermanb.ldf
Language: ngermanb 2016/11/02 v2.9 German support for babel (new orthography)

(/usr/share/texlive/texmf-dist/tex/generic/babel/babel.def
File: babel.def 2018/02/14 3.18 Babel common definitions
\babel@savecnt=\count88
\U@D=\dimen103

(/usr/share/texlive/texmf-dist/tex/generic/babel/txtbabel.def)
\bbl@dirlevel=\count89
)
Package babel Info: Making " an active character on input line 125.
)))
(/usr/share/texlive/texmf-dist/tex/latex/base/inputenc.sty
Package: inputenc 2015/03/17 v1.2c Input encoding file
\inpenc@prehook=\toks15
\inpenc@posthook=\toks16

(/usr/share/texlive/texmf-dist/tex/latex/base/utf8.def
File: utf8.def 2017/01/28 v1.1t UTF-8 support for inputenc
Now handling font encoding OML ...
... no UTF-8 mapping file for font encoding OML
Now handling font encoding T1 ...
... processing UTF-8 mapping file for font encoding T1

(/usr/share/texlive/texmf-dist/tex/latex/base/t1enc.dfu
File: t1enc.dfu 2017/01/28 v1.1t UTF-8 support for inputenc
   defining Unicode char U+00A0 (decimal 160)
   defining Unicode char U+00A1 (decimal 161)
   defining Unicode char U+00A3 (decimal 163)
   defining Unicode char U+00AB (decimal 171)
   defining Unicode char U+00AD (decimal 173)
   defining Unicode char U+00BB (decimal 187)
   defining Unicode char U+00BF (decimal 191)
   defining Unicode char U+00C0 (decimal 192)
   defining Unicode char U+00C1 (decimal 193)
   defining Unicode char U+00C2 (decimal 194)
   defining Unicode char U+00C3 (decimal 195)
   defining Unicode char U+00C4 (decimal 196)
   defining Unicode char U+00C5 (decimal 197)
   defining Unicode char U+00C6 (decimal 198)
   defining Unicode char U+00C7 (decimal 199)
   defining Unicode char U+00C8 (decimal 200)
   defining Unicode char U+00C9 (decimal 201)
   defining Unicode char U+00CA (decimal 202)
   defining Unicode char U+00CB (decimal 203)
   defining Unicode char U+00CC (decimal 204)
   defining Unicode char U+00CD (decimal 205)
   defining Unicode char U+00CE (decimal 206)
   defining Unicode char U+00CF (decimal 207)
   defining Unicode char U+00D0 (decimal 208)
   defining Unicode char U+00D1 (decimal 209)
   defining Unicode char U+00D2 (decimal 210)
   defining Unicode char U+00D3 (decimal 211)
   defining Unicode char U+00D4 (decimal 212)
   defining Unicode char U+00D5 (decimal 213)
   defining Unicode char U+00D6 (decimal 214)
   defining Unicode char U+00D8 (decimal 216)
   defining Unicode char U+00D9 (decimal 217)
   defining Unicode char U+00DA (decimal 218)
   defining Unicode char U+00DB (decimal 219)
   defining Unicode char U+00DC (decimal 220)
   defining Unicode char U+00DD (decimal 221)
   defining Unicode char U+00DE (decimal 222)
   defining Unicode char U+00DF (decimal 223)
   defining Unicode char U+00E0 (decimal 224)
   defining Unicode char U+00E1 (decimal 225)
   defining Unicode char U+00E2 (decimal 226)
   defining Unicode char U+00E3 (decimal 227)
   defining Unicode char U+00E4 (decimal 228)
   defining Unicode char U+00E5 (decimal 229)
   defining Unicode char U+00E6 (decimal 230)
   defining Unicode char U+00E7 (decimal 231)
   defining Unicode char U+00E8 (decimal 232)
   defining Unicode char U+00E9 (decimal 233)
   defining Unicode char U+00EA (decimal 234)
   defining Unicode char U+00EB (decimal 235)
   defining Unicode char U+00EC (decimal 236)
   defining Unicode char U+00ED (decimal 237)
   defining Unicode char U+00EE (decimal 238)
   defining Unicode char U+00EF (decimal 239)
   defining Unicode char U+00F0 (decimal 240)
   defining Unicode char U+00F1 (decimal 241)
   defining Unicode char U+00F2 (decimal 242)
   defining Unicode char U+00F3 (decimal 243)
   defining Unicode char U+00F4 (decimal 244)
   defining Unicode char U+00F5 (decimal 245)
   defining Unicode char U+00F6 (decimal 246)
   defining Unicode char U+00F8 (decimal 248)
   defining Unicode char U+00F9 (decimal 249)
   defining Unicode char U+00FA (decimal 250)
   defining Unicode char U+00FB (decimal 251)
   defining Unicode char U+00FC (decimal 252)
   defining Unicode char U+00FD (decimal 253)
   defining Unicode char U+00FE (decimal 254)
   defining Unicode char U+00FF (decimal 255)
   defining Unicode char U+0100 (decimal 256)
   defining Unicode char U+0101 (decimal 257)
   defining Unicode char U+0102 (decimal 258)
   defining Unicode char U+0103 (decimal 259)
   defining Unicode char U+0104 (decimal 260)
   defining Unicode char U+0105 (decimal 261)
   defining Unicode char U+0106 (decimal 262)
   defining Unicode char U+0107 (decimal 263)
   defining Unicode char U+0108 (decimal 264)
   defining Unicode char U+0109 (decimal 265)
   defining Unicode char U+010A (decimal 266)
   defining Unicode char U+010B (decimal 267)
   defining Unicode char U+010C (decimal 268)
   defining Unicode char U+010D (decimal 269)
   defining Unicode char U+010E (decimal 270)
   defining Unicode char U+010F (decimal 271)
   defining Unicode char U+0110 (decimal 272)
   defining Unicode char U+0111 (decimal 273)
   defining Unicode char U+0112 (decimal 274)
   defining Unicode char U+0113 (decimal 275)
   defining Unicode char U+0114 (decimal 276)
   defining Unicode char U+0115 (decimal 277)
   defining Unicode char U+0116 (decimal 278)
   defining Unicode char U+0117 (decimal 279)
   defining Unicode char U+0118 (decimal 280)
   defining Unicode char U+0119 (decimal 281)
   defining Unicode char U+011A (decimal 282)
   defining Unicode char U+011B (decimal 283)
   defining Unicode char U+011C (decimal 284)
   defining Unicode char U+011D (decimal 285)
   defining Unicode char U+011E (decimal 286)
   defining Unicode char U+011F (decimal 287)
   defining Unicode char U+0120 (decimal 288)
   defining Unicode char U+0121 (decimal 289)
   defining Unicode char U+0122 (decimal 290)
   defining Unicode char U+0123 (decimal 291)
   defining Unicode char U+0124 (decimal 292)
   defining Unicode char U+0125 (decimal 293)
   defining Unicode char U+0128 (decimal 296)
   defining Unicode char U+0129 (decimal 297)
   defining Unicode char U+012A (decimal 298)
   defining Unicode char U+012B (decimal 299)
   defining Unicode char U+012C (decimal 300)
   defining Unicode char U+012D (decimal 301)
   defining Unicode char U+012E (decimal 302)
   defining Unicode char U+012F (decimal 303)
   defining Unicode char U+0130 (decimal 304)
   defining Unicode char U+0131 (decimal 305)
   defining Unicode char U+0132 (decimal 306)
   defining Unicode char U+0133 (decimal 307)
   defining Unicode char U+0134 (decimal 308)
   defining Unicode char U+0135 (decimal 309)
   defining Unicode char U+0136 (decimal 310)
   defining Unicode char U+0137 (decimal 311)
   defining Unicode char U+0139 (decimal 313)
   defining Unicode char U+013A (decimal 314)
   defining Unicode char U+013B (decimal 315)
   defining Unicode char U+013C (decimal 316)
   defining Unicode char U+013D (decimal 317)
   defining Unicode char U+013E (decimal 318)
   defining Unicode char U+0141 (decimal 321)
   defining Unicode char U+0142 (decimal 322)
   defining Unicode char U+0143 (decimal 323)
   defining Unicode char U+0144 (decimal 324)
   defining Unicode char U+0145 (decimal 325)
   defining Unicode char U+0146 (decimal 326)
   defining Unicode char U+0147 (decimal 327)
   defining Unicode char U+0148 (decimal 328)
   defining Unicode char U+014A (decimal 330)
   defining Unicode char U+014B (decimal 331)
   defining Unicode char U+014C (decimal 332)
   defining Unicode char U+014D (decimal 333)
   defining Unicode char U+014E (decimal 334)
   defining Unicode char U+014F (decimal 335)
   defining Unicode char U+0150 (decimal 336)
   defining Unicode char U+0151 (decimal 337)
   defining Unicode char U+0152 (decimal 338)
   defining Unicode char U+0153 (decimal 339)
   defining Unicode char U+0154 (decimal 340)
   defining Unicode char U+0155 (decimal 341)
   defining Unicode char U+0156 (decimal 342)
   defining Unicode char U+0157 (decimal 343)
   defining Unicode char U+0158 (decimal 344)
   defining Unicode char U+0159 (decimal 345)
   defining Unicode char U+015A (decimal 346)
   defining Unicode char U+015B (decimal 347)
   defining Unicode char U+015C (decimal 348)
   defining Unicode char U+015D (decimal 349)
   defining Unicode char U+015E (decimal 350)
   defining Unicode char U+015F (decimal 351)
   defining Unicode char U+0160 (decimal 352)
   defining Unicode char U+0161 (decimal 353)
   defining Unicode char U+0162 (decimal 354)
   defining Unicode char U+0163 (decimal 355)
   defining Unicode char U+0164 (decimal 356)
   defining Unicode char U+0165 (decimal 357)
   defining Unicode char U+0168 (decimal 360)
   defining Unicode char U+0169 (decimal 361)
   defining Unicode char U+016A (decimal 362)
   defining Unicode char U+016B (decimal 363)
   defining Unicode char U+016C (decimal 364)
   defining Unicode char U+016D (decimal 365)
   defining Unicode char U+016E (decimal 366)
   defining Unicode char U+016F (decimal 367)
   defining Unicode char U+0170 (decimal 368)
   defining Unicode char U+0171 (decimal 369)
   defining Unicode char U+0172 (decimal 370)
   defining Unicode char U+0173 (decimal 371)
   defining Unicode char U+0174 (decimal 372)
   defining Unicode char U+0175 (decimal 373)
   defining Unicode char U+0176 (decimal 374)
   defining Unicode char U+0177 (decimal 375)
   defining Unicode char U+0178 (decimal 376)
   defining Unicode char U+0179 (decimal 377)
   defining Unicode char U+017A (decimal 378)
   defining Unicode char U+017B (decimal 379)
   defining Unicode char U+017C (decimal 380)
   defining Unicode char U+017D (decimal 381)
   defining Unicode char U+017E (decimal 382)
   defining Unicode char U+01CD (decimal 461)
   defining Unicode char U+01CE (decimal 462)
   defining Unicode char U+01CF (decimal 463)
   defining Unicode char U+01D0 (decimal 464)
   defining Unicode char U+01D1 (decimal 465)
   defining Unicode char U+01D2 (decimal 466)
   defining Unicode char U+01D3 (decimal 467)
   defining Unicode char U+01D4 (decimal 468)
   defining Unicode char U+01E2 (decimal 482)
   defining Unicode char U+01E3 (decimal 483)
   defining Unicode char U+01E6 (decimal 486)
   defining Unicode char U+01E7 (decimal 487)
   defining Unicode char U+01E8 (decimal 488)
   defining Unicode char U+01E9 (decimal 489)
   defining Unicode char U+01EA (decimal 490)
   defining Unicode char U+01EB (decimal 491)
   defining Unicode char U+01F0 (decimal 496)
   defining Unicode char U+01F4 (decimal 500)
   defining Unicode char U+01F5 (decimal 501)
   defining Unicode char U+0218 (decimal 536)
   defining Unicode char U+0219 (decimal 537)
   defining Unicode char U+021A (decimal 538)
   defining Unicode char U+021B (decimal 539)
   defining Unicode char U+0232 (decimal 562)
   defining Unicode char U+0233 (decimal 563)
   defining Unicode char U+1E02 (decimal 7682)
   defining Unicode char U+1E03 (decimal 7683)
   defining Unicode char U+200C (decimal 8204)
   defining Unicode char U+2010 (decimal 8208)
   defining Unicode char U+2011 (decimal 8209)
   defining Unicode char U+2012 (decimal 8210)
   defining Unicode char U+2013 (decimal 8211)
   defining Unicode char U+2014 (decimal 8212)
   defining Unicode char U+2015 (decimal 8213)
   defining Unicode char U+2018 (decimal 8216)
   defining Unicode char U+2019 (decimal 8217)
   defining Unicode char U+201A (decimal 8218)
   defining Unicode char U+201C (decimal 8220)
   defining Unicode char U+201D (decimal 8221)
   defining Unicode char U+201E (decimal 8222)
   defining Unicode char U+2030 (decimal 8240)
   defining Unicode char U+2031 (decimal 8241)
   defining Unicode char U+2039 (decimal 8249)
   defining Unicode char U+203A (decimal 8250)
   defining Unicode char U+2423 (decimal 9251)
   defining Unicode char U+1E20 (decimal 7712)
   defining Unicode char U+1E21 (decimal 7713)
)
Now handling font encoding OT1 ...
... processing UTF-8 mapping file for font encoding OT1

(/usr/share/texlive/texmf-dist/tex/latex/base/ot1enc.dfu
File: ot1enc.dfu 2017/01/28 v1.1t UTF-8 support for inputenc
   defining Unicode char U+00A0 (decimal 160)
   defining Unicode char U+00A1 (decimal 161)
   defining Unicode char U+00A3 (decimal 163)
   defining Unicode char U+00AD (decimal 173)
   defining Unicode char U+00B8 (decimal 184)
   defining Unicode char U+00BF (decimal 191)
   defining Unicode char U+00C5 (decimal 197)
   defining Unicode char U+00C6 (decimal 198)
   defining Unicode char U+00D8 (decimal 216)
   defining Unicode char U+00DF (decimal 223)
   defining Unicode char U+00E6 (decimal 230)
   defining Unicode char U+00EC (decimal 236)
   defining Unicode char U+00ED (decimal 237)
   defining Unicode char U+00EE (decimal 238)
   defining Unicode char U+00EF (decimal 239)
   defining Unicode char U+00F8 (decimal 248)
   defining Unicode char U+0131 (decimal 305)
   defining Unicode char U+0141 (decimal 321)
   defining Unicode char U+0142 (decimal 322)
   defining Unicode char U+0152 (decimal 338)
   defining Unicode char U+0153 (decimal 339)
   defining Unicode char U+0174 (decimal 372)
   defining Unicode char U+0175 (decimal 373)
   defining Unicode char U+0176 (decimal 374)
   defining Unicode char U+0177 (decimal 375)
   defining Unicode char U+0218 (decimal 536)
   defining Unicode char U+0219 (decimal 537)
   defining Unicode char U+021A (decimal 538)
   defining Unicode char U+021B (decimal 539)
   defining Unicode char U+2013 (decimal 8211)
   defining Unicode char U+2014 (decimal 8212)
   defining Unicode char U+2018 (decimal 8216)
   defining Unicode char U+2019 (decimal 8217)
   defining Unicode char U+201C (decimal 8220)
   defining Unicode char U+201D (decimal 8221)
)
Now handling font encoding OMS ...
... processing UTF-8 mapping file for font encoding OMS

(/usr/share/texlive/texmf-dist/tex/latex/base/omsenc.dfu
File: omsenc.dfu 2017/01/28 v1.1t UTF-8 support for inputenc
   defining Unicode char U+00A7 (decimal 167)
   defining Unicode char U+00B6 (decimal 182)
   defining Unicode char U+00B7 (decimal 183)
   defining Unicode char U+2020 (decimal 8224)
   defining Unicode char U+2021 (decimal 8225)
   defining Unicode char U+2022 (decimal 8226)
)
Now handling font encoding OMX ...
... no UTF-8 mapping file for font encoding OMX
Now handling font encoding U ...
... no UTF-8 mapping file for font encoding U
   defining Unicode char U+00A9 (decimal 169)
   defining Unicode char U+00AA (decimal 170)
   defining Unicode char U+00AE (decimal 174)
   defining Unicode char U+00BA (decimal 186)
   defining Unicode char U+02C6 (decimal 710)
   defining Unicode char U+02DC (decimal 732)
   defining Unicode char U+200C (decimal 8204)
   defining Unicode char U+2026 (decimal 8230)
   defining Unicode char U+2122 (decimal 8482)
   defining Unicode char U+2423 (decimal 9251)
))
(/usr/share/texlive/texmf-dist/tex/latex/base/fontenc.sty
Package: fontenc 2017/04/05 v2.0i Standard LaTeX package

(/usr/share/texlive/texmf-dist/tex/latex/base/t1enc.def
File: t1enc.def 2017/04/05 v2.0i Standard LaTeX file
LaTeX Font Info:    Redeclaring font encoding T1 on input line 48.
))
(/usr/share/texlive/texmf-dist/tex/latex/ae/ae.sty
Package: ae 2001/02/12 1.3 Almost European Computer Modern

(/usr/share/texlive/texmf-dist/tex/latex/base/fontenc.sty
Package: fontenc 2017/04/05 v2.0i Standard LaTeX package

(/usr/share/texlive/texmf-dist/tex/latex/base/t1enc.def
File: t1enc.def 2017/04/05 v2.0i Standard LaTeX file
LaTeX Font Info:    Redeclaring font encoding T1 on input line 48.
)
LaTeX Font Info:    Try loading font information for T1+aer on input line 105.

(/usr/share/texlive/texmf-dist/tex/latex/ae/t1aer.fd
File: t1aer.fd 1997/11/16 Font definitions for T1/aer.
)))
(/usr/share/texlive/texmf-dist/tex/latex/ae/aecompl.sty
Package: aecompl 1998/07/23 0.9 T1 Complements for AE fonts (D. Roegel)
)
(/usr/share/texlive/texmf-dist/tex/latex/geometry/geometry.sty
Package: geometry 2010/09/12 v5.6 Page Geometry

(/usr/share/texlive/texmf-dist/tex/generic/oberdiek/ifpdf.sty
Package: ifpdf 2017/03/15 v3.2 Provides the ifpdf switch
)
(/usr/share/texlive/texmf-dist/tex/generic/oberdiek/ifvtex.sty
Package: ifvtex 2016/05/16 v1.6 Detect VTeX and its facilities (HO)
Package ifvtex Info: VTeX not detected.
)
(/usr/share/texlive/texmf-dist/tex/generic/ifxetex/ifxetex.sty
Package: ifxetex 2010/09/12 v0.6 Provides ifxetex conditional
)
\Gm@cnth=\count90
\Gm@cntv=\count91
\c@Gm@tempcnt=\count92
\Gm@bindingoffset=\dimen104
\Gm@wd@mp=\dimen105
\Gm@odd@mp=\dimen106
\Gm@even@mp=\dimen107
\Gm@layoutwidth=\dimen108
\Gm@layoutheight=\dimen109
\Gm@layouthoffset=\dimen110
\Gm@layoutvoffset=\dimen111
\Gm@dimlist=\toks17
)
(/usr/share/texlive/texmf-dist/tex/latex/amsfonts/amssymb.sty
Package: amssymb 2013/01/14 v3.01 AMS font symbols

(/usr/share/texlive/texmf-dist/tex/latex/amsfonts/amsfonts.sty
Package: amsfonts 2013/01/14 v3.01 Basic AMSFonts support
\@emptytoks=\toks18
\symAMSa=\mathgroup4
\symAMSb=\mathgroup5
LaTeX Font Info:    Overwriting math alphabet `\mathfrak' in version `bold'
(Font)                  U/euf/m/n --> U/euf/b/n on input line 106.
))
(/usr/share/texlive/texmf-dist/tex/latex/amsmath/amsmath.sty
Package: amsmath 2017/09/02 v2.17a AMS math features
\@mathmargin=\skip55

For additional information on amsmath, use the `?' option.
(/usr/share/texlive/texmf-dist/tex/latex/amsmath/amstext.sty
Package: amstext 2000/06/29 v2.01 AMS text

(/usr/share/texlive/texmf-dist/tex/latex/amsmath/amsgen.sty
File: amsgen.sty 1999/11/30 v2.0 generic functions
\@emptytoks=\toks19
\ex@=\dimen112
))
(/usr/share/texlive/texmf-dist/tex/latex/amsmath/amsbsy.sty
Package: amsbsy 1999/11/29 v1.2d Bold Symbols
\pmbraise@=\dimen113
)
(/usr/share/texlive/texmf-dist/tex/latex/amsmath/amsopn.sty
Package: amsopn 2016/03/08 v2.02 operator names
)
\inf@bad=\count93
LaTeX Info: Redefining \frac on input line 213.
\uproot@=\count94
\leftroot@=\count95
LaTeX Info: Redefining \overline on input line 375.
\classnum@=\count96
\DOTSCASE@=\count97
LaTeX Info: Redefining \ldots on input line 472.
LaTeX Info: Redefining \dots on input line 475.
LaTeX Info: Redefining \cdots on input line 596.
\Mathstrutbox@=\box28
\strutbox@=\box29
\big@size=\dimen114
LaTeX Font Info:    Redeclaring font encoding OML on input line 712.
LaTeX Font Info:    Redeclaring font encoding OMS on input line 713.
\macc@depth=\count98
\c@MaxMatrixCols=\count99
\dotsspace@=\muskip10
\c@parentequation=\count100
\dspbrk@lvl=\count101
\tag@help=\toks20
\row@=\count102
\column@=\count103
\maxfields@=\count104
\andhelp@=\toks21
\eqnshift@=\dimen115
\alignsep@=\dimen116
\tagshift@=\dimen117
\tagwidth@=\dimen118
\totwidth@=\dimen119
\lineht@=\dimen120
\@envbody=\toks22
\multlinegap=\skip56
\multlinetaggap=\skip57
\mathdisplay@stack=\toks23
LaTeX Info: Redefining \[ on input line 2817.
LaTeX Info: Redefining \] on input line 2818.
)
(/usr/share/texlive/texmf-dist/tex/latex/csquotes/csquotes.sty
Package: csquotes 2018/02/11 v5.2c context-sensitive quotations (JAW)

(/usr/share/texlive/texmf-dist/tex/latex/etoolbox/etoolbox.sty
Package: etoolbox 2018/02/11 v2.5e e-TeX tools for LaTeX (JAW)
\etb@tempcnta=\count105
)
\csq@reset=\count106
\csq@gtype=\count107
\csq@glevel=\count108
\csq@qlevel=\count109
\csq@maxlvl=\count110
\csq@tshold=\count111
\csq@ltx@everypar=\toks24

(/usr/share/texlive/texmf-dist/tex/latex/csquotes/csquotes.def
File: csquotes.def 2018/02/11 v5.2c csquotes generic definitions (JAW)
)
Package csquotes Info: Trying to load configuration file 'csquotes.cfg'...
Package csquotes Info: ... configuration file loaded successfully.

(/usr/share/texlive/texmf-dist/tex/latex/csquotes/csquotes.cfg
File: csquotes.cfg 
))
(/usr/share/texlive/texmf-dist/tex/latex/pdfsync/pdfsync.sty
Package: pdfsync 2008/01/26 v1.1
)
(/usr/share/texlive/texmf-dist/tex/latex/tools/enumerate.sty
Package: enumerate 2015/07/23 v3.00 enumerate extensions (DPC)
\@enLab=\toks25
)
(/usr/share/texlive/texmf-dist/tex/latex/graphics/graphicx.sty
Package: graphicx 2017/06/01 v1.1a Enhanced LaTeX Graphics (DPC,SPQR)

(/usr/share/texlive/texmf-dist/tex/latex/graphics/graphics.sty
Package: graphics 2017/06/25 v1.2c Standard LaTeX Graphics (DPC,SPQR)

(/usr/share/texlive/texmf-dist/tex/latex/graphics/trig.sty
Package: trig 2016/01/03 v1.10 sin cos tan (DPC)
)
(/usr/share/texlive/texmf-dist/tex/latex/graphics-cfg/graphics.cfg
File: graphics.cfg 2016/06/04 v1.11 sample graphics configuration
)
Package graphics Info: Driver file: pdftex.def on input line 99.

(/usr/share/texlive/texmf-dist/tex/latex/graphics-def/pdftex.def
File: pdftex.def 2018/01/08 v1.0l Graphics/color driver for pdftex
))
\Gin@req@height=\dimen121
\Gin@req@width=\dimen122
)
(/usr/share/texlive/texmf-dist/tex/latex/qtree/qtree.sty
Package: 2008/12/12 v.3.1bQtree: tree-drawing for linguistics
Package: qtree 2008/12/12 v.3.1bQtree: tree-drawing for linguistics
(/usr/share/texlive/texmf-dist/tex/latex/pict2e/pict2e.sty
Package: pict2e 2016/02/05 v0.3b Improved picture commands (HjG,RN,JT)

(/usr/share/texlive/texmf-dist/tex/latex/pict2e/pict2e.cfg
File: pict2e.cfg 2016/02/05 v0.1u pict2e configuration for teTeX/TeXLive
)
Package pict2e Info: Driver file: pdftex.def on input line 119.
Package pict2e Info: Driver file for pict2e: p2e-pdftex.def on input line 121.

(/usr/share/texlive/texmf-dist/tex/latex/pict2e/p2e-pdftex.def
File: p2e-pdftex.def 2016/02/05 v0.1u Driver-dependant file (RN,HjG,JT)
)
\pIIe@GRAPH=\toks26
\@arclen=\dimen123
\@arcrad=\dimen124
\@tempdimd=\dimen125
)
\c@treecount=\count112
\c@branchcount=\count113
\parentbox=\box30
\treebox=\box31
\treeboxone=\box32
\treeboxtwo=\box33
\treeboxthree=\box34
\treeboxfour=\box35
\treeboxfive=\box36
\treeboxsix=\box37
\treeboxseven=\box38
\treeboxeight=\box39
\treeboxnine=\box40
\treeboxten=\box41
\treeboxeleven=\box42
\treeboxtwelve=\box43
\treeboxthirteen=\box44
\treeboxfourteen=\box45
\treeboxfifteen=\box46
\treeboxsixteen=\box47
\treeboxseventeen=\box48
\treeboxeighteen=\box49
\treeboxnineteen=\box50
\treeboxtwenty=\box51
\treeoffsetone=\skip58
\treeoffsettwo=\skip59
\treeoffsetthree=\skip60
\treeoffsetfour=\skip61
\treeoffsetfive=\skip62
\treeoffsetsix=\skip63
\treeoffsetseven=\skip64
\treeoffseteight=\skip65
\treeoffsetnine=\skip66
\treeoffsetten=\skip67
\treeoffseteleven=\skip68
\treeoffsettwelve=\skip69
\treeoffsetthirteen=\skip70
\treeoffsetfourteen=\skip71
\treeoffsetfifteen=\skip72
\treeoffsetsixteen=\skip73
\treeoffsetseventeen=\skip74
\treeoffseteighteen=\skip75
\treeoffsetnineteen=\skip76
\treeoffsettwenty=\skip77
\treeshiftone=\skip78
\treeshifttwo=\skip79
\treeshiftthree=\skip80
\treeshiftfour=\skip81
\treeshiftfive=\skip82
\treeshiftsix=\skip83
\treeshiftseven=\skip84
\treeshifteight=\skip85
\treeshiftnine=\skip86
\treeshiftten=\skip87
\treeshifteleven=\skip88
\treeshifttwelve=\skip89
\treeshiftthirteen=\skip90
\treeshiftfourteen=\skip91
\treeshiftfifteen=\skip92
\treeshiftsixteen=\skip93
\treeshiftseventeen=\skip94
\treeshifteighteen=\skip95
\treeshiftnineteen=\skip96
\treeshifttwenty=\skip97
\treewidthone=\skip98
\treewidthtwo=\skip99
\treewidththree=\skip100
\treewidthfour=\skip101
\treewidthfive=\skip102
\treewidthsix=\skip103
\treewidthseven=\skip104
\treewidtheight=\skip105
\treewidthnine=\skip106
\treewidthten=\skip107
\treewidtheleven=\skip108
\treewidthtwelve=\skip109
\treewidththirteen=\skip110
\treewidthfourteen=\skip111
\treewidthfifteen=\skip112
\treewidthsixteen=\skip113
\treewidthseventeen=\skip114
\treewidtheighteen=\skip115
\treewidthnineteen=\skip116
\treewidthtwenty=\skip117
\daughteroffsetone=\skip118
\daughteroffsettwo=\skip119
\daughteroffsetthree=\skip120
\daughteroffsetfour=\skip121
\branchwidthone=\skip122
\branchwidthtwo=\skip123
\branchwidththree=\skip124
\branchwidthfour=\skip125
\parentoffset=\skip126
\treeoffset=\skip127
\daughteroffset=\skip128
\branchwidth=\skip129
\parentwidth=\skip130
\treewidth=\skip131
\qta=\toks27
\qtb=\toks28
\nbranches=\count114
\qroofx=\count115
\qroofy=\count116
\@qrscratchbox=\box52
)
(/usr/share/texlive/texmf-dist/tex/latex/pdfpages/pdfpages.sty
Package: pdfpages 2017/10/31 v0.5l Insert pages of external PDF documents (AM)

(/usr/share/texlive/texmf-dist/tex/latex/base/ifthen.sty
Package: ifthen 2014/09/29 v1.1c Standard LaTeX ifthen package (DPC)
)
(/usr/share/texlive/texmf-dist/tex/latex/tools/calc.sty
Package: calc 2014/10/28 v4.3 Infix arithmetic (KKT,FJ)
\calc@Acount=\count117
\calc@Bcount=\count118
\calc@Adimen=\dimen126
\calc@Bdimen=\dimen127
\calc@Askip=\skip132
\calc@Bskip=\skip133
LaTeX Info: Redefining \setlength on input line 80.
LaTeX Info: Redefining \addtolength on input line 81.
\calc@Ccount=\count119
\calc@Cskip=\skip134
)
(/usr/share/texlive/texmf-dist/tex/latex/eso-pic/eso-pic.sty
Package: eso-pic 2015/07/21 v2.0g eso-pic (RN)

(/usr/share/texlive/texmf-dist/tex/generic/oberdiek/atbegshi.sty
Package: atbegshi 2016/06/09 v1.18 At begin shipout hook (HO)

(/usr/share/texlive/texmf-dist/tex/generic/oberdiek/infwarerr.sty
Package: infwarerr 2016/05/16 v1.4 Providing info/warning/error messages (HO)
)
(/usr/share/texlive/texmf-dist/tex/generic/oberdiek/ltxcmds.sty
Package: ltxcmds 2016/05/16 v1.23 LaTeX kernel commands for general use (HO)
))
(/usr/share/texlive/texmf-dist/tex/latex/xcolor/xcolor.sty
Package: xcolor 2016/05/11 v2.12 LaTeX color extensions (UK)

(/usr/share/texlive/texmf-dist/tex/latex/graphics-cfg/color.cfg
File: color.cfg 2016/01/02 v1.6 sample color configuration
)
Package xcolor Info: Driver file: pdftex.def on input line 225.
Package xcolor Info: Model `cmy' substituted by `cmy0' on input line 1348.
Package xcolor Info: Model `hsb' substituted by `rgb' on input line 1352.
Package xcolor Info: Model `RGB' extended on input line 1364.
Package xcolor Info: Model `HTML' substituted by `rgb' on input line 1366.
Package xcolor Info: Model `Hsb' substituted by `hsb' on input line 1367.
Package xcolor Info: Model `tHsb' substituted by `hsb' on input line 1368.
Package xcolor Info: Model `HSB' substituted by `hsb' on input line 1369.
Package xcolor Info: Model `Gray' substituted by `gray' on input line 1370.
Package xcolor Info: Model `wave' substituted by `hsb' on input line 1371.
))
\AM@pagewidth=\dimen128
\AM@pageheight=\dimen129

(/usr/share/texlive/texmf-dist/tex/latex/pdfpages/pppdftex.def
File: pppdftex.def 2017/10/31 v0.5l Pdfpages driver for pdfTeX (AM)
)
\AM@pagebox=\box53
\AM@global@opts=\toks29
\AM@toc@title=\toks30
\c@AM@survey=\count120
\AM@templatesizebox=\box54
)
(/usr/share/texlive/texmf-dist/tex/latex/hyperref/hyperref.sty
Package: hyperref 2018/02/06 v6.86b Hypertext links for LaTeX

(/usr/share/texlive/texmf-dist/tex/generic/oberdiek/hobsub-hyperref.sty
Package: hobsub-hyperref 2016/05/16 v1.14 Bundle oberdiek, subset hyperref (HO)


(/usr/share/texlive/texmf-dist/tex/generic/oberdiek/hobsub-generic.sty
Package: hobsub-generic 2016/05/16 v1.14 Bundle oberdiek, subset generic (HO)
Package: hobsub 2016/05/16 v1.14 Construct package bundles (HO)
Package hobsub Info: Skipping package `infwarerr' (already loaded).
Package hobsub Info: Skipping package `ltxcmds' (already loaded).
Package: ifluatex 2016/05/16 v1.4 Provides the ifluatex switch (HO)
Package ifluatex Info: LuaTeX not detected.
Package hobsub Info: Skipping package `ifvtex' (already loaded).
Package: intcalc 2016/05/16 v1.2 Expandable calculations with integers (HO)
Package hobsub Info: Skipping package `ifpdf' (already loaded).
Package: etexcmds 2016/05/16 v1.6 Avoid name clashes with e-TeX commands (HO)
Package etexcmds Info: Could not find \expanded.
(etexcmds)             That can mean that you are not using pdfTeX 1.50 or
(etexcmds)             that some package has redefined \expanded.
(etexcmds)             In the latter case, load this package earlier.
Package: kvsetkeys 2016/05/16 v1.17 Key value parser (HO)
Package: kvdefinekeys 2016/05/16 v1.4 Define keys (HO)
Package: pdftexcmds 2018/01/21 v0.26 Utility functions of pdfTeX for LuaTeX (HO
)
Package pdftexcmds Info: LuaTeX not detected.
Package pdftexcmds Info: \pdf@primitive is available.
Package pdftexcmds Info: \pdf@ifprimitive is available.
Package pdftexcmds Info: \pdfdraftmode found.
Package: pdfescape 2016/05/16 v1.14 Implements pdfTeX's escape features (HO)
Package: bigintcalc 2016/05/16 v1.4 Expandable calculations on big integers (HO
)
Package: bitset 2016/05/16 v1.2 Handle bit-vector datatype (HO)
Package: uniquecounter 2016/05/16 v1.3 Provide unlimited unique counter (HO)
)
Package hobsub Info: Skipping package `hobsub' (already loaded).
Package: letltxmacro 2016/05/16 v1.5 Let assignment for LaTeX macros (HO)
Package: hopatch 2016/05/16 v1.3 Wrapper for package hooks (HO)
Package: xcolor-patch 2016/05/16 xcolor patch
Package: atveryend 2016/05/16 v1.9 Hooks at the very end of document (HO)
Package hobsub Info: Skipping package `atbegshi' (already loaded).
Package: refcount 2016/05/16 v3.5 Data extraction from label references (HO)
Package: hycolor 2016/05/16 v1.8 Color options for hyperref/bookmark (HO)
)
(/usr/share/texlive/texmf-dist/tex/latex/oberdiek/auxhook.sty
Package: auxhook 2016/05/16 v1.4 Hooks for auxiliary files (HO)
)
(/usr/share/texlive/texmf-dist/tex/latex/oberdiek/kvoptions.sty
Package: kvoptions 2016/05/16 v3.12 Key value format for package options (HO)
)
\@linkdim=\dimen130
\Hy@linkcounter=\count121
\Hy@pagecounter=\count122

(/usr/share/texlive/texmf-dist/tex/latex/hyperref/pd1enc.def
File: pd1enc.def 2018/02/06 v6.86b Hyperref: PDFDocEncoding definition (HO)
Now handling font encoding PD1 ...
... no UTF-8 mapping file for font encoding PD1
)
\Hy@SavedSpaceFactor=\count123

(/usr/share/texlive/texmf-dist/tex/latex/latexconfig/hyperref.cfg
File: hyperref.cfg 2002/06/06 v1.2 hyperref configuration of TeXLive
)
Package hyperref Info: Hyper figures OFF on input line 4509.
Package hyperref Info: Link nesting OFF on input line 4514.
Package hyperref Info: Hyper index ON on input line 4517.
Package hyperref Info: Plain pages OFF on input line 4524.
Package hyperref Info: Backreferencing OFF on input line 4529.
Package hyperref Info: Implicit mode ON; LaTeX internals redefined.
Package hyperref Info: Bookmarks ON on input line 4762.
\c@Hy@tempcnt=\count124

(/usr/share/texlive/texmf-dist/tex/latex/url/url.sty
\Urlmuskip=\muskip11
Package: url 2013/09/16  ver 3.4  Verb mode for urls, etc.
)
LaTeX Info: Redefining \url on input line 5115.
\XeTeXLinkMargin=\dimen131
\Fld@menulength=\count125
\Field@Width=\dimen132
\Fld@charsize=\dimen133
Package hyperref Info: Hyper figures OFF on input line 6369.
Package hyperref Info: Link nesting OFF on input line 6374.
Package hyperref Info: Hyper index ON on input line 6377.
Package hyperref Info: backreferencing OFF on input line 6384.
Package hyperref Info: Link coloring OFF on input line 6389.
Package hyperref Info: Link coloring with OCG OFF on input line 6394.
Package hyperref Info: PDF/A mode OFF on input line 6399.
LaTeX Info: Redefining \ref on input line 6439.
LaTeX Info: Redefining \pageref on input line 6443.
\Hy@abspage=\count126
\c@Item=\count127
\c@Hfootnote=\count128
)
Package hyperref Info: Driver (autodetected): hpdftex.

(/usr/share/texlive/texmf-dist/tex/latex/hyperref/hpdftex.def
File: hpdftex.def 2018/02/06 v6.86b Hyperref driver for pdfTeX
\Fld@listcount=\count129
\c@bookmark@seq@number=\count130

(/usr/share/texlive/texmf-dist/tex/latex/oberdiek/rerunfilecheck.sty
Package: rerunfilecheck 2016/05/16 v1.8 Rerun checks for auxiliary files (HO)
Package uniquecounter Info: New unique counter `rerunfilecheck' on input line 2
82.
)
\Hy@SectionHShift=\skip135
)
Package hyperref Info: Option `colorlinks' set `false' on input line 21.
Package hyperref Info: Option `plainpages' set `false' on input line 21.


Class scrartcl Warning: Usage of package `fancyhdr' together
(scrartcl)              with a KOMA-Script class is not recommended.
(scrartcl)              I'd suggest to use 
(scrartcl)              package `scrlayer' or `scrlayer-scrpage', because
(scrartcl)              they support KOMA-Script classes.
(scrartcl)              With `fancyhdr' several features of class `scrartcl'
(scrartcl)              like options `headsepline', `footsepline' or command
(scrartcl)              `\MakeMarkcase' and the commands `\setkomafont' and
(scrartcl)              `\addtokomafont' for the page style elements need
(scrartcl)              explicite user intervention to work.
(scrartcl)              Nevertheless, using requested
(scrartcl)              package `fancyhdr' on input line 23.

(/usr/share/texlive/texmf-dist/tex/latex/fancyhdr/fancyhdr.sty
Package: fancyhdr 2017/06/30 v3.9a Extensive control of page headers and footer
s
\f@nch@headwidth=\skip136
\f@nch@O@elh=\skip137
\f@nch@O@erh=\skip138
\f@nch@O@olh=\skip139
\f@nch@O@orh=\skip140
\f@nch@O@elf=\skip141
\f@nch@O@erf=\skip142
\f@nch@O@olf=\skip143
\f@nch@O@orf=\skip144
)
Package csquotes Info: Checking for multilingual support...
Package csquotes Info: ... found 'babel' package.
Package csquotes Info: Adjusting default style.
Package csquotes Info: Redefining alias 'default' -> 'ngerman'.

(./anschrift2.aux)
\openout1 = `anschrift2.aux'.

LaTeX Font Info:    Checking defaults for OML/cmm/m/it on input line 26.
LaTeX Font Info:    ... okay on input line 26.
LaTeX Font Info:    Checking defaults for T1/cmr/m/n on input line 26.
LaTeX Font Info:    ... okay on input line 26.
LaTeX Font Info:    Checking defaults for OT1/cmr/m/n on input line 26.
LaTeX Font Info:    ... okay on input line 26.
LaTeX Font Info:    Checking defaults for OMS/cmsy/m/n on input line 26.
LaTeX Font Info:    ... okay on input line 26.
LaTeX Font Info:    Checking defaults for OMX/cmex/m/n on input line 26.
LaTeX Font Info:    ... okay on input line 26.
LaTeX Font Info:    Checking defaults for U/cmr/m/n on input line 26.
LaTeX Font Info:    ... okay on input line 26.
LaTeX Font Info:    Checking defaults for PD1/pdf/m/n on input line 26.
LaTeX Font Info:    ... okay on input line 26.

*geometry* driver: auto-detecting
*geometry* detected driver: pdftex
*geometry* verbose mode - [ preamble ] result:
* driver: pdftex
* paper: a4paper
* layout: <same size as paper>
* layoutoffset:(h,v)=(0.0pt,0.0pt)
* modes: 
* h-part:(L,W,R)=(89.62709pt, 418.25368pt, 89.6271pt)
* v-part:(T,H,B)=(72.26999pt, 700.50687pt, 72.26999pt)
* \paperwidth=597.50787pt
* \paperheight=845.04684pt
* \textwidth=418.25368pt
* \textheight=700.50687pt
* \oddsidemargin=17.3571pt
* \evensidemargin=17.3571pt
* \topmargin=-37.40001pt
* \headheight=17.0pt
* \headsep=20.40001pt
* \topskip=11.0pt
* \footskip=47.6pt
* \marginparwidth=59.7508pt
* \marginparsep=12.8401pt
* \columnsep=10.0pt
* \skip\footins=10.0pt plus 4.0pt minus 2.0pt
* \hoffset=0.0pt
* \voffset=0.0pt
* \mag=1000
* \@twocolumnfalse
* \@twosidefalse
* \@mparswitchfalse
* \@reversemarginfalse
* (1in=72.27pt=25.4mm, 1cm=28.453pt)

Configuring pdfsync
\PDFSYNC@ut=\write3
\openout3 = `anschrift2.pdfsync'.

\PDFSYNCf@li@=\count131
\PDFSYNC@rder=\count132
**** pdfsync.sty: Synchronizing at \everypar
\PDFSYNCeveryp@r=\toks31
**** pdfsync.sty: Synchronizing at \everymath
\PDFSYNCeverym@th=\toks32
**** pdfsync.sty: Synchronizing at \everyhbox
\PDFSYNCeveryhb@x=\toks33
**** pdfsync.sty: Synchronizing at \everyvbox
\PDFSYNCeveryvb@x=\toks34
**** pdfsync.sty: started
(/usr/share/texlive/texmf-dist/tex/context/base/mkii/supp-pdf.mkii
[Loading MPS to PDF converter (version 2006.09.02).]
\scratchcounter=\count133
\scratchdimen=\dimen134
\scratchbox=\box55
\nofMPsegments=\count134
\nofMParguments=\count135
\everyMPshowfont=\toks35
\MPscratchCnt=\count136
\MPscratchDim=\dimen135
\MPnumerator=\count137
\makeMPintoPDFobject=\count138
\everyMPtoPDFconversion=\toks36
) (/usr/share/texlive/texmf-dist/tex/latex/oberdiek/epstopdf-base.sty
Package: epstopdf-base 2016/05/15 v2.6 Base part for package epstopdf

(/usr/share/texlive/texmf-dist/tex/latex/oberdiek/grfext.sty
Package: grfext 2016/05/16 v1.2 Manage graphics extensions (HO)
)
Package epstopdf-base Info: Redefining graphics rule for `.eps' on input line 4
38.
Package grfext Info: Graphics extension search list:
(grfext)             [.pdf,.png,.jpg,.mps,.jpeg,.jbig2,.jb2,.PDF,.PNG,.JPG,.JPE
G,.JBIG2,.JB2,.eps]
(grfext)             \AppendGraphicsExtensions on input line 456.

(/usr/share/texlive/texmf-dist/tex/latex/latexconfig/epstopdf-sys.cfg
File: epstopdf-sys.cfg 2010/07/13 v1.3 Configuration of (r)epstopdf for TeX Liv
e
))
\AtBeginShipoutBox=\box56

(/usr/share/texlive/texmf-dist/tex/latex/oberdiek/pdflscape.sty
Package: pdflscape 2016/05/14 v0.11 Display of landscape pages in PDF (HO)

(/usr/share/texlive/texmf-dist/tex/latex/graphics/lscape.sty
Package: lscape 2000/10/22 v3.01 Landscape Pages (DPC)
)
Package pdflscape Info: Auto-detected driver: pdftex on input line 81.
)
Package hyperref Info: Link coloring OFF on input line 26.

(/usr/share/texlive/texmf-dist/tex/latex/hyperref/nameref.sty
Package: nameref 2016/05/21 v2.44 Cross-referencing by name of section

(/usr/share/texlive/texmf-dist/tex/generic/oberdiek/gettitlestring.sty
Package: gettitlestring 2016/05/16 v1.5 Cleanup title references (HO)
)
\c@section@level=\count139
)
LaTeX Info: Redefining \ref on input line 26.
LaTeX Info: Redefining \pageref on input line 26.
LaTeX Info: Redefining \nameref on input line 26.

(./anschrift2.out) (./anschrift2.out)
\@outlinefile=\write4
\openout4 = `anschrift2.out'.

LaTeX Font Info:    Try loading font information for T1+aess on input line 28.

(/usr/share/texlive/texmf-dist/tex/latex/ae/t1aess.fd
File: t1aess.fd 1997/11/16 Font definitions for T1/aess.
)
LaTeX Font Info:    Try loading font information for OMS+aer on input line 30.

(/usr/share/texmf/tex/latex/R/tex/latex/omsaer.fd
File: omsaer.fd 1999/12/27
)
LaTeX Font Info:    Font shape `OMS/aer/m/n' in size <10.95> not available
(Font)              Font shape `OMS/cmsy/m/n' tried instead on input line 30.
LaTeX Font Info:    Try loading font information for U+msa on input line 39.

(/usr/share/texlive/texmf-dist/tex/latex/amsfonts/umsa.fd
File: umsa.fd 2013/01/14 v3.01 AMS symbols A
)
LaTeX Font Info:    Try loading font information for U+msb on input line 39.

(/usr/share/texlive/texmf-dist/tex/latex/amsfonts/umsb.fd
File: umsb.fd 2013/01/14 v3.01 AMS symbols B
)
Package babel Info: Redefining ngerman shorthand "|
(babel)             in language  on input line 47.
Package babel Info: Redefining ngerman shorthand "~
(babel)             in language  on input line 47.
Package babel Info: Redefining ngerman shorthand "|
(babel)             in language  on input line 48.
Package babel Info: Redefining ngerman shorthand "~
(babel)             in language  on input line 48.
Package babel Info: Redefining ngerman shorthand "|
(babel)             in language  on input line 69.
Package babel Info: Redefining ngerman shorthand "~
(babel)             in language  on input line 69.
Package babel Info: Redefining ngerman shorthand "|
(babel)             in language  on input line 69.
Package babel Info: Redefining ngerman shorthand "~
(babel)             in language  on input line 69.
 [1{/var/lib/texmf/fonts/map/pdftex/updmap/pdftex.map}

]
Overfull \hbox (58.93735pt too wide) detected at line 96
[][][]
 []

Package babel Info: Redefining ngerman shorthand "|
(babel)             in language  on input line 96.
Package babel Info: Redefining ngerman shorthand "~
(babel)             in language  on input line 96.
Package babel Info: Redefining ngerman shorthand "|
(babel)             in language  on input line 96.
Package babel Info: Redefining ngerman shorthand "~
(babel)             in language  on input line 96.
[2]
Package babel Info: Redefining ngerman shorthand "|
(babel)             in language  on input line 104.
Package babel Info: Redefining ngerman shorthand "~
(babel)             in language  on input line 104.
Package babel Info: Redefining ngerman shorthand "|
(babel)             in language  on input line 114.
Package babel Info: Redefining ngerman shorthand "~
(babel)             in language  on input line 114.
Package babel Info: Redefining ngerman shorthand "|
(babel)             in language  on input line 118.
Package babel Info: Redefining ngerman shorthand "~
(babel)             in language  on input line 118.
Package babel Info: Redefining ngerman shorthand "|
(babel)             in language  on input line 118.
Package babel Info: Redefining ngerman shorthand "~
(babel)             in language  on input line 118.
 [3]
Package babel Info: Redefining ngerman shorthand "|
(babel)             in language  on input line 120.
Package babel Info: Redefining ngerman shorthand "~
(babel)             in language  on input line 120.
Package babel Info: Redefining ngerman shorthand "|
(babel)             in language  on input line 125.
Package babel Info: Redefining ngerman shorthand "~
(babel)             in language  on input line 125.
Package babel Info: Redefining ngerman shorthand "|
(babel)             in language  on input line 130.
Package babel Info: Redefining ngerman shorthand "~
(babel)             in language  on input line 130.
Package babel Info: Redefining ngerman shorthand "|
(babel)             in language  on input line 138.
Package babel Info: Redefining ngerman shorthand "~
(babel)             in language  on input line 138.
Package babel Info: Redefining ngerman shorthand "|
(babel)             in language  on input line 150.
Package babel Info: Redefining ngerman shorthand "~
(babel)             in language  on input line 150.
Package babel Info: Redefining ngerman shorthand "|
(babel)             in language  on input line 150.
Package babel Info: Redefining ngerman shorthand "~
(babel)             in language  on input line 150.
 [4]
Package babel Info: Redefining ngerman shorthand "|
(babel)             in language  on input line 167.
Package babel Info: Redefining ngerman shorthand "~
(babel)             in language  on input line 167.
<Bilder/Klassik_Kreislauf_Diagramm_Anschrift.jpg, id=207, 505.4082pt x 309.5565
pt>
File: Bilder/Klassik_Kreislauf_Diagramm_Anschrift.jpg Graphic file (type jpg)
<use Bilder/Klassik_Kreislauf_Diagramm_Anschrift.jpg>
Package pdftex.def Info: Bilder/Klassik_Kreislauf_Diagramm_Anschrift.jpg  used 
on input line 168.
(pdftex.def)             Requested size: 418.25368pt x 256.17136pt.
Package babel Info: Redefining ngerman shorthand "|
(babel)             in language  on input line 183.
Package babel Info: Redefining ngerman shorthand "~
(babel)             in language  on input line 183.
Package babel Info: Redefining ngerman shorthand "|
(babel)             in language  on input line 183.
Package babel Info: Redefining ngerman shorthand "~
(babel)             in language  on input line 183.
 [5 <./Bilder/Klassik_Kreislauf_Diagramm_Anschrift.jpg>]
Package babel Info: Redefining ngerman shorthand "|
(babel)             in language  on input line 185.
Package babel Info: Redefining ngerman shorthand "~
(babel)             in language  on input line 185.
Package babel Info: Redefining ngerman shorthand "|
(babel)             in language  on input line 196.
Package babel Info: Redefining ngerman shorthand "~
(babel)             in language  on input line 196.

Overfull \hbox (50.22885pt too wide) detected at line 199
[][][]
 []

Package babel Info: Redefining ngerman shorthand "|
(babel)             in language  on input line 222.
Package babel Info: Redefining ngerman shorthand "~
(babel)             in language  on input line 222.
Package babel Info: Redefining ngerman shorthand "|
(babel)             in language  on input line 229.
Package babel Info: Redefining ngerman shorthand "~
(babel)             in language  on input line 229.
Package babel Info: Redefining ngerman shorthand "|
(babel)             in language  on input line 229.
Package babel Info: Redefining ngerman shorthand "~
(babel)             in language  on input line 229.
[6]
Package babel Info: Redefining ngerman shorthand "|
(babel)             in language  on input line 244.
Package babel Info: Redefining ngerman shorthand "~
(babel)             in language  on input line 244.
Package babel Info: Redefining ngerman shorthand "|
(babel)             in language  on input line 245.
Package babel Info: Redefining ngerman shorthand "~
(babel)             in language  on input line 245.
Package babel Info: Redefining ngerman shorthand "|
(babel)             in language  on input line 253.
Package babel Info: Redefining ngerman shorthand "~
(babel)             in language  on input line 253.
Package babel Info: Redefining ngerman shorthand "|
(babel)             in language  on input line 253.
Package babel Info: Redefining ngerman shorthand "~
(babel)             in language  on input line 253.
 [7]
Package babel Info: Redefining ngerman shorthand "|
(babel)             in language  on input line 283.
Package babel Info: Redefining ngerman shorthand "~
(babel)             in language  on input line 283.
Package babel Info: Redefining ngerman shorthand "|
(babel)             in language  on input line 283.
Package babel Info: Redefining ngerman shorthand "~
(babel)             in language  on input line 283.
 [8]
<Bilder/Klassik_Arbeitsmarkt.pdf, id=250, 574.47638pt x 628.42175pt>
File: Bilder/Klassik_Arbeitsmarkt.pdf Graphic file (type pdf)
<use Bilder/Klassik_Arbeitsmarkt.pdf>
Package pdftex.def Info: Bilder/Klassik_Arbeitsmarkt.pdf  used on input line 29
3.
(pdftex.def)             Requested size: 209.12683pt x 228.76312pt.
Package babel Info: Redefining ngerman shorthand "|
(babel)             in language  on input line 302.
Package babel Info: Redefining ngerman shorthand "~
(babel)             in language  on input line 302.
Package babel Info: Redefining ngerman shorthand "|
(babel)             in language  on input line 302.
Package babel Info: Redefining ngerman shorthand "~
(babel)             in language  on input line 302.
 [9 <./Bilder/Klassik_Arbeitsmarkt.pdf>]
Underfull \hbox (badness 10000) in paragraph at lines 318--324

 []


Overfull \hbox (6.57458pt too wide) in paragraph at lines 331--332
[][][]\T1/aer/m/n/10.95 Ausgestaltung von f folgt aus der Quan-ti-tts-glei-chu
ng: $[][]\OML/cmm/m/it/10.95 P \OT1/cmr/m/n/10.95 = [] \OML/cmm/m/it/10.95 M$ 
 []

Package babel Info: Redefining ngerman shorthand "|
(babel)             in language  on input line 341.
Package babel Info: Redefining ngerman shorthand "~
(babel)             in language  on input line 341.
Package babel Info: Redefining ngerman shorthand "|
(babel)             in language  on input line 341.
Package babel Info: Redefining ngerman shorthand "~
(babel)             in language  on input line 341.
[10]
<Bilder/Klassik_AS_Flex.pdf, id=266, 1228.59pt x 794.97pt>
File: Bilder/Klassik_AS_Flex.pdf Graphic file (type pdf)
<use Bilder/Klassik_AS_Flex.pdf>
Package pdftex.def Info: Bilder/Klassik_AS_Flex.pdf  used on input line 343.
(pdftex.def)             Requested size: 418.25368pt x 270.638pt.
<Bilder/Klassik_AS_Fix.pdf, id=267, 846.16125pt x 600.2425pt>
File: Bilder/Klassik_AS_Fix.pdf Graphic file (type pdf)
<use Bilder/Klassik_AS_Fix.pdf>
Package pdftex.def Info: Bilder/Klassik_AS_Fix.pdf  used on input line 345.
(pdftex.def)             Requested size: 418.25368pt x 296.69505pt.

Overfull \hbox (27.37506pt too wide) in paragraph at lines 342--346
[] 
 []


Overfull \hbox (27.37506pt too wide) in paragraph at lines 342--346
[] 
 []


Underfull \hbox (badness 10000) in paragraph at lines 342--346

 []

Package babel Info: Redefining ngerman shorthand "|
(babel)             in language  on input line 346.
Package babel Info: Redefining ngerman shorthand "~
(babel)             in language  on input line 346.
Package babel Info: Redefining ngerman shorthand "|
(babel)             in language  on input line 346.
Package babel Info: Redefining ngerman shorthand "~
(babel)             in language  on input line 346.
[11 <./Bilder/Klassik_AS_Flex.pdf, page is rotated 270 degrees>]
Overfull \hbox (92.77736pt too wide) detected at line 355
[][][]
 []

<Bilder/Klassik_Gesamt.pdf, id=276, 597.6729pt x 845.19763pt>
File: Bilder/Klassik_Gesamt.pdf Graphic file (type pdf)
<use Bilder/Klassik_Gesamt.pdf>
Package pdftex.def Info: Bilder/Klassik_Gesamt.pdf  used on input line 364.
(pdftex.def)             Requested size: 313.69025pt x 443.60645pt.
Package babel Info: Redefining ngerman shorthand "|
(babel)             in language  on input line 366.
Package babel Info: Redefining ngerman shorthand "~
(babel)             in language  on input line 366.
Package babel Info: Redefining ngerman shorthand "|
(babel)             in language  on input line 366.
Package babel Info: Redefining ngerman shorthand "~
(babel)             in language  on input line 366.
[12 <./Bilder/Klassik_AS_Fix.pdf, page is rotated 270 degrees>]
Overfull \hbox (11.52173pt too wide) in paragraph at lines 367--368
[][][]\T1/aer/m/n/10.95 Produktionsfunktion: Ka-pi-tal-ver-bes-se-rung, Tech-no
-lo-gie-ni-veau-ver-bes-se-rung oder
 []


Overfull \hbox (7.86465pt too wide) in paragraph at lines 369--370
[][][]\T1/aer/m/n/10.95 Gterangebotsfunktion: Ana-log zur Pro-duk-ti-ons-funk-
ti-on, al-ler-dings nach rechts
 []

Package babel Info: Redefining ngerman shorthand "|
(babel)             in language  on input line 382.
Package babel Info: Redefining ngerman shorthand "~
(babel)             in language  on input line 382.
Package babel Info: Redefining ngerman shorthand "|
(babel)             in language  on input line 382.
Package babel Info: Redefining ngerman shorthand "~
(babel)             in language  on input line 382.
[13 <./Bilder/Klassik_Gesamt.pdf, page is rotated 90 degrees>]

pdfTeX warning: /usr/bin/pdflatex (file ./Bilder/Klassik_Crowding_Out.pdf): PDF
 inclusion: found PDF version <1.6>, but at most version <1.5> allowed
<Bilder/Klassik_Crowding_Out.pdf, id=293, 277.035pt x 220.825pt>
File: Bilder/Klassik_Crowding_Out.pdf Graphic file (type pdf)
<use Bilder/Klassik_Crowding_Out.pdf>
Package pdftex.def Info: Bilder/Klassik_Crowding_Out.pdf  used on input line 39
0.
(pdftex.def)             Requested size: 209.12683pt x 166.69658pt.
Package babel Info: Redefining ngerman shorthand "|
(babel)             in language  on input line 412.
Package babel Info: Redefining ngerman shorthand "~
(babel)             in language  on input line 412.
Package babel Info: Redefining ngerman shorthand "|
(babel)             in language  on input line 412.
Package babel Info: Redefining ngerman shorthand "~
(babel)             in language  on input line 412.
[14 <./Bilder/Klassik_Crowding_Out.pdf>]
Package babel Info: Redefining ngerman shorthand "|
(babel)             in language  on input line 413.
Package babel Info: Redefining ngerman shorthand "~
(babel)             in language  on input line 413.
Package babel Info: Redefining ngerman shorthand "|
(babel)             in language  on input line 419.
Package babel Info: Redefining ngerman shorthand "~
(babel)             in language  on input line 419.
<Bilder/Klassik_Kassenhaltung_Flex.pdf, id=306, 610.28pt x 600.2425pt>
File: Bilder/Klassik_Kassenhaltung_Flex.pdf Graphic file (type pdf)
<use Bilder/Klassik_Kassenhaltung_Flex.pdf>
Package pdftex.def Info: Bilder/Klassik_Kassenhaltung_Flex.pdf  used on input l
ine 420.
(pdftex.def)             Requested size: 313.69025pt x 308.53758pt.
<Bilder/Klassik_Kassenhaltung_Fix.pdf, id=307, 610.28pt x 600.2425pt>
File: Bilder/Klassik_Kassenhaltung_Fix.pdf Graphic file (type pdf)
<use Bilder/Klassik_Kassenhaltung_Fix.pdf>
Package pdftex.def Info: Bilder/Klassik_Kassenhaltung_Fix.pdf  used on input li
ne 422.
(pdftex.def)             Requested size: 313.69025pt x 308.53758pt.
Package babel Info: Redefining ngerman shorthand "|
(babel)             in language  on input line 424.
Package babel Info: Redefining ngerman shorthand "~
(babel)             in language  on input line 424.
Package babel Info: Redefining ngerman shorthand "|
(babel)             in language  on input line 424.
Package babel Info: Redefining ngerman shorthand "~
(babel)             in language  on input line 424.
 [15 <./Bilder/Klassik_Kassenhaltung_Flex.pdf>]
Package babel Info: Redefining ngerman shorthand "|
(babel)             in language  on input line 425.
Package babel Info: Redefining ngerman shorthand "~
(babel)             in language  on input line 425.
<Bilder/Klassik_Nominallohn_Flex.pdf, id=317, 600.2425pt x 671.50874pt>
File: Bilder/Klassik_Nominallohn_Flex.pdf Graphic file (type pdf)
<use Bilder/Klassik_Nominallohn_Flex.pdf>
Package pdftex.def Info: Bilder/Klassik_Nominallohn_Flex.pdf  used on input lin
e 426.
(pdftex.def)             Requested size: 313.69025pt x 350.93869pt.
<Bilder/Klassik_Nominallohn_Fix.pdf, id=318, 600.2425pt x 719.68875pt>
File: Bilder/Klassik_Nominallohn_Fix.pdf Graphic file (type pdf)
<use Bilder/Klassik_Nominallohn_Fix.pdf>
Package pdftex.def Info: Bilder/Klassik_Nominallohn_Fix.pdf  used on input line
 428.
(pdftex.def)             Requested size: 313.69025pt x 376.11815pt.
Package babel Info: Redefining ngerman shorthand "|
(babel)             in language  on input line 431.
Package babel Info: Redefining ngerman shorthand "~
(babel)             in language  on input line 431.
Package babel Info: Redefining ngerman shorthand "|
(babel)             in language  on input line 431.
Package babel Info: Redefining ngerman shorthand "~
(babel)             in language  on input line 431.
 [16 <./Bilder/Klassik_Kassenhaltung_Fix.pdf>]
Package babel Info: Redefining ngerman shorthand "|
(babel)             in language  on input line 431.
Package babel Info: Redefining ngerman shorthand "~
(babel)             in language  on input line 431.
Package babel Info: Redefining ngerman shorthand "|
(babel)             in language  on input line 431.
Package babel Info: Redefining ngerman shorthand "~
(babel)             in language  on input line 431.
 [17 <./Bilder/Klassik_Nominallohn_Flex.pdf>]
Package babel Info: Redefining ngerman shorthand "|
(babel)             in language  on input line 431.
Package babel Info: Redefining ngerman shorthand "~
(babel)             in language  on input line 431.
<Bilder/Klassik_Kapitalstock_Flex.pdf, id=334, 600.2425pt x 626.34pt>
File: Bilder/Klassik_Kapitalstock_Flex.pdf Graphic file (type pdf)
<use Bilder/Klassik_Kapitalstock_Flex.pdf>
Package pdftex.def Info: Bilder/Klassik_Kapitalstock_Flex.pdf  used on input li
ne 432.
(pdftex.def)             Requested size: 313.69025pt x 327.33295pt.
<Bilder/Klassik_Kapitalstock_Fix.pdf, id=335, 614.295pt x 794.97pt>
File: Bilder/Klassik_Kapitalstock_Fix.pdf Graphic file (type pdf)
<use Bilder/Klassik_Kapitalstock_Fix.pdf>
Package pdftex.def Info: Bilder/Klassik_Kapitalstock_Fix.pdf  used on input lin
e 434.
(pdftex.def)             Requested size: 313.69025pt x 405.95094pt.
Package babel Info: Redefining ngerman shorthand "|
(babel)             in language  on input line 437.
Package babel Info: Redefining ngerman shorthand "~
(babel)             in language  on input line 437.
Package babel Info: Redefining ngerman shorthand "|
(babel)             in language  on input line 437.
Package babel Info: Redefining ngerman shorthand "~
(babel)             in language  on input line 437.
 [18 <./Bilder/Klassik_Nominallohn_Fix.pdf>]
Package babel Info: Redefining ngerman shorthand "|
(babel)             in language  on input line 437.
Package babel Info: Redefining ngerman shorthand "~
(babel)             in language  on input line 437.
Package babel Info: Redefining ngerman shorthand "|
(babel)             in language  on input line 437.
Package babel Info: Redefining ngerman shorthand "~
(babel)             in language  on input line 437.
 [19 <./Bilder/Klassik_Kapitalstock_Flex.pdf>]
Package babel Info: Redefining ngerman shorthand "|
(babel)             in language  on input line 437.
Package babel Info: Redefining ngerman shorthand "~
(babel)             in language  on input line 437.
Package babel Info: Redefining ngerman shorthand "|
(babel)             in language  on input line 449.
Package babel Info: Redefining ngerman shorthand "~
(babel)             in language  on input line 449.
Package babel Info: Redefining ngerman shorthand "|
(babel)             in language  on input line 449.
Package babel Info: Redefining ngerman shorthand "~
(babel)             in language  on input line 449.
 [20 <./Bilder/Klassik_Kapitalstock_Fix.pdf>]
Package babel Info: Redefining ngerman shorthand "|
(babel)             in language  on input line 484.
Package babel Info: Redefining ngerman shorthand "~
(babel)             in language  on input line 484.
Package babel Info: Redefining ngerman shorthand "|
(babel)             in language  on input line 485.
Package babel Info: Redefining ngerman shorthand "~
(babel)             in language  on input line 485.
Package babel Info: Redefining ngerman shorthand "|
(babel)             in language  on input line 489.
Package babel Info: Redefining ngerman shorthand "~
(babel)             in language  on input line 489.
Package babel Info: Redefining ngerman shorthand "|
(babel)             in language  on input line 489.
Package babel Info: Redefining ngerman shorthand "~
(babel)             in language  on input line 489.

[21]

pdfTeX warning: /usr/bin/pdflatex (file ./Bilder/Keynes_Effektive_Nachfrage.pdf
): PDF inclusion: found PDF version <1.6>, but at most version <1.5> allowed
<Bilder/Keynes_Effektive_Nachfrage.pdf, id=402, 570.27875pt x 421.79561pt>
File: Bilder/Keynes_Effektive_Nachfrage.pdf Graphic file (type pdf)
<use Bilder/Keynes_Effektive_Nachfrage.pdf>
Package pdftex.def Info: Bilder/Keynes_Effektive_Nachfrage.pdf  used on input l
ine 505.
(pdftex.def)             Requested size: 418.25368pt x 309.36278pt.

Overfull \hbox (43.53694pt too wide) in paragraph at lines 502--506
[] 
 []

Package babel Info: Redefining ngerman shorthand "|
(babel)             in language  on input line 512.
Package babel Info: Redefining ngerman shorthand "~
(babel)             in language  on input line 512.
Package babel Info: Redefining ngerman shorthand "|
(babel)             in language  on input line 512.
Package babel Info: Redefining ngerman shorthand "~
(babel)             in language  on input line 512.
[22 <./Bilder/Keynes_Effektive_Nachfrage.pdf, page is rotated 90 degrees>]
Overfull \hbox (23.5619pt too wide) in paragraph at lines 516--520
\T1/aer/m/n/10.95 zu-stz-li-chen Ein-heit Ka-pi-tal ab: $[][]\OML/cmm/m/it/10.
95 I \OT1/cmr/m/n/10.95 = \OML/cmm/m/it/10.95 I\OT1/cmr/m/n/10.95 ([]) = [] \OM
S/cmsy/m/n/10.95 ^^@\OML/cmm/m/it/10.95 b []$\T1/aer/m/n/10.95 . 
 []


Overfull \hbox (1.9287pt too wide) in paragraph at lines 532--534
\T1/aer/bx/n/10.95 Permanente Ein-kom-mens-hy-po-the-se: \T1/aer/m/n/10.95 Kon-
sum-ver-hal-ten ori-en-tiert sich am durch-
 []



pdfTeX warning: /usr/bin/pdflatex (file ./Bilder/Keynes_Sparfunktion.pdf): PDF 
inclusion: found PDF version <1.6>, but at most version <1.5> allowed
<Bilder/Keynes_Sparfunktion.pdf, id=411, 352.02043pt x 540.69202pt>
File: Bilder/Keynes_Sparfunktion.pdf Graphic file (type pdf)
<use Bilder/Keynes_Sparfunktion.pdf>
Package pdftex.def Info: Bilder/Keynes_Sparfunktion.pdf  used on input line 544
.
(pdftex.def)             Requested size: 292.77629pt x 449.71478pt.
Package babel Info: Redefining ngerman shorthand "|
(babel)             in language  on input line 545.
Package babel Info: Redefining ngerman shorthand "~
(babel)             in language  on input line 545.
Package babel Info: Redefining ngerman shorthand "|
(babel)             in language  on input line 545.
Package babel Info: Redefining ngerman shorthand "~
(babel)             in language  on input line 545.
[23]

pdfTeX warning: /usr/bin/pdflatex (file ./Bilder/Keynes_IS_GG1.pdf): PDF inclus
ion: found PDF version <1.6>, but at most version <1.5> allowed
<Bilder/Keynes_IS_GG1.pdf, id=424, 349.42676pt x 283.23918pt>
File: Bilder/Keynes_IS_GG1.pdf Graphic file (type pdf)
<use Bilder/Keynes_IS_GG1.pdf>
Package pdftex.def Info: Bilder/Keynes_IS_GG1.pdf  used on input line 558.
(pdftex.def)             Requested size: 209.12683pt x 169.51262pt.
Package babel Info: Redefining ngerman shorthand "|
(babel)             in language  on input line 559.
Package babel Info: Redefining ngerman shorthand "~
(babel)             in language  on input line 559.
Package babel Info: Redefining ngerman shorthand "|
(babel)             in language  on input line 559.
Package babel Info: Redefining ngerman shorthand "~
(babel)             in language  on input line 559.
[24 <./Bilder/Keynes_Sparfunktion.pdf>]

pdfTeX warning: /usr/bin/pdflatex (file ./Bilder/Keynes_IS_GG2.pdf): PDF inclus
ion: found PDF version <1.6>, but at most version <1.5> allowed
<Bilder/Keynes_IS_GG2.pdf, id=438, 302.01775pt x 220.01196pt>
File: Bilder/Keynes_IS_GG2.pdf Graphic file (type pdf)
<use Bilder/Keynes_IS_GG2.pdf>
Package pdftex.def Info: Bilder/Keynes_IS_GG2.pdf  used on input line 566.
(pdftex.def)             Requested size: 209.12683pt x 152.3422pt.


pdfTeX warning: /usr/bin/pdflatex (file ./Bilder/Keynes_Multiplikator.pdf): PDF
 inclusion: found PDF version <1.6>, but at most version <1.5> allowed
<Bilder/Keynes_Multiplikator.pdf, id=439, 545.56079pt x 331.53862pt>
File: Bilder/Keynes_Multiplikator.pdf Graphic file (type pdf)
<use Bilder/Keynes_Multiplikator.pdf>
Package pdftex.def Info: Bilder/Keynes_Multiplikator.pdf  used on input line 58
0.
(pdftex.def)             Requested size: 418.25368pt x 254.1827pt.

Overfull \hbox (19.44691pt too wide) in paragraph at lines 580--581
 [] 
 []

Package babel Info: Redefining ngerman shorthand "|
(babel)             in language  on input line 581.
Package babel Info: Redefining ngerman shorthand "~
(babel)             in language  on input line 581.
Package babel Info: Redefining ngerman shorthand "|
(babel)             in language  on input line 581.
Package babel Info: Redefining ngerman shorthand "~
(babel)             in language  on input line 581.
[25 <./Bilder/Keynes_IS_GG1.pdf> <./Bilder/Keynes_IS_GG2.pdf

pdfTeX warning: /usr/bin/pdflatex (file ./Bilder/Keynes_IS_GG2.pdf): PDF inclus
ion: multiple pdfs with page group included in a single page
>]
Overfull \hbox (57.7325pt too wide) detected at line 588
[][][]
 []



pdfTeX warning: /usr/bin/pdflatex (file ./Bilder/Keynes_Multiplikator_Grafisch.
pdf): PDF inclusion: found PDF version <1.6>, but at most version <1.5> allowed

<Bilder/Keynes_Multiplikator_Grafisch.pdf, id=462, 327.96024pt x 274.29475pt>
File: Bilder/Keynes_Multiplikator_Grafisch.pdf Graphic file (type pdf)
<use Bilder/Keynes_Multiplikator_Grafisch.pdf>
Package pdftex.def Info: Bilder/Keynes_Multiplikator_Grafisch.pdf  used on inpu
t line 590.
(pdftex.def)             Requested size: 209.12683pt x 174.90767pt.
Package babel Info: Redefining ngerman shorthand "|
(babel)             in language  on input line 594.
Package babel Info: Redefining ngerman shorthand "~
(babel)             in language  on input line 594.
<Bilder/Keynes_Haavelmo.pdf, id=463, 614.295pt x 794.97pt>
File: Bilder/Keynes_Haavelmo.pdf Graphic file (type pdf)
<use Bilder/Keynes_Haavelmo.pdf>
Package pdftex.def Info: Bilder/Keynes_Haavelmo.pdf  used on input line 600.
(pdftex.def)             Requested size: 313.69025pt x 405.95094pt.
Package babel Info: Redefining ngerman shorthand "|
(babel)             in language  on input line 601.
Package babel Info: Redefining ngerman shorthand "~
(babel)             in language  on input line 601.
Package babel Info: Redefining ngerman shorthand "|
(babel)             in language  on input line 601.
Package babel Info: Redefining ngerman shorthand "~
(babel)             in language  on input line 601.
[26 <./Bilder/Keynes_Multiplikator.pdf> <./Bilder/Keynes_Multiplikator_Grafisch
.pdf

pdfTeX warning: /usr/bin/pdflatex (file ./Bilder/Keynes_Multiplikator_Grafisch.
pdf): PDF inclusion: multiple pdfs with page group included in a single page
>]
Package babel Info: Redefining ngerman shorthand "|
(babel)             in language  on input line 603.
Package babel Info: Redefining ngerman shorthand "~
(babel)             in language  on input line 603.

Overfull \hbox (23.69664pt too wide) detected at line 611
[][][]
 []

Package babel Info: Redefining ngerman shorthand "|
(babel)             in language  on input line 617.
Package babel Info: Redefining ngerman shorthand "~
(babel)             in language  on input line 617.
Package babel Info: Redefining ngerman shorthand "|
(babel)             in language  on input line 617.
Package babel Info: Redefining ngerman shorthand "~
(babel)             in language  on input line 617.
[27 <./Bilder/Keynes_Haavelmo.pdf>]

pdfTeX warning: /usr/bin/pdflatex (file ./Bilder/Keynes_IS_Grafisch.pdf): PDF i
nclusion: found PDF version <1.6>, but at most version <1.5> allowed
<Bilder/Keynes_IS_Grafisch.pdf, id=501, 605.36784pt x 466.02617pt>
File: Bilder/Keynes_IS_Grafisch.pdf Graphic file (type pdf)
<use Bilder/Keynes_IS_Grafisch.pdf>
Package pdftex.def Info: Bilder/Keynes_IS_Grafisch.pdf  used on input line 622.

(pdftex.def)             Requested size: 418.25368pt x 321.99217pt.


pdfTeX warning: /usr/bin/pdflatex (file ./Bilder/Keynes_IS_Grafisch2.pdf): PDF 
inclusion: found PDF version <1.6>, but at most version <1.5> allowed
<Bilder/Keynes_IS_Grafisch2.pdf, id=502, 722.7pt x 542.025pt>
File: Bilder/Keynes_IS_Grafisch2.pdf Graphic file (type pdf)
<use Bilder/Keynes_IS_Grafisch2.pdf>
Package pdftex.def Info: Bilder/Keynes_IS_Grafisch2.pdf  used on input line 623
.
(pdftex.def)             Requested size: 418.25368pt x 313.68825pt.

Overfull \hbox (19.44691pt too wide) in paragraph at lines 622--624
 [] 
 []


Overfull \hbox (19.44691pt too wide) in paragraph at lines 622--624
 [] 
 []

Package babel Info: Redefining ngerman shorthand "|
(babel)             in language  on input line 624.
Package babel Info: Redefining ngerman shorthand "~
(babel)             in language  on input line 624.
Package babel Info: Redefining ngerman shorthand "|
(babel)             in language  on input line 624.
Package babel Info: Redefining ngerman shorthand "~
(babel)             in language  on input line 624.
[28 <./Bilder/Keynes_IS_Grafisch.pdf>]
Underfull \hbox (badness 10000) in paragraph at lines 625--629

 []

Package babel Info: Redefining ngerman shorthand "|
(babel)             in language  on input line 654.
Package babel Info: Redefining ngerman shorthand "~
(babel)             in language  on input line 654.
Package babel Info: Redefining ngerman shorthand "|
(babel)             in language  on input line 654.
Package babel Info: Redefining ngerman shorthand "~
(babel)             in language  on input line 654.
[29 <./Bilder/Keynes_IS_Grafisch2.pdf>]
Package babel Info: Redefining ngerman shorthand "|
(babel)             in language  on input line 679.
Package babel Info: Redefining ngerman shorthand "~
(babel)             in language  on input line 679.
Package babel Info: Redefining ngerman shorthand "|
(babel)             in language  on input line 705.
Package babel Info: Redefining ngerman shorthand "~
(babel)             in language  on input line 705.
Package babel Info: Redefining ngerman shorthand "|
(babel)             in language  on input line 705.
Package babel Info: Redefining ngerman shorthand "~
(babel)             in language  on input line 705.
 [30]
Overfull \hbox (4.65102pt too wide) in paragraph at lines 716--717
[][][]\T1/aer/m/n/10.95 Offenmarktpolitik: An-kauf oder Ver-kauf von Wert-pa-pi
e-ren (bzw. Repos) 
 []



pdfTeX warning: /usr/bin/pdflatex (file ./Bilder/Keynes_Geldmarkt.pdf): PDF inc
lusion: found PDF version <1.6>, but at most version <1.5> allowed
<Bilder/Keynes_Geldmarkt.pdf, id=534, 308.68443pt x 236.68024pt>
File: Bilder/Keynes_Geldmarkt.pdf Graphic file (type pdf)
<use Bilder/Keynes_Geldmarkt.pdf>
Package pdftex.def Info: Bilder/Keynes_Geldmarkt.pdf  used on input line 743.
(pdftex.def)             Requested size: 209.12683pt x 160.34814pt.
Package babel Info: Redefining ngerman shorthand "|
(babel)             in language  on input line 744.
Package babel Info: Redefining ngerman shorthand "~
(babel)             in language  on input line 744.
Package babel Info: Redefining ngerman shorthand "|
(babel)             in language  on input line 744.
Package babel Info: Redefining ngerman shorthand "~
(babel)             in language  on input line 744.
[31]

pdfTeX warning: /usr/bin/pdflatex (file ./Bilder/Keynes_LM.pdf): PDF inclusion:
 found PDF version <1.6>, but at most version <1.5> allowed
<Bilder/Keynes_LM.pdf, id=543, 571.36624pt x 253.3485pt>
File: Bilder/Keynes_LM.pdf Graphic file (type pdf)
<use Bilder/Keynes_LM.pdf>
Package pdftex.def Info: Bilder/Keynes_LM.pdf  used on input line 754.
(pdftex.def)             Requested size: 418.25368pt x 185.46088pt.

Overfull \hbox (43.53694pt too wide) in paragraph at lines 754--754
 [] 
 []



pdfTeX warning: /usr/bin/pdflatex (file ./Bilder/Keynes_LM2.pdf): PDF inclusion
: found PDF version <1.6>, but at most version <1.5> allowed
<Bilder/Keynes_LM2.pdf, id=544, 722.7pt x 542.025pt>
File: Bilder/Keynes_LM2.pdf Graphic file (type pdf)
<use Bilder/Keynes_LM2.pdf>
Package pdftex.def Info: Bilder/Keynes_LM2.pdf  used on input line 755.
(pdftex.def)             Requested size: 418.25368pt x 313.68825pt.

Overfull \hbox (43.53694pt too wide) in paragraph at lines 755--756
 [][][][] 
 []

Package babel Info: Redefining ngerman shorthand "|
(babel)             in language  on input line 756.
Package babel Info: Redefining ngerman shorthand "~
(babel)             in language  on input line 756.
Package babel Info: Redefining ngerman shorthand "|
(babel)             in language  on input line 756.
Package babel Info: Redefining ngerman shorthand "~
(babel)             in language  on input line 756.
[32 <./Bilder/Keynes_Geldmarkt.pdf> <./Bilder/Keynes_LM.pdf

pdfTeX warning: /usr/bin/pdflatex (file ./Bilder/Keynes_LM.pdf): PDF inclusion:
 multiple pdfs with page group included in a single page
>]
Package babel Info: Redefining ngerman shorthand "|
(babel)             in language  on input line 793.
Package babel Info: Redefining ngerman shorthand "~
(babel)             in language  on input line 793.
Package babel Info: Redefining ngerman shorthand "|
(babel)             in language  on input line 793.
Package babel Info: Redefining ngerman shorthand "~
(babel)             in language  on input line 793.
 [33 <./Bilder/Keynes_LM2.pdf>]
Package babel Info: Redefining ngerman shorthand "|
(babel)             in language  on input line 805.
Package babel Info: Redefining ngerman shorthand "~
(babel)             in language  on input line 805.
Package babel Info: Redefining ngerman shorthand "|
(babel)             in language  on input line 841.
Package babel Info: Redefining ngerman shorthand "~
(babel)             in language  on input line 841.
Package babel Info: Redefining ngerman shorthand "|
(babel)             in language  on input line 841.
Package babel Info: Redefining ngerman shorthand "~
(babel)             in language  on input line 841.
 [34]

pdfTeX warning: /usr/bin/pdflatex (file ./Bilder/Keynes_IS_LM_Steuerfinanziert.
pdf): PDF inclusion: found PDF version <1.6>, but at most version <1.5> allowed

<Bilder/Keynes_IS_LM_Steuerfinanziert.pdf, id=602, 346.29375pt x 232.87pt>
File: Bilder/Keynes_IS_LM_Steuerfinanziert.pdf Graphic file (type pdf)
<use Bilder/Keynes_IS_LM_Steuerfinanziert.pdf>
Package pdftex.def Info: Bilder/Keynes_IS_LM_Steuerfinanziert.pdf  used on inpu
t line 848.
(pdftex.def)             Requested size: 209.12683pt x 140.6327pt.
Package babel Info: Redefining ngerman shorthand "|
(babel)             in language  on input line 860.
Package babel Info: Redefining ngerman shorthand "~
(babel)             in language  on input line 860.
Package babel Info: Redefining ngerman shorthand "|
(babel)             in language  on input line 860.
Package babel Info: Redefining ngerman shorthand "~
(babel)             in language  on input line 860.
[35 <./Bilder/Keynes_IS_LM_Steuerfinanziert.pdf>]

pdfTeX warning: /usr/bin/pdflatex (file ./Bilder/Keynes_IS_LM_Kreditfinanzierte
_Steuersenkung.pdf): PDF inclusion: found PDF version <1.6>, but at most versio
n <1.5> allowed
<Bilder/Keynes_IS_LM_Kreditfinanzierte_Steuersenkung.pdf, id=614, 441.65pt x 36
6.36874pt>
File: Bilder/Keynes_IS_LM_Kreditfinanzierte_Steuersenkung.pdf Graphic file (typ
e pdf)
<use Bilder/Keynes_IS_LM_Kreditfinanzierte_Steuersenkung.pdf>
Package pdftex.def Info: Bilder/Keynes_IS_LM_Kreditfinanzierte_Steuersenkung.pd
f  used on input line 867.
(pdftex.def)             Requested size: 313.69025pt x 260.22984pt.

Underfull \hbox (badness 10000) in paragraph at lines 865--868

 []

Package babel Info: Redefining ngerman shorthand "|
(babel)             in language  on input line 878.
Package babel Info: Redefining ngerman shorthand "~
(babel)             in language  on input line 878.
Package babel Info: Redefining ngerman shorthand "|
(babel)             in language  on input line 878.
Package babel Info: Redefining ngerman shorthand "~
(babel)             in language  on input line 878.
[36 <./Bilder/Keynes_IS_LM_Kreditfinanzierte_Steuersenkung.pdf>]

pdfTeX warning: /usr/bin/pdflatex (file ./Bilder/Keynes_IS_LM_Kreditfinanziert.
pdf): PDF inclusion: found PDF version <1.6>, but at most version <1.5> allowed

<Bilder/Keynes_IS_LM_Kreditfinanziert.pdf, id=623, 368.37625pt x 247.92625pt>
File: Bilder/Keynes_IS_LM_Kreditfinanziert.pdf Graphic file (type pdf)
<use Bilder/Keynes_IS_LM_Kreditfinanziert.pdf>
Package pdftex.def Info: Bilder/Keynes_IS_LM_Kreditfinanziert.pdf  used on inpu
t line 880.
(pdftex.def)             Requested size: 313.69025pt x 211.12039pt.

Underfull \hbox (badness 10000) in paragraph at lines 878--881

 []



pdfTeX warning: /usr/bin/pdflatex (file ./Bilder/Keynes_IS_LM_Geldpolitik.pdf):
 PDF inclusion: found PDF version <1.6>, but at most version <1.5> allowed
<Bilder/Keynes_IS_LM_Geldpolitik.pdf, id=624, 304.13625pt x 188.705pt>
File: Bilder/Keynes_IS_LM_Geldpolitik.pdf Graphic file (type pdf)
<use Bilder/Keynes_IS_LM_Geldpolitik.pdf>
Package pdftex.def Info: Bilder/Keynes_IS_LM_Geldpolitik.pdf  used on input lin
e 892.
(pdftex.def)             Requested size: 313.69025pt x 194.63898pt.
Package babel Info: Redefining ngerman shorthand "|
(babel)             in language  on input line 895.
Package babel Info: Redefining ngerman shorthand "~
(babel)             in language  on input line 895.
Package babel Info: Redefining ngerman shorthand "|
(babel)             in language  on input line 895.
Package babel Info: Redefining ngerman shorthand "~
(babel)             in language  on input line 895.
[37 <./Bilder/Keynes_IS_LM_Kreditfinanziert.pdf>]
Package babel Info: Redefining ngerman shorthand "|
(babel)             in language  on input line 902.
Package babel Info: Redefining ngerman shorthand "~
(babel)             in language  on input line 902.
<Bilder/Keynes_IS_LM_Sparquote.pdf, id=636, 846.16125pt x 600.2425pt>
File: Bilder/Keynes_IS_LM_Sparquote.pdf Graphic file (type pdf)
<use Bilder/Keynes_IS_LM_Sparquote.pdf>
Package pdftex.def Info: Bilder/Keynes_IS_LM_Sparquote.pdf  used on input line 
903.
(pdftex.def)             Requested size: 313.69025pt x 222.51671pt.
Package babel Info: Redefining ngerman shorthand "|
(babel)             in language  on input line 907.
Package babel Info: Redefining ngerman shorthand "~
(babel)             in language  on input line 907.
Package babel Info: Redefining ngerman shorthand "|
(babel)             in language  on input line 915.
Package babel Info: Redefining ngerman shorthand "~
(babel)             in language  on input line 915.
Package babel Info: Redefining ngerman shorthand "|
(babel)             in language  on input line 915.
Package babel Info: Redefining ngerman shorthand "~
(babel)             in language  on input line 915.
 [38 <./Bilder/Keynes_IS_LM_Geldpolitik.pdf> <./Bilder/Keynes_IS_LM_Sparquote.p
df>]
Package babel Info: Redefining ngerman shorthand "|
(babel)             in language  on input line 917.
Package babel Info: Redefining ngerman shorthand "~
(babel)             in language  on input line 917.
<Bilder/Keynes_IS_LM_Klassische_LM_Kurve.pdf, id=653, 668.4975pt x 600.2425pt>
File: Bilder/Keynes_IS_LM_Klassische_LM_Kurve.pdf Graphic file (type pdf)
<use Bilder/Keynes_IS_LM_Klassische_LM_Kurve.pdf>
Package pdftex.def Info: Bilder/Keynes_IS_LM_Klassische_LM_Kurve.pdf  used on i
nput line 918.
(pdftex.def)             Requested size: 313.69025pt x 281.66522pt.
Package babel Info: Redefining ngerman shorthand "|
(babel)             in language  on input line 922.
Package babel Info: Redefining ngerman shorthand "~
(babel)             in language  on input line 922.
<Bilder/Keynes_IS_LM_Investitionsfalle.pdf, id=654, 794.97pt x 614.295pt>
File: Bilder/Keynes_IS_LM_Investitionsfalle.pdf Graphic file (type pdf)
<use Bilder/Keynes_IS_LM_Investitionsfalle.pdf>
Package pdftex.def Info: Bilder/Keynes_IS_LM_Investitionsfalle.pdf  used on inp
ut line 923.
(pdftex.def)             Requested size: 313.69025pt x 242.40483pt.
Package babel Info: Redefining ngerman shorthand "|
(babel)             in language  on input line 927.
Package babel Info: Redefining ngerman shorthand "~
(babel)             in language  on input line 927.
Package babel Info: Redefining ngerman shorthand "|
(babel)             in language  on input line 931.
Package babel Info: Redefining ngerman shorthand "~
(babel)             in language  on input line 931.
Package babel Info: Redefining ngerman shorthand "|
(babel)             in language  on input line 931.
Package babel Info: Redefining ngerman shorthand "~
(babel)             in language  on input line 931.
 [39 <./Bilder/Keynes_IS_LM_Klassische_LM_Kurve.pdf> <./Bilder/Keynes_IS_LM_Inv
estitionsfalle.pdf>]
Package babel Info: Redefining ngerman shorthand "|
(babel)             in language  on input line 946.
Package babel Info: Redefining ngerman shorthand "~
(babel)             in language  on input line 946.
Package babel Info: Redefining ngerman shorthand "|
(babel)             in language  on input line 965.
Package babel Info: Redefining ngerman shorthand "~
(babel)             in language  on input line 965.
Package babel Info: Redefining ngerman shorthand "|
(babel)             in language  on input line 966.
Package babel Info: Redefining ngerman shorthand "~
(babel)             in language  on input line 966.
Package babel Info: Redefining ngerman shorthand "|
(babel)             in language  on input line 971.
Package babel Info: Redefining ngerman shorthand "~
(babel)             in language  on input line 971.
Package babel Info: Redefining ngerman shorthand "|
(babel)             in language  on input line 971.
Package babel Info: Redefining ngerman shorthand "~
(babel)             in language  on input line 971.

[40]
Underfull \hbox (badness 10000) in paragraph at lines 993--1008

 []

Package babel Info: Redefining ngerman shorthand "|
(babel)             in language  on input line 1026.
Package babel Info: Redefining ngerman shorthand "~
(babel)             in language  on input line 1026.
Package babel Info: Redefining ngerman shorthand "|
(babel)             in language  on input line 1040.
Package babel Info: Redefining ngerman shorthand "~
(babel)             in language  on input line 1040.
Package babel Info: Redefining ngerman shorthand "|
(babel)             in language  on input line 1040.
Package babel Info: Redefining ngerman shorthand "~
(babel)             in language  on input line 1040.
[41]
Package babel Info: Redefining ngerman shorthand "|
(babel)             in language  on input line 1043.
Package babel Info: Redefining ngerman shorthand "~
(babel)             in language  on input line 1043.
Package babel Info: Redefining ngerman shorthand "|
(babel)             in language  on input line 1058.
Package babel Info: Redefining ngerman shorthand "~
(babel)             in language  on input line 1058.
Package babel Info: Redefining ngerman shorthand "|
(babel)             in language  on input line 1059.
Package babel Info: Redefining ngerman shorthand "~
(babel)             in language  on input line 1059.

Underfull \hbox (badness 10000) in paragraph at lines 1061--1062

 []


Underfull \hbox (badness 10000) in paragraph at lines 1063--1064

 []


Underfull \hbox (badness 10000) in paragraph at lines 1069--1072

 []

Package babel Info: Redefining ngerman shorthand "|
(babel)             in language  on input line 1072.
Package babel Info: Redefining ngerman shorthand "~
(babel)             in language  on input line 1072.
Package babel Info: Redefining ngerman shorthand "|
(babel)             in language  on input line 1072.
Package babel Info: Redefining ngerman shorthand "~
(babel)             in language  on input line 1072.
[42]
Package babel Info: Redefining ngerman shorthand "|
(babel)             in language  on input line 1102.
Package babel Info: Redefining ngerman shorthand "~
(babel)             in language  on input line 1102.

Overfull \hbox (40.59198pt too wide) in paragraph at lines 1106--1114
 [] 
 []

Package babel Info: Redefining ngerman shorthand "|
(babel)             in language  on input line 1120.
Package babel Info: Redefining ngerman shorthand "~
(babel)             in language  on input line 1120.
Package babel Info: Redefining ngerman shorthand "|
(babel)             in language  on input line 1121.
Package babel Info: Redefining ngerman shorthand "~
(babel)             in language  on input line 1121.


pdfTeX warning: /usr/bin/pdflatex (file ./Bilder/Neoklassische_Synthese_AD_Herl
eitung.pdf): PDF inclusion: found PDF version <1.6>, but at most version <1.5> 
allowed
<Bilder/Neoklassische_Synthese_AD_Herleitung.pdf, id=701, 311.1625pt x 311.1625
pt>
File: Bilder/Neoklassische_Synthese_AD_Herleitung.pdf Graphic file (type pdf)
<use Bilder/Neoklassische_Synthese_AD_Herleitung.pdf>
Package pdftex.def Info: Bilder/Neoklassische_Synthese_AD_Herleitung.pdf  used 
on input line 1125.
(pdftex.def)             Requested size: 209.12683pt x 209.12827pt.
Package babel Info: Redefining ngerman shorthand "|
(babel)             in language  on input line 1127.
Package babel Info: Redefining ngerman shorthand "~
(babel)             in language  on input line 1127.
Package babel Info: Redefining ngerman shorthand "|
(babel)             in language  on input line 1127.
Package babel Info: Redefining ngerman shorthand "~
(babel)             in language  on input line 1127.
[43]

pdfTeX warning: /usr/bin/pdflatex (file ./Bilder/Neoklassische_Synthese_AD_Lage
1.pdf): PDF inclusion: found PDF version <1.6>, but at most version <1.5> allow
ed
<Bilder/Neoklassische_Synthese_AD_Lage1.pdf, id=714, 722.7pt x 542.025pt>
File: Bilder/Neoklassische_Synthese_AD_Lage1.pdf Graphic file (type pdf)
<use Bilder/Neoklassische_Synthese_AD_Lage1.pdf>
Package pdftex.def Info: Bilder/Neoklassische_Synthese_AD_Lage1.pdf  used on in
put line 1145.
(pdftex.def)             Requested size: 334.60422pt x 250.95557pt.

Underfull \hbox (badness 10000) in paragraph at lines 1144--1146

 []

Package babel Info: Redefining ngerman shorthand "|
(babel)             in language  on input line 1146.
Package babel Info: Redefining ngerman shorthand "~
(babel)             in language  on input line 1146.
Package babel Info: Redefining ngerman shorthand "|
(babel)             in language  on input line 1146.
Package babel Info: Redefining ngerman shorthand "~
(babel)             in language  on input line 1146.
[44 <./Bilder/Neoklassische_Synthese_AD_Herleitung.pdf>]

pdfTeX warning: /usr/bin/pdflatex (file ./Bilder/Neoklassische_Synthese_AD_Lage
2.pdf): PDF inclusion: found PDF version <1.6>, but at most version <1.5> allow
ed
<Bilder/Neoklassische_Synthese_AD_Lage2.pdf, id=724, 722.7pt x 542.025pt>
File: Bilder/Neoklassische_Synthese_AD_Lage2.pdf Graphic file (type pdf)
<use Bilder/Neoklassische_Synthese_AD_Lage2.pdf>
Package pdftex.def Info: Bilder/Neoklassische_Synthese_AD_Lage2.pdf  used on in
put line 1147.
(pdftex.def)             Requested size: 334.60422pt x 250.95557pt.

Underfull \hbox (badness 10000) in paragraph at lines 1146--1148

 []

Package babel Info: Redefining ngerman shorthand "|
(babel)             in language  on input line 1153.
Package babel Info: Redefining ngerman shorthand "~
(babel)             in language  on input line 1153.
Package babel Info: Redefining ngerman shorthand "|
(babel)             in language  on input line 1159.
Package babel Info: Redefining ngerman shorthand "~
(babel)             in language  on input line 1159.
Package babel Info: Redefining ngerman shorthand "|
(babel)             in language  on input line 1159.
Package babel Info: Redefining ngerman shorthand "~
(babel)             in language  on input line 1159.
[45 <./Bilder/Neoklassische_Synthese_AD_Lage1.pdf> <./Bilder/Neoklassische_Synt
hese_AD_Lage2.pdf

pdfTeX warning: /usr/bin/pdflatex (file ./Bilder/Neoklassische_Synthese_AD_Lage
2.pdf): PDF inclusion: multiple pdfs with page group included in a single page
>]

pdfTeX warning: /usr/bin/pdflatex (file ./Bilder/Neoklassische_Synthese_Normal.
pdf): PDF inclusion: found PDF version <1.6>, but at most version <1.5> allowed

<Bilder/Neoklassische_Synthese_Normal.pdf, id=756, 343.2825pt x 398.48875pt>
File: Bilder/Neoklassische_Synthese_Normal.pdf Graphic file (type pdf)
<use Bilder/Neoklassische_Synthese_Normal.pdf>
Package pdftex.def Info: Bilder/Neoklassische_Synthese_Normal.pdf  used on inpu
t line 1166.
(pdftex.def)             Requested size: 209.12683pt x 242.75552pt.


pdfTeX warning: /usr/bin/pdflatex (file ./Bilder/Neoklassische_Synthese_Unterbe
schaftigung.pdf): PDF inclusion: found PDF version <1.6>, but at most version <
1.5> allowed
<Bilder/Neoklassische_Synthese_Unterbeschaftigung.pdf, id=757, 722.7pt x 542.02
5pt>
File: Bilder/Neoklassische_Synthese_Unterbeschaftigung.pdf Graphic file (type p
df)
<use Bilder/Neoklassische_Synthese_Unterbeschaftigung.pdf>
Package pdftex.def Info: Bilder/Neoklassische_Synthese_Unterbeschaftigung.pdf  
used on input line 1171.
(pdftex.def)             Requested size: 418.25368pt x 313.68825pt.

Overfull \hbox (19.44691pt too wide) in paragraph at lines 1170--1172
[] 
 []


Underfull \hbox (badness 10000) in paragraph at lines 1170--1172

 []

Package babel Info: Redefining ngerman shorthand "|
(babel)             in language  on input line 1172.
Package babel Info: Redefining ngerman shorthand "~
(babel)             in language  on input line 1172.
Package babel Info: Redefining ngerman shorthand "|
(babel)             in language  on input line 1172.
Package babel Info: Redefining ngerman shorthand "~
(babel)             in language  on input line 1172.
[46 <./Bilder/Neoklassische_Synthese_Normal.pdf>]

pdfTeX warning: /usr/bin/pdflatex (file ./Bilder/Neoklassische_Synthese_Invest.
pdf): PDF inclusion: found PDF version <1.6>, but at most version <1.5> allowed

<Bilder/Neoklassische_Synthese_Invest.pdf, id=768, 722.7pt x 542.025pt>
File: Bilder/Neoklassische_Synthese_Invest.pdf Graphic file (type pdf)
<use Bilder/Neoklassische_Synthese_Invest.pdf>
Package pdftex.def Info: Bilder/Neoklassische_Synthese_Invest.pdf  used on inpu
t line 1187.
(pdftex.def)             Requested size: 418.25368pt x 313.68825pt.

Overfull \hbox (45.25543pt too wide) in paragraph at lines 1187--1189
[] 
 []

Package babel Info: Redefining ngerman shorthand "|
(babel)             in language  on input line 1189.
Package babel Info: Redefining ngerman shorthand "~
(babel)             in language  on input line 1189.
Package babel Info: Redefining ngerman shorthand "|
(babel)             in language  on input line 1189.
Package babel Info: Redefining ngerman shorthand "~
(babel)             in language  on input line 1189.
[47 <./Bilder/Neoklassische_Synthese_Unterbeschaftigung.pdf>]

pdfTeX warning: /usr/bin/pdflatex (file ./Bilder/Neoklassische_Synthese_Liquid.
pdf): PDF inclusion: found PDF version <1.6>, but at most version <1.5> allowed

<Bilder/Neoklassische_Synthese_Liquid.pdf, id=784, 722.7pt x 542.025pt>
File: Bilder/Neoklassische_Synthese_Liquid.pdf Graphic file (type pdf)
<use Bilder/Neoklassische_Synthese_Liquid.pdf>
Package pdftex.def Info: Bilder/Neoklassische_Synthese_Liquid.pdf  used on inpu
t line 1189.
(pdftex.def)             Requested size: 418.25368pt x 313.68825pt.

Overfull \hbox (45.25543pt too wide) in paragraph at lines 1189--1191
[] 
 []



pdfTeX warning: /usr/bin/pdflatex (file ./Bilder/Neoklassische_Synthese_Fix_Loh
n_Geld.pdf): PDF inclusion: found PDF version <1.6>, but at most version <1.5> 
allowed
<Bilder/Neoklassische_Synthese_Fix_Lohn_Geld.pdf, id=785, 722.7pt x 542.025pt>
File: Bilder/Neoklassische_Synthese_Fix_Lohn_Geld.pdf Graphic file (type pdf)
<use Bilder/Neoklassische_Synthese_Fix_Lohn_Geld.pdf>
Package pdftex.def Info: Bilder/Neoklassische_Synthese_Fix_Lohn_Geld.pdf  used 
on input line 1192.
(pdftex.def)             Requested size: 418.25368pt x 313.68825pt.


pdfTeX warning: /usr/bin/pdflatex (file ./Bilder/Neoklassische_Synthese_Fix_Loh
n_Fiskal.pdf): PDF inclusion: found PDF version <1.6>, but at most version <1.5
> allowed
<Bilder/Neoklassische_Synthese_Fix_Lohn_Fiskal.pdf, id=786, 845.0471pt x 597.51
233pt>
File: Bilder/Neoklassische_Synthese_Fix_Lohn_Fiskal.pdf Graphic file (type pdf)

<use Bilder/Neoklassische_Synthese_Fix_Lohn_Fiskal.pdf>
Package pdftex.def Info: Bilder/Neoklassische_Synthese_Fix_Lohn_Fiskal.pdf  use
d on input line 1193.
(pdftex.def)             Requested size: 418.25368pt x 295.7376pt.

Overfull \hbox (45.25543pt too wide) in paragraph at lines 1192--1195
[] 
 []


Overfull \hbox (45.25543pt too wide) in paragraph at lines 1192--1195
[] 
 []

Package babel Info: Redefining ngerman shorthand "|
(babel)             in language  on input line 1195.
Package babel Info: Redefining ngerman shorthand "~
(babel)             in language  on input line 1195.
Package babel Info: Redefining ngerman shorthand "|
(babel)             in language  on input line 1195.
Package babel Info: Redefining ngerman shorthand "~
(babel)             in language  on input line 1195.
[48 <./Bilder/Neoklassische_Synthese_Invest.pdf> <./Bilder/Neoklassische_Synthe
se_Liquid.pdf

pdfTeX warning: /usr/bin/pdflatex (file ./Bilder/Neoklassische_Synthese_Liquid.
pdf): PDF inclusion: multiple pdfs with page group included in a single page
>]
Package babel Info: Redefining ngerman shorthand "|
(babel)             in language  on input line 1198.
Package babel Info: Redefining ngerman shorthand "~
(babel)             in language  on input line 1198.
Package babel Info: Redefining ngerman shorthand "|
(babel)             in language  on input line 1200.
Package babel Info: Redefining ngerman shorthand "~
(babel)             in language  on input line 1200.
Package atveryend Info: Empty hook `BeforeClearDocument' on input line 1201.
Package babel Info: Redefining ngerman shorthand "|
(babel)             in language  on input line 1201.
Package babel Info: Redefining ngerman shorthand "~
(babel)             in language  on input line 1201.
Package babel Info: Redefining ngerman shorthand "|
(babel)             in language  on input line 1201.
Package babel Info: Redefining ngerman shorthand "~
(babel)             in language  on input line 1201.
 [49 <./Bilder/Neoklassische_Synthese_Fix_Lohn_Geld.pdf> <./Bilder/Neoklassisch
e_Synthese_Fix_Lohn_Fiskal.pdf, page is rotated 90 degrees>]
Package atveryend Info: Empty hook `AfterLastShipout' on input line 1201.

(./anschrift2.aux)
Package atveryend Info: Executing hook `AtVeryEndDocument' on input line 1201.
Package atveryend Info: Executing hook `AtEndAfterFileList' on input line 1201.

Package rerunfilecheck Info: File `anschrift2.out' has not changed.
(rerunfilecheck)             Checksum: 7ECCA480CE06D02E8444E1B27807DCD8;3316.
 ) 
Here is how much of TeX's memory you used:
 12661 strings out of 494757
 194868 string characters out of 6175785
 400462 words of memory out of 5000000
 15482 multiletter control sequences out of 15000+600000
 37956 words of font info for 72 fonts, out of 8000000 for 9000
 81 hyphenation exceptions out of 8191
 43i,34n,51p,8848b,861s stack positions out of 5000i,500n,10000p,200000b,80000s
</usr/share/texlive/texmf-dist/fonts/type1/public/amsfonts/cm/cmbx10.pfb></us
r/share/texlive/texmf-dist/fonts/type1/public/amsfonts/cm/cmbxti10.pfb></usr/sh
are/texlive/texmf-dist/fonts/type1/public/amsfonts/cm/cmex10.pfb></usr/share/te
xlive/texmf-dist/fonts/type1/public/amsfonts/cm/cmmi10.pfb></usr/share/texlive/
texmf-dist/fonts/type1/public/amsfonts/cm/cmmi6.pfb></usr/share/texlive/texmf-d
ist/fonts/type1/public/amsfonts/cm/cmmi8.pfb></usr/share/texlive/texmf-dist/fon
ts/type1/public/amsfonts/cm/cmr10.pfb></usr/share/texlive/texmf-dist/fonts/type
1/public/amsfonts/cm/cmr6.pfb></usr/share/texlive/texmf-dist/fonts/type1/public
/amsfonts/cm/cmr8.pfb></usr/share/texlive/texmf-dist/fonts/type1/public/amsfont
s/cm/cmsl10.pfb></usr/share/texlive/texmf-dist/fonts/type1/public/amsfonts/cm/c
mssbx10.pfb></usr/share/texlive/texmf-dist/fonts/type1/public/amsfonts/cm/cmsy1
0.pfb></usr/share/texlive/texmf-dist/fonts/type1/public/amsfonts/cm/cmsy6.pfb><
/usr/share/texlive/texmf-dist/fonts/type1/public/amsfonts/cm/cmsy8.pfb></usr/sh
are/texlive/texmf-dist/fonts/type1/public/amsfonts/cm/cmti10.pfb></usr/share/te
xlive/texmf-dist/fonts/type1/public/amsfonts/symbols/msam10.pfb>
Output written on anschrift2.pdf (49 pages, 7278749 bytes).
PDF statistics:
 976 PDF objects out of 1000 (max. 8388607)
 800 compressed objects within 8 object streams
 248 named destinations out of 1000 (max. 500000)
 545 words of extra memory for PDF output out of 10000 (max. 10000000)

