This is pdfTeX, Version 3.14159265-2.6-1.40.18 (TeX Live 2017/Debian) (preloaded format=pdflatex 2018.7.10)  20 JUL 2018 13:44
entering extended mode
 restricted \write18 enabled.
 %&-line parsing enabled.
**aufgaben.tex
(./aufgaben.tex
LaTeX2e <2017-04-15>
Babel <3.18> and hyphenation patterns for 14 language(s) loaded.
(/usr/share/texlive/texmf-dist/tex/latex/koma-script/scrartcl.cls
Document Class: scrartcl 2017/09/07 v3.24 KOMA-Script document class (article)
(/usr/share/texlive/texmf-dist/tex/latex/koma-script/scrkbase.sty
Package: scrkbase 2017/09/07 v3.24 KOMA-Script package (KOMA-Script-dependent b
asics and keyval usage)

(/usr/share/texlive/texmf-dist/tex/latex/koma-script/scrbase.sty
Package: scrbase 2017/09/07 v3.24 KOMA-Script package (KOMA-Script-independent 
basics and keyval usage)

(/usr/share/texlive/texmf-dist/tex/latex/graphics/keyval.sty
Package: keyval 2014/10/28 v1.15 key=value parser (DPC)
\KV@toks@=\toks14
)
(/usr/share/texlive/texmf-dist/tex/latex/koma-script/scrlfile.sty
Package: scrlfile 2017/09/07 v3.24 KOMA-Script package (loading files)
)))
(/usr/share/texlive/texmf-dist/tex/latex/koma-script/tocbasic.sty
Package: tocbasic 2017/09/07 v3.24 KOMA-Script package (handling toc-files)
\scr@dte@tocline@numberwidth=\skip41
\scr@dte@tocline@numbox=\box26
)
Package tocbasic Info: omitting babel extension for `toc'
(tocbasic)             because of feature `nobabel' available
(tocbasic)             for `toc' on input line 133.
Package tocbasic Info: omitting babel extension for `lof'
(tocbasic)             because of feature `nobabel' available
(tocbasic)             for `lof' on input line 135.
Package tocbasic Info: omitting babel extension for `lot'
(tocbasic)             because of feature `nobabel' available
(tocbasic)             for `lot' on input line 136.
Class scrartcl Info: File `scrsize11pt.clo' used instead of
(scrartcl)           file `scrsize11.clo' to setup font sizes on input line 208
0.

(/usr/share/texlive/texmf-dist/tex/latex/koma-script/scrsize11pt.clo
File: scrsize11pt.clo 2017/09/07 v3.24 KOMA-Script font size class option (11pt
)
)
(/usr/share/texlive/texmf-dist/tex/latex/koma-script/typearea.sty
Package: typearea 2017/09/07 v3.24 KOMA-Script package (type area)
\ta@bcor=\skip42
\ta@div=\count79
\ta@hblk=\skip43
\ta@vblk=\skip44
\ta@temp=\skip45
\footheight=\skip46
Package typearea Info: These are the values describing the layout:
(typearea)             DIV  = 10
(typearea)             BCOR = 0.0pt
(typearea)             \paperwidth      = 597.50793pt
(typearea)              \textwidth      = 418.25555pt
(typearea)              DIV departure   = -6%
(typearea)              \evensidemargin = 17.3562pt
(typearea)              \oddsidemargin  = 17.3562pt
(typearea)             \paperheight     = 845.04694pt
(typearea)              \textheight     = 595.80026pt
(typearea)              \topmargin      = -25.16531pt
(typearea)              \headheight     = 17.0pt
(typearea)              \headsep        = 20.40001pt
(typearea)              \topskip        = 11.0pt
(typearea)              \footskip       = 47.6pt
(typearea)              \baselineskip   = 13.6pt
(typearea)              on input line 1686.
)
\c@part=\count80
\c@section=\count81
\c@subsection=\count82
\c@subsubsection=\count83
\c@paragraph=\count84
\c@subparagraph=\count85
\scr@dte@part@maxnumwidth=\skip47
\scr@dte@section@maxnumwidth=\skip48
\scr@dte@subsection@maxnumwidth=\skip49
\scr@dte@subsubsection@maxnumwidth=\skip50
\scr@dte@paragraph@maxnumwidth=\skip51
\scr@dte@subparagraph@maxnumwidth=\skip52
LaTeX Info: Redefining \textsubscript on input line 4161.
\abovecaptionskip=\skip53
\belowcaptionskip=\skip54
\c@pti@nb@sid@b@x=\box27
\c@figure=\count86
\c@table=\count87
Class scrartcl Info: Redefining `\numberline' on input line 5319.
\bibindent=\dimen102
)
(/usr/share/texlive/texmf-dist/tex/latex/answers/answers.sty
Package: answers 2014/08/24 v2.16 Production of solution sheets in LaTeX2e

No answer files being produced
(/usr/share/texlive/texmf-dist/tex/latex/tools/verbatim.sty
Package: verbatim 2014/10/28 v1.5q LaTeX2e package for verbatim enhancements
\every@verbatim=\toks15
\verbatim@line=\toks16
\verbatim@in@stream=\read1
))
\c@Solution=\count88

(/usr/share/texlive/texmf-dist/tex/latex/base/fontenc.sty
Package: fontenc 2017/04/05 v2.0i Standard LaTeX package

(/usr/share/texlive/texmf-dist/tex/latex/base/t1enc.def
File: t1enc.def 2017/04/05 v2.0i Standard LaTeX file
LaTeX Font Info:    Redeclaring font encoding T1 on input line 48.
))
(/usr/share/texlive/texmf-dist/tex/latex/base/inputenc.sty
Package: inputenc 2015/03/17 v1.2c Input encoding file
\inpenc@prehook=\toks17
\inpenc@posthook=\toks18

(/usr/share/texlive/texmf-dist/tex/latex/base/utf8.def
File: utf8.def 2017/01/28 v1.1t UTF-8 support for inputenc
Now handling font encoding OML ...
... no UTF-8 mapping file for font encoding OML
Now handling font encoding T1 ...
... processing UTF-8 mapping file for font encoding T1

(/usr/share/texlive/texmf-dist/tex/latex/base/t1enc.dfu
File: t1enc.dfu 2017/01/28 v1.1t UTF-8 support for inputenc
   defining Unicode char U+00A0 (decimal 160)
   defining Unicode char U+00A1 (decimal 161)
   defining Unicode char U+00A3 (decimal 163)
   defining Unicode char U+00AB (decimal 171)
   defining Unicode char U+00AD (decimal 173)
   defining Unicode char U+00BB (decimal 187)
   defining Unicode char U+00BF (decimal 191)
   defining Unicode char U+00C0 (decimal 192)
   defining Unicode char U+00C1 (decimal 193)
   defining Unicode char U+00C2 (decimal 194)
   defining Unicode char U+00C3 (decimal 195)
   defining Unicode char U+00C4 (decimal 196)
   defining Unicode char U+00C5 (decimal 197)
   defining Unicode char U+00C6 (decimal 198)
   defining Unicode char U+00C7 (decimal 199)
   defining Unicode char U+00C8 (decimal 200)
   defining Unicode char U+00C9 (decimal 201)
   defining Unicode char U+00CA (decimal 202)
   defining Unicode char U+00CB (decimal 203)
   defining Unicode char U+00CC (decimal 204)
   defining Unicode char U+00CD (decimal 205)
   defining Unicode char U+00CE (decimal 206)
   defining Unicode char U+00CF (decimal 207)
   defining Unicode char U+00D0 (decimal 208)
   defining Unicode char U+00D1 (decimal 209)
   defining Unicode char U+00D2 (decimal 210)
   defining Unicode char U+00D3 (decimal 211)
   defining Unicode char U+00D4 (decimal 212)
   defining Unicode char U+00D5 (decimal 213)
   defining Unicode char U+00D6 (decimal 214)
   defining Unicode char U+00D8 (decimal 216)
   defining Unicode char U+00D9 (decimal 217)
   defining Unicode char U+00DA (decimal 218)
   defining Unicode char U+00DB (decimal 219)
   defining Unicode char U+00DC (decimal 220)
   defining Unicode char U+00DD (decimal 221)
   defining Unicode char U+00DE (decimal 222)
   defining Unicode char U+00DF (decimal 223)
   defining Unicode char U+00E0 (decimal 224)
   defining Unicode char U+00E1 (decimal 225)
   defining Unicode char U+00E2 (decimal 226)
   defining Unicode char U+00E3 (decimal 227)
   defining Unicode char U+00E4 (decimal 228)
   defining Unicode char U+00E5 (decimal 229)
   defining Unicode char U+00E6 (decimal 230)
   defining Unicode char U+00E7 (decimal 231)
   defining Unicode char U+00E8 (decimal 232)
   defining Unicode char U+00E9 (decimal 233)
   defining Unicode char U+00EA (decimal 234)
   defining Unicode char U+00EB (decimal 235)
   defining Unicode char U+00EC (decimal 236)
   defining Unicode char U+00ED (decimal 237)
   defining Unicode char U+00EE (decimal 238)
   defining Unicode char U+00EF (decimal 239)
   defining Unicode char U+00F0 (decimal 240)
   defining Unicode char U+00F1 (decimal 241)
   defining Unicode char U+00F2 (decimal 242)
   defining Unicode char U+00F3 (decimal 243)
   defining Unicode char U+00F4 (decimal 244)
   defining Unicode char U+00F5 (decimal 245)
   defining Unicode char U+00F6 (decimal 246)
   defining Unicode char U+00F8 (decimal 248)
   defining Unicode char U+00F9 (decimal 249)
   defining Unicode char U+00FA (decimal 250)
   defining Unicode char U+00FB (decimal 251)
   defining Unicode char U+00FC (decimal 252)
   defining Unicode char U+00FD (decimal 253)
   defining Unicode char U+00FE (decimal 254)
   defining Unicode char U+00FF (decimal 255)
   defining Unicode char U+0100 (decimal 256)
   defining Unicode char U+0101 (decimal 257)
   defining Unicode char U+0102 (decimal 258)
   defining Unicode char U+0103 (decimal 259)
   defining Unicode char U+0104 (decimal 260)
   defining Unicode char U+0105 (decimal 261)
   defining Unicode char U+0106 (decimal 262)
   defining Unicode char U+0107 (decimal 263)
   defining Unicode char U+0108 (decimal 264)
   defining Unicode char U+0109 (decimal 265)
   defining Unicode char U+010A (decimal 266)
   defining Unicode char U+010B (decimal 267)
   defining Unicode char U+010C (decimal 268)
   defining Unicode char U+010D (decimal 269)
   defining Unicode char U+010E (decimal 270)
   defining Unicode char U+010F (decimal 271)
   defining Unicode char U+0110 (decimal 272)
   defining Unicode char U+0111 (decimal 273)
   defining Unicode char U+0112 (decimal 274)
   defining Unicode char U+0113 (decimal 275)
   defining Unicode char U+0114 (decimal 276)
   defining Unicode char U+0115 (decimal 277)
   defining Unicode char U+0116 (decimal 278)
   defining Unicode char U+0117 (decimal 279)
   defining Unicode char U+0118 (decimal 280)
   defining Unicode char U+0119 (decimal 281)
   defining Unicode char U+011A (decimal 282)
   defining Unicode char U+011B (decimal 283)
   defining Unicode char U+011C (decimal 284)
   defining Unicode char U+011D (decimal 285)
   defining Unicode char U+011E (decimal 286)
   defining Unicode char U+011F (decimal 287)
   defining Unicode char U+0120 (decimal 288)
   defining Unicode char U+0121 (decimal 289)
   defining Unicode char U+0122 (decimal 290)
   defining Unicode char U+0123 (decimal 291)
   defining Unicode char U+0124 (decimal 292)
   defining Unicode char U+0125 (decimal 293)
   defining Unicode char U+0128 (decimal 296)
   defining Unicode char U+0129 (decimal 297)
   defining Unicode char U+012A (decimal 298)
   defining Unicode char U+012B (decimal 299)
   defining Unicode char U+012C (decimal 300)
   defining Unicode char U+012D (decimal 301)
   defining Unicode char U+012E (decimal 302)
   defining Unicode char U+012F (decimal 303)
   defining Unicode char U+0130 (decimal 304)
   defining Unicode char U+0131 (decimal 305)
   defining Unicode char U+0132 (decimal 306)
   defining Unicode char U+0133 (decimal 307)
   defining Unicode char U+0134 (decimal 308)
   defining Unicode char U+0135 (decimal 309)
   defining Unicode char U+0136 (decimal 310)
   defining Unicode char U+0137 (decimal 311)
   defining Unicode char U+0139 (decimal 313)
   defining Unicode char U+013A (decimal 314)
   defining Unicode char U+013B (decimal 315)
   defining Unicode char U+013C (decimal 316)
   defining Unicode char U+013D (decimal 317)
   defining Unicode char U+013E (decimal 318)
   defining Unicode char U+0141 (decimal 321)
   defining Unicode char U+0142 (decimal 322)
   defining Unicode char U+0143 (decimal 323)
   defining Unicode char U+0144 (decimal 324)
   defining Unicode char U+0145 (decimal 325)
   defining Unicode char U+0146 (decimal 326)
   defining Unicode char U+0147 (decimal 327)
   defining Unicode char U+0148 (decimal 328)
   defining Unicode char U+014A (decimal 330)
   defining Unicode char U+014B (decimal 331)
   defining Unicode char U+014C (decimal 332)
   defining Unicode char U+014D (decimal 333)
   defining Unicode char U+014E (decimal 334)
   defining Unicode char U+014F (decimal 335)
   defining Unicode char U+0150 (decimal 336)
   defining Unicode char U+0151 (decimal 337)
   defining Unicode char U+0152 (decimal 338)
   defining Unicode char U+0153 (decimal 339)
   defining Unicode char U+0154 (decimal 340)
   defining Unicode char U+0155 (decimal 341)
   defining Unicode char U+0156 (decimal 342)
   defining Unicode char U+0157 (decimal 343)
   defining Unicode char U+0158 (decimal 344)
   defining Unicode char U+0159 (decimal 345)
   defining Unicode char U+015A (decimal 346)
   defining Unicode char U+015B (decimal 347)
   defining Unicode char U+015C (decimal 348)
   defining Unicode char U+015D (decimal 349)
   defining Unicode char U+015E (decimal 350)
   defining Unicode char U+015F (decimal 351)
   defining Unicode char U+0160 (decimal 352)
   defining Unicode char U+0161 (decimal 353)
   defining Unicode char U+0162 (decimal 354)
   defining Unicode char U+0163 (decimal 355)
   defining Unicode char U+0164 (decimal 356)
   defining Unicode char U+0165 (decimal 357)
   defining Unicode char U+0168 (decimal 360)
   defining Unicode char U+0169 (decimal 361)
   defining Unicode char U+016A (decimal 362)
   defining Unicode char U+016B (decimal 363)
   defining Unicode char U+016C (decimal 364)
   defining Unicode char U+016D (decimal 365)
   defining Unicode char U+016E (decimal 366)
   defining Unicode char U+016F (decimal 367)
   defining Unicode char U+0170 (decimal 368)
   defining Unicode char U+0171 (decimal 369)
   defining Unicode char U+0172 (decimal 370)
   defining Unicode char U+0173 (decimal 371)
   defining Unicode char U+0174 (decimal 372)
   defining Unicode char U+0175 (decimal 373)
   defining Unicode char U+0176 (decimal 374)
   defining Unicode char U+0177 (decimal 375)
   defining Unicode char U+0178 (decimal 376)
   defining Unicode char U+0179 (decimal 377)
   defining Unicode char U+017A (decimal 378)
   defining Unicode char U+017B (decimal 379)
   defining Unicode char U+017C (decimal 380)
   defining Unicode char U+017D (decimal 381)
   defining Unicode char U+017E (decimal 382)
   defining Unicode char U+01CD (decimal 461)
   defining Unicode char U+01CE (decimal 462)
   defining Unicode char U+01CF (decimal 463)
   defining Unicode char U+01D0 (decimal 464)
   defining Unicode char U+01D1 (decimal 465)
   defining Unicode char U+01D2 (decimal 466)
   defining Unicode char U+01D3 (decimal 467)
   defining Unicode char U+01D4 (decimal 468)
   defining Unicode char U+01E2 (decimal 482)
   defining Unicode char U+01E3 (decimal 483)
   defining Unicode char U+01E6 (decimal 486)
   defining Unicode char U+01E7 (decimal 487)
   defining Unicode char U+01E8 (decimal 488)
   defining Unicode char U+01E9 (decimal 489)
   defining Unicode char U+01EA (decimal 490)
   defining Unicode char U+01EB (decimal 491)
   defining Unicode char U+01F0 (decimal 496)
   defining Unicode char U+01F4 (decimal 500)
   defining Unicode char U+01F5 (decimal 501)
   defining Unicode char U+0218 (decimal 536)
   defining Unicode char U+0219 (decimal 537)
   defining Unicode char U+021A (decimal 538)
   defining Unicode char U+021B (decimal 539)
   defining Unicode char U+0232 (decimal 562)
   defining Unicode char U+0233 (decimal 563)
   defining Unicode char U+1E02 (decimal 7682)
   defining Unicode char U+1E03 (decimal 7683)
   defining Unicode char U+200C (decimal 8204)
   defining Unicode char U+2010 (decimal 8208)
   defining Unicode char U+2011 (decimal 8209)
   defining Unicode char U+2012 (decimal 8210)
   defining Unicode char U+2013 (decimal 8211)
   defining Unicode char U+2014 (decimal 8212)
   defining Unicode char U+2015 (decimal 8213)
   defining Unicode char U+2018 (decimal 8216)
   defining Unicode char U+2019 (decimal 8217)
   defining Unicode char U+201A (decimal 8218)
   defining Unicode char U+201C (decimal 8220)
   defining Unicode char U+201D (decimal 8221)
   defining Unicode char U+201E (decimal 8222)
   defining Unicode char U+2030 (decimal 8240)
   defining Unicode char U+2031 (decimal 8241)
   defining Unicode char U+2039 (decimal 8249)
   defining Unicode char U+203A (decimal 8250)
   defining Unicode char U+2423 (decimal 9251)
   defining Unicode char U+1E20 (decimal 7712)
   defining Unicode char U+1E21 (decimal 7713)
)
Now handling font encoding OT1 ...
... processing UTF-8 mapping file for font encoding OT1

(/usr/share/texlive/texmf-dist/tex/latex/base/ot1enc.dfu
File: ot1enc.dfu 2017/01/28 v1.1t UTF-8 support for inputenc
   defining Unicode char U+00A0 (decimal 160)
   defining Unicode char U+00A1 (decimal 161)
   defining Unicode char U+00A3 (decimal 163)
   defining Unicode char U+00AD (decimal 173)
   defining Unicode char U+00B8 (decimal 184)
   defining Unicode char U+00BF (decimal 191)
   defining Unicode char U+00C5 (decimal 197)
   defining Unicode char U+00C6 (decimal 198)
   defining Unicode char U+00D8 (decimal 216)
   defining Unicode char U+00DF (decimal 223)
   defining Unicode char U+00E6 (decimal 230)
   defining Unicode char U+00EC (decimal 236)
   defining Unicode char U+00ED (decimal 237)
   defining Unicode char U+00EE (decimal 238)
   defining Unicode char U+00EF (decimal 239)
   defining Unicode char U+00F8 (decimal 248)
   defining Unicode char U+0131 (decimal 305)
   defining Unicode char U+0141 (decimal 321)
   defining Unicode char U+0142 (decimal 322)
   defining Unicode char U+0152 (decimal 338)
   defining Unicode char U+0153 (decimal 339)
   defining Unicode char U+0174 (decimal 372)
   defining Unicode char U+0175 (decimal 373)
   defining Unicode char U+0176 (decimal 374)
   defining Unicode char U+0177 (decimal 375)
   defining Unicode char U+0218 (decimal 536)
   defining Unicode char U+0219 (decimal 537)
   defining Unicode char U+021A (decimal 538)
   defining Unicode char U+021B (decimal 539)
   defining Unicode char U+2013 (decimal 8211)
   defining Unicode char U+2014 (decimal 8212)
   defining Unicode char U+2018 (decimal 8216)
   defining Unicode char U+2019 (decimal 8217)
   defining Unicode char U+201C (decimal 8220)
   defining Unicode char U+201D (decimal 8221)
)
Now handling font encoding OMS ...
... processing UTF-8 mapping file for font encoding OMS

(/usr/share/texlive/texmf-dist/tex/latex/base/omsenc.dfu
File: omsenc.dfu 2017/01/28 v1.1t UTF-8 support for inputenc
   defining Unicode char U+00A7 (decimal 167)
   defining Unicode char U+00B6 (decimal 182)
   defining Unicode char U+00B7 (decimal 183)
   defining Unicode char U+2020 (decimal 8224)
   defining Unicode char U+2021 (decimal 8225)
   defining Unicode char U+2022 (decimal 8226)
)
Now handling font encoding OMX ...
... no UTF-8 mapping file for font encoding OMX
Now handling font encoding U ...
... no UTF-8 mapping file for font encoding U
   defining Unicode char U+00A9 (decimal 169)
   defining Unicode char U+00AA (decimal 170)
   defining Unicode char U+00AE (decimal 174)
   defining Unicode char U+00BA (decimal 186)
   defining Unicode char U+02C6 (decimal 710)
   defining Unicode char U+02DC (decimal 732)
   defining Unicode char U+200C (decimal 8204)
   defining Unicode char U+2026 (decimal 8230)
   defining Unicode char U+2122 (decimal 8482)
   defining Unicode char U+2423 (decimal 9251)
))
(/usr/share/texlive/texmf-dist/tex/latex/amsfonts/amssymb.sty
Package: amssymb 2013/01/14 v3.01 AMS font symbols

(/usr/share/texlive/texmf-dist/tex/latex/amsfonts/amsfonts.sty
Package: amsfonts 2013/01/14 v3.01 Basic AMSFonts support
\@emptytoks=\toks19
\symAMSa=\mathgroup4
\symAMSb=\mathgroup5
LaTeX Font Info:    Overwriting math alphabet `\mathfrak' in version `bold'
(Font)                  U/euf/m/n --> U/euf/b/n on input line 106.
))
(/usr/share/texlive/texmf-dist/tex/latex/amsmath/amsmath.sty
Package: amsmath 2017/09/02 v2.17a AMS math features
\@mathmargin=\skip55

For additional information on amsmath, use the `?' option.
(/usr/share/texlive/texmf-dist/tex/latex/amsmath/amstext.sty
Package: amstext 2000/06/29 v2.01 AMS text

(/usr/share/texlive/texmf-dist/tex/latex/amsmath/amsgen.sty
File: amsgen.sty 1999/11/30 v2.0 generic functions
\@emptytoks=\toks20
\ex@=\dimen103
))
(/usr/share/texlive/texmf-dist/tex/latex/amsmath/amsbsy.sty
Package: amsbsy 1999/11/29 v1.2d Bold Symbols
\pmbraise@=\dimen104
)
(/usr/share/texlive/texmf-dist/tex/latex/amsmath/amsopn.sty
Package: amsopn 2016/03/08 v2.02 operator names
)
\inf@bad=\count89
LaTeX Info: Redefining \frac on input line 213.
\uproot@=\count90
\leftroot@=\count91
LaTeX Info: Redefining \overline on input line 375.
\classnum@=\count92
\DOTSCASE@=\count93
LaTeX Info: Redefining \ldots on input line 472.
LaTeX Info: Redefining \dots on input line 475.
LaTeX Info: Redefining \cdots on input line 596.
\Mathstrutbox@=\box28
\strutbox@=\box29
\big@size=\dimen105
LaTeX Font Info:    Redeclaring font encoding OML on input line 712.
LaTeX Font Info:    Redeclaring font encoding OMS on input line 713.
\macc@depth=\count94
\c@MaxMatrixCols=\count95
\dotsspace@=\muskip10
\c@parentequation=\count96
\dspbrk@lvl=\count97
\tag@help=\toks21
\row@=\count98
\column@=\count99
\maxfields@=\count100
\andhelp@=\toks22
\eqnshift@=\dimen106
\alignsep@=\dimen107
\tagshift@=\dimen108
\tagwidth@=\dimen109
\totwidth@=\dimen110
\lineht@=\dimen111
\@envbody=\toks23
\multlinegap=\skip56
\multlinetaggap=\skip57
\mathdisplay@stack=\toks24
LaTeX Info: Redefining \[ on input line 2817.
LaTeX Info: Redefining \] on input line 2818.
)
(/usr/share/texlive/texmf-dist/tex/generic/babel/babel.sty
Package: babel 2018/02/14 3.18 The Babel package

(/usr/share/texlive/texmf-dist/tex/generic/babel/switch.def
File: switch.def 2018/02/14 3.18 Babel switching mechanism
)
(/usr/share/texlive/texmf-dist/tex/generic/babel-german/ngerman.ldf
Language: ngerman 2016/11/02 v2.9 German support for babel (new orthography)

(/usr/share/texlive/texmf-dist/tex/generic/babel-german/ngermanb.ldf
Language: ngermanb 2016/11/02 v2.9 German support for babel (new orthography)

(/usr/share/texlive/texmf-dist/tex/generic/babel/babel.def
File: babel.def 2018/02/14 3.18 Babel common definitions
\babel@savecnt=\count101
\U@D=\dimen112

(/usr/share/texlive/texmf-dist/tex/generic/babel/txtbabel.def)
\bbl@dirlevel=\count102
)
Package babel Info: Making " an active character on input line 125.
)))
(/usr/share/texlive/texmf-dist/tex/latex/geometry/geometry.sty
Package: geometry 2010/09/12 v5.6 Page Geometry

(/usr/share/texlive/texmf-dist/tex/generic/oberdiek/ifpdf.sty
Package: ifpdf 2017/03/15 v3.2 Provides the ifpdf switch
)
(/usr/share/texlive/texmf-dist/tex/generic/oberdiek/ifvtex.sty
Package: ifvtex 2016/05/16 v1.6 Detect VTeX and its facilities (HO)
Package ifvtex Info: VTeX not detected.
)
(/usr/share/texlive/texmf-dist/tex/generic/ifxetex/ifxetex.sty
Package: ifxetex 2010/09/12 v0.6 Provides ifxetex conditional
)
\Gm@cnth=\count103
\Gm@cntv=\count104
\c@Gm@tempcnt=\count105
\Gm@bindingoffset=\dimen113
\Gm@wd@mp=\dimen114
\Gm@odd@mp=\dimen115
\Gm@even@mp=\dimen116
\Gm@layoutwidth=\dimen117
\Gm@layoutheight=\dimen118
\Gm@layouthoffset=\dimen119
\Gm@layoutvoffset=\dimen120
\Gm@dimlist=\toks25
)
(/usr/share/texlive/texmf-dist/tex/latex/csquotes/csquotes.sty
Package: csquotes 2018/02/11 v5.2c context-sensitive quotations (JAW)

(/usr/share/texlive/texmf-dist/tex/latex/etoolbox/etoolbox.sty
Package: etoolbox 2018/02/11 v2.5e e-TeX tools for LaTeX (JAW)
\etb@tempcnta=\count106
)
\csq@reset=\count107
\csq@gtype=\count108
\csq@glevel=\count109
\csq@qlevel=\count110
\csq@maxlvl=\count111
\csq@tshold=\count112
\csq@ltx@everypar=\toks26

(/usr/share/texlive/texmf-dist/tex/latex/csquotes/csquotes.def
File: csquotes.def 2018/02/11 v5.2c csquotes generic definitions (JAW)
)
Package csquotes Info: Trying to load configuration file 'csquotes.cfg'...
Package csquotes Info: ... configuration file loaded successfully.

(/usr/share/texlive/texmf-dist/tex/latex/csquotes/csquotes.cfg
File: csquotes.cfg 
))
(/usr/share/texlive/texmf-dist/tex/latex/pdfsync/pdfsync.sty
Package: pdfsync 2008/01/26 v1.1
)
(/usr/share/texlive/texmf-dist/tex/latex/tools/enumerate.sty
Package: enumerate 2015/07/23 v3.00 enumerate extensions (DPC)
\@enLab=\toks27
)
(/usr/share/texlive/texmf-dist/tex/latex/graphics/graphicx.sty
Package: graphicx 2017/06/01 v1.1a Enhanced LaTeX Graphics (DPC,SPQR)

(/usr/share/texlive/texmf-dist/tex/latex/graphics/graphics.sty
Package: graphics 2017/06/25 v1.2c Standard LaTeX Graphics (DPC,SPQR)

(/usr/share/texlive/texmf-dist/tex/latex/graphics/trig.sty
Package: trig 2016/01/03 v1.10 sin cos tan (DPC)
)
(/usr/share/texlive/texmf-dist/tex/latex/graphics-cfg/graphics.cfg
File: graphics.cfg 2016/06/04 v1.11 sample graphics configuration
)
Package graphics Info: Driver file: pdftex.def on input line 99.

(/usr/share/texlive/texmf-dist/tex/latex/graphics-def/pdftex.def
File: pdftex.def 2018/01/08 v1.0l Graphics/color driver for pdftex
))
\Gin@req@height=\dimen121
\Gin@req@width=\dimen122
)
(/usr/share/texlive/texmf-dist/tex/latex/hyperref/hyperref.sty
Package: hyperref 2018/02/06 v6.86b Hypertext links for LaTeX

(/usr/share/texlive/texmf-dist/tex/generic/oberdiek/hobsub-hyperref.sty
Package: hobsub-hyperref 2016/05/16 v1.14 Bundle oberdiek, subset hyperref (HO)


(/usr/share/texlive/texmf-dist/tex/generic/oberdiek/hobsub-generic.sty
Package: hobsub-generic 2016/05/16 v1.14 Bundle oberdiek, subset generic (HO)
Package: hobsub 2016/05/16 v1.14 Construct package bundles (HO)
Package: infwarerr 2016/05/16 v1.4 Providing info/warning/error messages (HO)
Package: ltxcmds 2016/05/16 v1.23 LaTeX kernel commands for general use (HO)
Package: ifluatex 2016/05/16 v1.4 Provides the ifluatex switch (HO)
Package ifluatex Info: LuaTeX not detected.
Package hobsub Info: Skipping package `ifvtex' (already loaded).
Package: intcalc 2016/05/16 v1.2 Expandable calculations with integers (HO)
Package hobsub Info: Skipping package `ifpdf' (already loaded).
Package: etexcmds 2016/05/16 v1.6 Avoid name clashes with e-TeX commands (HO)
Package etexcmds Info: Could not find \expanded.
(etexcmds)             That can mean that you are not using pdfTeX 1.50 or
(etexcmds)             that some package has redefined \expanded.
(etexcmds)             In the latter case, load this package earlier.
Package: kvsetkeys 2016/05/16 v1.17 Key value parser (HO)
Package: kvdefinekeys 2016/05/16 v1.4 Define keys (HO)
Package: pdftexcmds 2018/01/21 v0.26 Utility functions of pdfTeX for LuaTeX (HO
)
Package pdftexcmds Info: LuaTeX not detected.
Package pdftexcmds Info: \pdf@primitive is available.
Package pdftexcmds Info: \pdf@ifprimitive is available.
Package pdftexcmds Info: \pdfdraftmode found.
Package: pdfescape 2016/05/16 v1.14 Implements pdfTeX's escape features (HO)
Package: bigintcalc 2016/05/16 v1.4 Expandable calculations on big integers (HO
)
Package: bitset 2016/05/16 v1.2 Handle bit-vector datatype (HO)
Package: uniquecounter 2016/05/16 v1.3 Provide unlimited unique counter (HO)
)
Package hobsub Info: Skipping package `hobsub' (already loaded).
Package: letltxmacro 2016/05/16 v1.5 Let assignment for LaTeX macros (HO)
Package: hopatch 2016/05/16 v1.3 Wrapper for package hooks (HO)
Package: xcolor-patch 2016/05/16 xcolor patch
Package: atveryend 2016/05/16 v1.9 Hooks at the very end of document (HO)
Package: atbegshi 2016/06/09 v1.18 At begin shipout hook (HO)
Package: refcount 2016/05/16 v3.5 Data extraction from label references (HO)
Package: hycolor 2016/05/16 v1.8 Color options for hyperref/bookmark (HO)
)
(/usr/share/texlive/texmf-dist/tex/latex/oberdiek/auxhook.sty
Package: auxhook 2016/05/16 v1.4 Hooks for auxiliary files (HO)
)
(/usr/share/texlive/texmf-dist/tex/latex/oberdiek/kvoptions.sty
Package: kvoptions 2016/05/16 v3.12 Key value format for package options (HO)
)
\@linkdim=\dimen123
\Hy@linkcounter=\count113
\Hy@pagecounter=\count114

(/usr/share/texlive/texmf-dist/tex/latex/hyperref/pd1enc.def
File: pd1enc.def 2018/02/06 v6.86b Hyperref: PDFDocEncoding definition (HO)
Now handling font encoding PD1 ...
... no UTF-8 mapping file for font encoding PD1
)
\Hy@SavedSpaceFactor=\count115

(/usr/share/texlive/texmf-dist/tex/latex/latexconfig/hyperref.cfg
File: hyperref.cfg 2002/06/06 v1.2 hyperref configuration of TeXLive
)
Package hyperref Info: Hyper figures OFF on input line 4509.
Package hyperref Info: Link nesting OFF on input line 4514.
Package hyperref Info: Hyper index ON on input line 4517.
Package hyperref Info: Plain pages OFF on input line 4524.
Package hyperref Info: Backreferencing OFF on input line 4529.
Package hyperref Info: Implicit mode ON; LaTeX internals redefined.
Package hyperref Info: Bookmarks ON on input line 4762.
\c@Hy@tempcnt=\count116

(/usr/share/texlive/texmf-dist/tex/latex/url/url.sty
\Urlmuskip=\muskip11
Package: url 2013/09/16  ver 3.4  Verb mode for urls, etc.
)
LaTeX Info: Redefining \url on input line 5115.
\XeTeXLinkMargin=\dimen124
\Fld@menulength=\count117
\Field@Width=\dimen125
\Fld@charsize=\dimen126
Package hyperref Info: Hyper figures OFF on input line 6369.
Package hyperref Info: Link nesting OFF on input line 6374.
Package hyperref Info: Hyper index ON on input line 6377.
Package hyperref Info: backreferencing OFF on input line 6384.
Package hyperref Info: Link coloring OFF on input line 6389.
Package hyperref Info: Link coloring with OCG OFF on input line 6394.
Package hyperref Info: PDF/A mode OFF on input line 6399.
LaTeX Info: Redefining \ref on input line 6439.
LaTeX Info: Redefining \pageref on input line 6443.
\Hy@abspage=\count118
\c@Item=\count119
\c@Hfootnote=\count120
)
Package hyperref Info: Driver (autodetected): hpdftex.

(/usr/share/texlive/texmf-dist/tex/latex/hyperref/hpdftex.def
File: hpdftex.def 2018/02/06 v6.86b Hyperref driver for pdfTeX
\Fld@listcount=\count121
\c@bookmark@seq@number=\count122

(/usr/share/texlive/texmf-dist/tex/latex/oberdiek/rerunfilecheck.sty
Package: rerunfilecheck 2016/05/16 v1.8 Rerun checks for auxiliary files (HO)
Package uniquecounter Info: New unique counter `rerunfilecheck' on input line 2
82.
)
\Hy@SectionHShift=\skip58
)
Package hyperref Info: Option `colorlinks' set `false' on input line 24.
Package hyperref Info: Option `plainpages' set `false' on input line 24.

(/usr/share/texlive/texmf-dist/tex/latex/tools/multicol.sty
Package: multicol 2017/04/11 v1.8q multicolumn formatting (FMi)
\c@tracingmulticols=\count123
\mult@box=\box30
\multicol@leftmargin=\dimen127
\c@unbalance=\count124
\c@collectmore=\count125
\doublecol@number=\count126
\multicoltolerance=\count127
\multicolpretolerance=\count128
\full@width=\dimen128
\page@free=\dimen129
\premulticols=\dimen130
\postmulticols=\dimen131
\multicolsep=\skip59
\multicolbaselineskip=\skip60
\partial@page=\box31
\last@line=\box32
\maxbalancingoverflow=\dimen132
\mult@rightbox=\box33
\mult@grightbox=\box34
\mult@gfirstbox=\box35
\mult@firstbox=\box36
\@tempa=\box37
\@tempa=\box38
\@tempa=\box39
\@tempa=\box40
\@tempa=\box41
\@tempa=\box42
\@tempa=\box43
\@tempa=\box44
\@tempa=\box45
\@tempa=\box46
\@tempa=\box47
\@tempa=\box48
\@tempa=\box49
\@tempa=\box50
\@tempa=\box51
\@tempa=\box52
\@tempa=\box53
\c@columnbadness=\count129
\c@finalcolumnbadness=\count130
\last@try=\dimen133
\multicolovershoot=\dimen134
\multicolundershoot=\dimen135
\mult@nat@firstbox=\box54
\colbreak@box=\box55
\mc@col@check@num=\count131
)
Package csquotes Info: Checking for multilingual support...
Package csquotes Info: ... found 'babel' package.
Package csquotes Info: Adjusting default style.
Package csquotes Info: Redefining alias 'default' -> 'ngerman'.
 (./aufgaben.aux)
\openout1 = `aufgaben.aux'.

LaTeX Font Info:    Checking defaults for OML/cmm/m/it on input line 26.
LaTeX Font Info:    ... okay on input line 26.
LaTeX Font Info:    Checking defaults for T1/cmr/m/n on input line 26.
LaTeX Font Info:    ... okay on input line 26.
LaTeX Font Info:    Checking defaults for OT1/cmr/m/n on input line 26.
LaTeX Font Info:    ... okay on input line 26.
LaTeX Font Info:    Checking defaults for OMS/cmsy/m/n on input line 26.
LaTeX Font Info:    ... okay on input line 26.
LaTeX Font Info:    Checking defaults for OMX/cmex/m/n on input line 26.
LaTeX Font Info:    ... okay on input line 26.
LaTeX Font Info:    Checking defaults for U/cmr/m/n on input line 26.
LaTeX Font Info:    ... okay on input line 26.
LaTeX Font Info:    Checking defaults for PD1/pdf/m/n on input line 26.
LaTeX Font Info:    ... okay on input line 26.

*geometry* driver: auto-detecting
*geometry* detected driver: pdftex
*geometry* verbose mode - [ preamble ] result:
* driver: pdftex
* paper: a4paper
* layout: <same size as paper>
* layoutoffset:(h,v)=(0.0pt,0.0pt)
* modes: 
* h-part:(L,W,R)=(89.62709pt, 418.25368pt, 89.6271pt)
* v-part:(T,H,B)=(108.405pt, 628.23685pt, 108.405pt)
* \paperwidth=597.50787pt
* \paperheight=845.04684pt
* \textwidth=418.25368pt
* \textheight=628.23685pt
* \oddsidemargin=17.3571pt
* \evensidemargin=17.3571pt
* \topmargin=-1.265pt
* \headheight=17.0pt
* \headsep=20.40001pt
* \topskip=11.0pt
* \footskip=47.6pt
* \marginparwidth=59.7508pt
* \marginparsep=12.8401pt
* \columnsep=10.0pt
* \skip\footins=10.0pt plus 4.0pt minus 2.0pt
* \hoffset=0.0pt
* \voffset=0.0pt
* \mag=1000
* \@twocolumnfalse
* \@twosidefalse
* \@mparswitchfalse
* \@reversemarginfalse
* (1in=72.27pt=25.4mm, 1cm=28.453pt)

Configuring pdfsync
\PDFSYNC@ut=\write3
\openout3 = `aufgaben.pdfsync'.

\PDFSYNCf@li@=\count132
\PDFSYNC@rder=\count133
**** pdfsync.sty: Synchronizing at \everypar
\PDFSYNCeveryp@r=\toks28
**** pdfsync.sty: Synchronizing at \everymath
\PDFSYNCeverym@th=\toks29
**** pdfsync.sty: Synchronizing at \everyhbox
\PDFSYNCeveryhb@x=\toks30
**** pdfsync.sty: Synchronizing at \everyvbox
\PDFSYNCeveryvb@x=\toks31
**** pdfsync.sty: started
(/usr/share/texlive/texmf-dist/tex/context/base/mkii/supp-pdf.mkii
[Loading MPS to PDF converter (version 2006.09.02).]
\scratchcounter=\count134
\scratchdimen=\dimen136
\scratchbox=\box56
\nofMPsegments=\count135
\nofMParguments=\count136
\everyMPshowfont=\toks32
\MPscratchCnt=\count137
\MPscratchDim=\dimen137
\MPnumerator=\count138
\makeMPintoPDFobject=\count139
\everyMPtoPDFconversion=\toks33
) (/usr/share/texlive/texmf-dist/tex/latex/oberdiek/epstopdf-base.sty
Package: epstopdf-base 2016/05/15 v2.6 Base part for package epstopdf

(/usr/share/texlive/texmf-dist/tex/latex/oberdiek/grfext.sty
Package: grfext 2016/05/16 v1.2 Manage graphics extensions (HO)
)
Package epstopdf-base Info: Redefining graphics rule for `.eps' on input line 4
38.
Package grfext Info: Graphics extension search list:
(grfext)             [.pdf,.png,.jpg,.mps,.jpeg,.jbig2,.jb2,.PDF,.PNG,.JPG,.JPE
G,.JBIG2,.JB2,.eps]
(grfext)             \AppendGraphicsExtensions on input line 456.

(/usr/share/texlive/texmf-dist/tex/latex/latexconfig/epstopdf-sys.cfg
File: epstopdf-sys.cfg 2010/07/13 v1.3 Configuration of (r)epstopdf for TeX Liv
e
))
\AtBeginShipoutBox=\box57
Package hyperref Info: Link coloring OFF on input line 26.

(/usr/share/texlive/texmf-dist/tex/latex/hyperref/nameref.sty
Package: nameref 2016/05/21 v2.44 Cross-referencing by name of section

(/usr/share/texlive/texmf-dist/tex/generic/oberdiek/gettitlestring.sty
Package: gettitlestring 2016/05/16 v1.5 Cleanup title references (HO)
)
\c@section@level=\count140
)
LaTeX Info: Redefining \ref on input line 26.
LaTeX Info: Redefining \pageref on input line 26.
LaTeX Info: Redefining \nameref on input line 26.

(./aufgaben.out) (./aufgaben.out)
\@outlinefile=\write4
\openout4 = `aufgaben.out'.

LaTeX Font Info:    Try loading font information for T1+cmss on input line 33.

(/usr/share/texlive/texmf-dist/tex/latex/base/t1cmss.fd
File: t1cmss.fd 2014/09/29 v2.5h Standard LaTeX font definitions
)
LaTeX Font Info:    Try loading font information for U+msa on input line 33.

(/usr/share/texlive/texmf-dist/tex/latex/amsfonts/umsa.fd
File: umsa.fd 2013/01/14 v3.01 AMS symbols A
)
LaTeX Font Info:    Try loading font information for U+msb on input line 33.

(/usr/share/texlive/texmf-dist/tex/latex/amsfonts/umsb.fd
File: umsb.fd 2013/01/14 v3.01 AMS symbols B
)
Package babel Info: Redefining ngerman shorthand "|
(babel)             in language  on input line 33.
Package babel Info: Redefining ngerman shorthand "~
(babel)             in language  on input line 33.
Package babel Info: Redefining ngerman shorthand "|
(babel)             in language  on input line 33.
Package babel Info: Redefining ngerman shorthand "~
(babel)             in language  on input line 33.
 [1


{/var/lib/texmf/fonts/map/pdftex/updmap/pdftex.map}] (./aufgaben.toc
Package babel Info: Redefining ngerman shorthand "|
(babel)             in language  on input line 44.
Package babel Info: Redefining ngerman shorthand "~
(babel)             in language  on input line 44.
Package babel Info: Redefining ngerman shorthand "|
(babel)             in language  on input line 44.
Package babel Info: Redefining ngerman shorthand "~
(babel)             in language  on input line 44.
 [2]
Package babel Info: Redefining ngerman shorthand "|
(babel)             in language  on input line 83.
Package babel Info: Redefining ngerman shorthand "~
(babel)             in language  on input line 83.
Package babel Info: Redefining ngerman shorthand "|
(babel)             in language  on input line 83.
Package babel Info: Redefining ngerman shorthand "~
(babel)             in language  on input line 83.
 [3])
\tf@toc=\write5
\openout5 = `aufgaben.toc'.

Package babel Info: Redefining ngerman shorthand "|
(babel)             in language  on input line 35.
Package babel Info: Redefining ngerman shorthand "~
(babel)             in language  on input line 35.
Package babel Info: Redefining ngerman shorthand "|
(babel)             in language  on input line 35.
Package babel Info: Redefining ngerman shorthand "~
(babel)             in language  on input line 35.
 [4]
Package babel Info: Redefining ngerman shorthand "|
(babel)             in language  on input line 36.
Package babel Info: Redefining ngerman shorthand "~
(babel)             in language  on input line 36.
Package babel Info: Redefining ngerman shorthand "|
(babel)             in language  on input line 38.
Package babel Info: Redefining ngerman shorthand "~
(babel)             in language  on input line 38.
LaTeX Font Info:    Try loading font information for OMS+cmr on input line 42.

(/usr/share/texlive/texmf-dist/tex/latex/base/omscmr.fd
File: omscmr.fd 2014/09/29 v2.5h Standard LaTeX font definitions
)
LaTeX Font Info:    Font shape `OMS/cmr/m/n' in size <10.95> not available
(Font)              Font shape `OMS/cmsy/m/n' tried instead on input line 42.
Package babel Info: Redefining ngerman shorthand "|
(babel)             in language  on input line 50.
Package babel Info: Redefining ngerman shorthand "~
(babel)             in language  on input line 50.
Package babel Info: Redefining ngerman shorthand "|
(babel)             in language  on input line 65.
Package babel Info: Redefining ngerman shorthand "~
(babel)             in language  on input line 65.

Underfull \hbox (badness 10000) in paragraph at lines 66--80

 []

Package babel Info: Redefining ngerman shorthand "|
(babel)             in language  on input line 81.
Package babel Info: Redefining ngerman shorthand "~
(babel)             in language  on input line 81.
Package babel Info: Redefining ngerman shorthand "|
(babel)             in language  on input line 81.
Package babel Info: Redefining ngerman shorthand "~
(babel)             in language  on input line 81.
pdfTeX warning (ext4): destination with the same identifier (name{page.1}) has 
been already used, duplicate ignored
<to be read again> 
                   \relax 
l.81 \subsection
                {Berechnungen (II)} [1]
Package babel Info: Redefining ngerman shorthand "|
(babel)             in language  on input line 81.
Package babel Info: Redefining ngerman shorthand "~
(babel)             in language  on input line 81.

Underfull \hbox (badness 10000) in paragraph at lines 82--97

 []

Package babel Info: Redefining ngerman shorthand "|
(babel)             in language  on input line 97.
Package babel Info: Redefining ngerman shorthand "~
(babel)             in language  on input line 97.
Package babel Info: Redefining ngerman shorthand "|
(babel)             in language  on input line 97.
Package babel Info: Redefining ngerman shorthand "~
(babel)             in language  on input line 97.
pdfTeX warning (ext4): destination with the same identifier (name{page.2}) has 
been already used, duplicate ignored
<to be read again> 
                   \relax 
l.97 \newpage
              [2]
Package babel Info: Redefining ngerman shorthand "|
(babel)             in language  on input line 98.
Package babel Info: Redefining ngerman shorthand "~
(babel)             in language  on input line 98.

Underfull \hbox (badness 10000) in paragraph at lines 99--115

 []

Package babel Info: Redefining ngerman shorthand "|
(babel)             in language  on input line 116.
Package babel Info: Redefining ngerman shorthand "~
(babel)             in language  on input line 116.

Underfull \hbox (badness 10000) in paragraph at lines 117--132

 []

Package babel Info: Redefining ngerman shorthand "|
(babel)             in language  on input line 132.
Package babel Info: Redefining ngerman shorthand "~
(babel)             in language  on input line 132.
Package babel Info: Redefining ngerman shorthand "|
(babel)             in language  on input line 132.
Package babel Info: Redefining ngerman shorthand "~
(babel)             in language  on input line 132.
pdfTeX warning (ext4): destination with the same identifier (name{page.3}) has 
been already used, duplicate ignored
<to be read again> 
                   \relax 
l.132 \newpage
               [3]
Package babel Info: Redefining ngerman shorthand "|
(babel)             in language  on input line 133.
Package babel Info: Redefining ngerman shorthand "~
(babel)             in language  on input line 133.


pdfTeX warning: /usr/bin/pdflatex (file ./Bilder/Klassik_Kreislauf_Diagramm_Auf
gabe.pdf): PDF inclusion: found PDF version <1.6>, but at most version <1.5> al
lowed
<Bilder/Klassik_Kreislauf_Diagramm_Aufgabe.pdf, id=451, 505.23567pt x 309.44809
pt>
File: Bilder/Klassik_Kreislauf_Diagramm_Aufgabe.pdf Graphic file (type pdf)
<use Bilder/Klassik_Kreislauf_Diagramm_Aufgabe.pdf>
Package pdftex.def Info: Bilder/Klassik_Kreislauf_Diagramm_Aufgabe.pdf  used on
 input line 135.
(pdftex.def)             Requested size: 418.25368pt x 256.18079pt.

Underfull \hbox (badness 10000) in paragraph at lines 134--136

 []

Package babel Info: Redefining ngerman shorthand "|
(babel)             in language  on input line 137.
Package babel Info: Redefining ngerman shorthand "~
(babel)             in language  on input line 137.
Package babel Info: Redefining ngerman shorthand "|
(babel)             in language  on input line 140.
Package babel Info: Redefining ngerman shorthand "~
(babel)             in language  on input line 140.
Package babel Info: Redefining ngerman shorthand "|
(babel)             in language  on input line 147.
Package babel Info: Redefining ngerman shorthand "~
(babel)             in language  on input line 147.
Package babel Info: Redefining ngerman shorthand "|
(babel)             in language  on input line 150.
Package babel Info: Redefining ngerman shorthand "~
(babel)             in language  on input line 150.
Package babel Info: Redefining ngerman shorthand "|
(babel)             in language  on input line 150.
Package babel Info: Redefining ngerman shorthand "~
(babel)             in language  on input line 150.
pdfTeX warning (ext4): destination with the same identifier (name{page.4}) has 
been already used, duplicate ignored
<to be read again> 
                   \relax 
l.150 	\item
             Wie lautet der Zusammenhang zwischen BIP und Y? Warum ist dies so?
[4 <./Bilder/Klassik_Kreislauf_Diagramm_Aufgabe.pdf, page is rotated 270 degree
s>]
Package babel Info: Redefining ngerman shorthand "|
(babel)             in language  on input line 155.
Package babel Info: Redefining ngerman shorthand "~
(babel)             in language  on input line 155.
Package babel Info: Redefining ngerman shorthand "|
(babel)             in language  on input line 172.
Package babel Info: Redefining ngerman shorthand "~
(babel)             in language  on input line 172.
Package babel Info: Redefining ngerman shorthand "|
(babel)             in language  on input line 172.
Package babel Info: Redefining ngerman shorthand "~
(babel)             in language  on input line 172.
 [5]
Package babel Info: Redefining ngerman shorthand "|
(babel)             in language  on input line 180.
Package babel Info: Redefining ngerman shorthand "~
(babel)             in language  on input line 180.
Package babel Info: Redefining ngerman shorthand "|
(babel)             in language  on input line 201.
Package babel Info: Redefining ngerman shorthand "~
(babel)             in language  on input line 201.
Package babel Info: Redefining ngerman shorthand "|
(babel)             in language  on input line 204.
Package babel Info: Redefining ngerman shorthand "~
(babel)             in language  on input line 204.
Package babel Info: Redefining ngerman shorthand "|
(babel)             in language  on input line 204.
Package babel Info: Redefining ngerman shorthand "~
(babel)             in language  on input line 204.
 [6]
Package babel Info: Redefining ngerman shorthand "|
(babel)             in language  on input line 204.
Package babel Info: Redefining ngerman shorthand "~
(babel)             in language  on input line 204.

Overfull \hbox (1.65555pt too wide) in paragraph at lines 205--207
[][]\T1/cmr/m/n/10.95 Die fol-gen-de Ta-bel-le be-schreibt die Ent-wick-lung de
s rea-len Brut-to-in-land-s-pro-duk-tes (BIP),
 []

Package babel Info: Redefining ngerman shorthand "|
(babel)             in language  on input line 225.
Package babel Info: Redefining ngerman shorthand "~
(babel)             in language  on input line 225.
Package babel Info: Redefining ngerman shorthand "|
(babel)             in language  on input line 235.
Package babel Info: Redefining ngerman shorthand "~
(babel)             in language  on input line 235.
Package babel Info: Redefining ngerman shorthand "|
(babel)             in language  on input line 235.
Package babel Info: Redefining ngerman shorthand "~
(babel)             in language  on input line 235.
[7]
Overfull \hbox (46.91093pt too wide) in paragraph at lines 236--248
 [] 
 []


Overfull \hbox (8.24396pt too wide) in paragraph at lines 249--250
[][]\T1/cmr/m/n/10.95 Berechnen Sie das BIP die-ser Volks-wirt-schaft mit-tels 
der Entstehungs-, Verwendungs-
 []

Package babel Info: Redefining ngerman shorthand "|
(babel)             in language  on input line 251.
Package babel Info: Redefining ngerman shorthand "~
(babel)             in language  on input line 251.
Package babel Info: Redefining ngerman shorthand "|
(babel)             in language  on input line 251.
Package babel Info: Redefining ngerman shorthand "~
(babel)             in language  on input line 251.
[8]
Package babel Info: Redefining ngerman shorthand "|
(babel)             in language  on input line 252.
Package babel Info: Redefining ngerman shorthand "~
(babel)             in language  on input line 252.
Package babel Info: Redefining ngerman shorthand "|
(babel)             in language  on input line 254.
Package babel Info: Redefining ngerman shorthand "~
(babel)             in language  on input line 254.
Package babel Info: Redefining ngerman shorthand "|
(babel)             in language  on input line 271.
Package babel Info: Redefining ngerman shorthand "~
(babel)             in language  on input line 271.
Package babel Info: Redefining ngerman shorthand "|
(babel)             in language  on input line 282.
Package babel Info: Redefining ngerman shorthand "~
(babel)             in language  on input line 282.
Package babel Info: Redefining ngerman shorthand "|
(babel)             in language  on input line 284.
Package babel Info: Redefining ngerman shorthand "~
(babel)             in language  on input line 284.
Package babel Info: Redefining ngerman shorthand "|
(babel)             in language  on input line 284.
Package babel Info: Redefining ngerman shorthand "~
(babel)             in language  on input line 284.
 [9]
Package babel Info: Redefining ngerman shorthand "|
(babel)             in language  on input line 284.
Package babel Info: Redefining ngerman shorthand "~
(babel)             in language  on input line 284.
Package babel Info: Redefining ngerman shorthand "|
(babel)             in language  on input line 287.
Package babel Info: Redefining ngerman shorthand "~
(babel)             in language  on input line 287.
Package babel Info: Redefining ngerman shorthand "|
(babel)             in language  on input line 290.
Package babel Info: Redefining ngerman shorthand "~
(babel)             in language  on input line 290.
Package babel Info: Redefining ngerman shorthand "|
(babel)             in language  on input line 301.
Package babel Info: Redefining ngerman shorthand "~
(babel)             in language  on input line 301.
Package babel Info: Redefining ngerman shorthand "|
(babel)             in language  on input line 301.
Package babel Info: Redefining ngerman shorthand "~
(babel)             in language  on input line 301.
 [10]
Overfull \hbox (7.21248pt too wide) in paragraph at lines 309--310
[][][]\T1/cmr/m/n/10.95 Die Quan-ti-täts-glei-chung be-sagt, dass die Um-lauf-g
e-schwin-dig-keit kon-stant ist. (falsch) 
 []

Package babel Info: Redefining ngerman shorthand "|
(babel)             in language  on input line 319.
Package babel Info: Redefining ngerman shorthand "~
(babel)             in language  on input line 319.
Package babel Info: Redefining ngerman shorthand "|
(babel)             in language  on input line 319.
Package babel Info: Redefining ngerman shorthand "~
(babel)             in language  on input line 319.
[11]
Overfull \hbox (16.56104pt too wide) in paragraph at lines 321--322
[][][]\T1/cmr/m/n/10.95 Gemäÿ Quan-ti-täts-glei-chung ver-dop-peln sich bei ei-
ner Geld-men-gen-ver-dopp-lung zwangs-
 []

Package babel Info: Redefining ngerman shorthand "|
(babel)             in language  on input line 334.
Package babel Info: Redefining ngerman shorthand "~
(babel)             in language  on input line 334.
Package babel Info: Redefining ngerman shorthand "|
(babel)             in language  on input line 334.
Package babel Info: Redefining ngerman shorthand "~
(babel)             in language  on input line 334.
[12]
Package babel Info: Redefining ngerman shorthand "|
(babel)             in language  on input line 335.
Package babel Info: Redefining ngerman shorthand "~
(babel)             in language  on input line 335.
Package babel Info: Redefining ngerman shorthand "|
(babel)             in language  on input line 336.
Package babel Info: Redefining ngerman shorthand "~
(babel)             in language  on input line 336.
Package babel Info: Redefining ngerman shorthand "|
(babel)             in language  on input line 376.
Package babel Info: Redefining ngerman shorthand "~
(babel)             in language  on input line 376.
Package babel Info: Redefining ngerman shorthand "|
(babel)             in language  on input line 379.
Package babel Info: Redefining ngerman shorthand "~
(babel)             in language  on input line 379.
Package babel Info: Redefining ngerman shorthand "|
(babel)             in language  on input line 379.
Package babel Info: Redefining ngerman shorthand "~
(babel)             in language  on input line 379.
 [13]
Package babel Info: Redefining ngerman shorthand "|
(babel)             in language  on input line 384.
Package babel Info: Redefining ngerman shorthand "~
(babel)             in language  on input line 384.
Package babel Info: Redefining ngerman shorthand "|
(babel)             in language  on input line 406.
Package babel Info: Redefining ngerman shorthand "~
(babel)             in language  on input line 406.
Package babel Info: Redefining ngerman shorthand "|
(babel)             in language  on input line 415.
Package babel Info: Redefining ngerman shorthand "~
(babel)             in language  on input line 415.
Package babel Info: Redefining ngerman shorthand "|
(babel)             in language  on input line 423.
Package babel Info: Redefining ngerman shorthand "~
(babel)             in language  on input line 423.
Package babel Info: Redefining ngerman shorthand "|
(babel)             in language  on input line 423.
Package babel Info: Redefining ngerman shorthand "~
(babel)             in language  on input line 423.
 [14]
Package babel Info: Redefining ngerman shorthand "|
(babel)             in language  on input line 428.
Package babel Info: Redefining ngerman shorthand "~
(babel)             in language  on input line 428.
Package babel Info: Redefining ngerman shorthand "|
(babel)             in language  on input line 429.
Package babel Info: Redefining ngerman shorthand "~
(babel)             in language  on input line 429.
Package babel Info: Redefining ngerman shorthand "|
(babel)             in language  on input line 452.
Package babel Info: Redefining ngerman shorthand "~
(babel)             in language  on input line 452.
Package babel Info: Redefining ngerman shorthand "|
(babel)             in language  on input line 455.
Package babel Info: Redefining ngerman shorthand "~
(babel)             in language  on input line 455.
Package babel Info: Redefining ngerman shorthand "|
(babel)             in language  on input line 455.
Package babel Info: Redefining ngerman shorthand "~
(babel)             in language  on input line 455.
 [15]
Package babel Info: Redefining ngerman shorthand "|
(babel)             in language  on input line 455.
Package babel Info: Redefining ngerman shorthand "~
(babel)             in language  on input line 455.
Package babel Info: Redefining ngerman shorthand "|
(babel)             in language  on input line 469.
Package babel Info: Redefining ngerman shorthand "~
(babel)             in language  on input line 469.
Package babel Info: Redefining ngerman shorthand "|
(babel)             in language  on input line 471.
Package babel Info: Redefining ngerman shorthand "~
(babel)             in language  on input line 471.
Package babel Info: Redefining ngerman shorthand "|
(babel)             in language  on input line 491.
Package babel Info: Redefining ngerman shorthand "~
(babel)             in language  on input line 491.
Package babel Info: Redefining ngerman shorthand "|
(babel)             in language  on input line 491.
Package babel Info: Redefining ngerman shorthand "~
(babel)             in language  on input line 491.
 [16]
Overfull \hbox (6.45625pt too wide) in paragraph at lines 494--496
[][][]\T1/cmr/m/n/10.95 Erhöhung au-to-no-mer In-ves-ti-tio-nen (Re-gie-rung ve
r-brei-tet Auf-bruchs-s-tim-mung), 
 []

Package babel Info: Redefining ngerman shorthand "|
(babel)             in language  on input line 500.
Package babel Info: Redefining ngerman shorthand "~
(babel)             in language  on input line 500.
Package babel Info: Redefining ngerman shorthand "|
(babel)             in language  on input line 504.
Package babel Info: Redefining ngerman shorthand "~
(babel)             in language  on input line 504.

Underfull \hbox (badness 10000) in paragraph at lines 505--507

 []



pdfTeX warning: /usr/bin/pdflatex (file ./Bilder/ISLM2.pdf): PDF inclusion: fou
nd PDF version <1.6>, but at most version <1.5> allowed
<Bilder/ISLM2.pdf, id=648, 339.67102pt x 241.11981pt>
File: Bilder/ISLM2.pdf Graphic file (type pdf)
<use Bilder/ISLM2.pdf>
Package pdftex.def Info: Bilder/ISLM2.pdf  used on input line 507.
(pdftex.def)             Requested size: 209.12683pt x 148.4552pt.
Package babel Info: Redefining ngerman shorthand "|
(babel)             in language  on input line 512.
Package babel Info: Redefining ngerman shorthand "~
(babel)             in language  on input line 512.
Package babel Info: Redefining ngerman shorthand "|
(babel)             in language  on input line 512.
Package babel Info: Redefining ngerman shorthand "~
(babel)             in language  on input line 512.
[17 <./Bilder/ISLM2.pdf>]
Package babel Info: Redefining ngerman shorthand "|
(babel)             in language  on input line 517.
Package babel Info: Redefining ngerman shorthand "~
(babel)             in language  on input line 517.
Package babel Info: Redefining ngerman shorthand "|
(babel)             in language  on input line 526.
Package babel Info: Redefining ngerman shorthand "~
(babel)             in language  on input line 526.
Package babel Info: Redefining ngerman shorthand "|
(babel)             in language  on input line 533.
Package babel Info: Redefining ngerman shorthand "~
(babel)             in language  on input line 533.
Package babel Info: Redefining ngerman shorthand "|
(babel)             in language  on input line 544.
Package babel Info: Redefining ngerman shorthand "~
(babel)             in language  on input line 544.
Package babel Info: Redefining ngerman shorthand "|
(babel)             in language  on input line 544.
Package babel Info: Redefining ngerman shorthand "~
(babel)             in language  on input line 544.
 [18]

LaTeX Warning: The counter will not be printed.
             The label is: (c) on input line 561.

Package babel Info: Redefining ngerman shorthand "|
(babel)             in language  on input line 565.
Package babel Info: Redefining ngerman shorthand "~
(babel)             in language  on input line 565.

Underfull \hbox (badness 10000) in paragraph at lines 566--568

 []

File: Bilder/ISLM2.pdf Graphic file (type pdf)
<use Bilder/ISLM2.pdf>
Package pdftex.def Info: Bilder/ISLM2.pdf  used on input line 568.
(pdftex.def)             Requested size: 209.12683pt x 148.4552pt.
Package babel Info: Redefining ngerman shorthand "|
(babel)             in language  on input line 574.
Package babel Info: Redefining ngerman shorthand "~
(babel)             in language  on input line 574.
Package babel Info: Redefining ngerman shorthand "|
(babel)             in language  on input line 574.
Package babel Info: Redefining ngerman shorthand "~
(babel)             in language  on input line 574.
[19]
Package babel Info: Redefining ngerman shorthand "|
(babel)             in language  on input line 592.
Package babel Info: Redefining ngerman shorthand "~
(babel)             in language  on input line 592.
Package babel Info: Redefining ngerman shorthand "|
(babel)             in language  on input line 602.
Package babel Info: Redefining ngerman shorthand "~
(babel)             in language  on input line 602.
Package babel Info: Redefining ngerman shorthand "|
(babel)             in language  on input line 602.
Package babel Info: Redefining ngerman shorthand "~
(babel)             in language  on input line 602.
 [20]
Package babel Info: Redefining ngerman shorthand "|
(babel)             in language  on input line 606.
Package babel Info: Redefining ngerman shorthand "~
(babel)             in language  on input line 606.
Package babel Info: Redefining ngerman shorthand "|
(babel)             in language  on input line 606.
Package babel Info: Redefining ngerman shorthand "~
(babel)             in language  on input line 606.
 [21]
Package babel Info: Redefining ngerman shorthand "|
(babel)             in language  on input line 608.
Package babel Info: Redefining ngerman shorthand "~
(babel)             in language  on input line 608.
Package babel Info: Redefining ngerman shorthand "|
(babel)             in language  on input line 609.
Package babel Info: Redefining ngerman shorthand "~
(babel)             in language  on input line 609.
Package babel Info: Redefining ngerman shorthand "|
(babel)             in language  on input line 624.
Package babel Info: Redefining ngerman shorthand "~
(babel)             in language  on input line 624.

Underfull \hbox (badness 10000) in paragraph at lines 632--633

 []

Package babel Info: Redefining ngerman shorthand "|
(babel)             in language  on input line 647.
Package babel Info: Redefining ngerman shorthand "~
(babel)             in language  on input line 647.
Package babel Info: Redefining ngerman shorthand "|
(babel)             in language  on input line 649.
Package babel Info: Redefining ngerman shorthand "~
(babel)             in language  on input line 649.
Package babel Info: Redefining ngerman shorthand "|
(babel)             in language  on input line 649.
Package babel Info: Redefining ngerman shorthand "~
(babel)             in language  on input line 649.
[22]
Underfull \hbox (badness 10000) in paragraph at lines 655--656

 []

Package babel Info: Redefining ngerman shorthand "|
(babel)             in language  on input line 669.
Package babel Info: Redefining ngerman shorthand "~
(babel)             in language  on input line 669.
Package babel Info: Redefining ngerman shorthand "|
(babel)             in language  on input line 669.
Package babel Info: Redefining ngerman shorthand "~
(babel)             in language  on input line 669.
[23]
Package babel Info: Redefining ngerman shorthand "|
(babel)             in language  on input line 670.
Package babel Info: Redefining ngerman shorthand "~
(babel)             in language  on input line 670.
Package babel Info: Redefining ngerman shorthand "|
(babel)             in language  on input line 672.
Package babel Info: Redefining ngerman shorthand "~
(babel)             in language  on input line 672.
Package babel Info: Redefining ngerman shorthand "|
(babel)             in language  on input line 693.
Package babel Info: Redefining ngerman shorthand "~
(babel)             in language  on input line 693.
Package babel Info: Redefining ngerman shorthand "|
(babel)             in language  on input line 722.
Package babel Info: Redefining ngerman shorthand "~
(babel)             in language  on input line 722.
Package babel Info: Redefining ngerman shorthand "|
(babel)             in language  on input line 722.
Package babel Info: Redefining ngerman shorthand "~
(babel)             in language  on input line 722.
 [24]
Package babel Info: Redefining ngerman shorthand "|
(babel)             in language  on input line 723.
Package babel Info: Redefining ngerman shorthand "~
(babel)             in language  on input line 723.
Package babel Info: Redefining ngerman shorthand "|
(babel)             in language  on input line 724.
Package babel Info: Redefining ngerman shorthand "~
(babel)             in language  on input line 724.
Package babel Info: Redefining ngerman shorthand "|
(babel)             in language  on input line 736.
Package babel Info: Redefining ngerman shorthand "~
(babel)             in language  on input line 736.
Package babel Info: Redefining ngerman shorthand "|
(babel)             in language  on input line 751.
Package babel Info: Redefining ngerman shorthand "~
(babel)             in language  on input line 751.
Package babel Info: Redefining ngerman shorthand "|
(babel)             in language  on input line 754.
Package babel Info: Redefining ngerman shorthand "~
(babel)             in language  on input line 754.
Package babel Info: Redefining ngerman shorthand "|
(babel)             in language  on input line 756.
Package babel Info: Redefining ngerman shorthand "~
(babel)             in language  on input line 756.
Package babel Info: Redefining ngerman shorthand "|
(babel)             in language  on input line 756.
Package babel Info: Redefining ngerman shorthand "~
(babel)             in language  on input line 756.
 [25]
Package babel Info: Redefining ngerman shorthand "|
(babel)             in language  on input line 766.
Package babel Info: Redefining ngerman shorthand "~
(babel)             in language  on input line 766.
Package babel Info: Redefining ngerman shorthand "|
(babel)             in language  on input line 766.
Package babel Info: Redefining ngerman shorthand "~
(babel)             in language  on input line 766.
 [26]
Package babel Info: Redefining ngerman shorthand "|
(babel)             in language  on input line 767.
Package babel Info: Redefining ngerman shorthand "~
(babel)             in language  on input line 767.
Package babel Info: Redefining ngerman shorthand "|
(babel)             in language  on input line 768.
Package babel Info: Redefining ngerman shorthand "~
(babel)             in language  on input line 768.
Package babel Info: Redefining ngerman shorthand "|
(babel)             in language  on input line 772.
Package babel Info: Redefining ngerman shorthand "~
(babel)             in language  on input line 772.
Package babel Info: Redefining ngerman shorthand "|
(babel)             in language  on input line 788.
Package babel Info: Redefining ngerman shorthand "~
(babel)             in language  on input line 788.
Package babel Info: Redefining ngerman shorthand "|
(babel)             in language  on input line 793.
Package babel Info: Redefining ngerman shorthand "~
(babel)             in language  on input line 793.
Package babel Info: Redefining ngerman shorthand "|
(babel)             in language  on input line 793.
Package babel Info: Redefining ngerman shorthand "~
(babel)             in language  on input line 793.
 [27]
Package babel Info: Redefining ngerman shorthand "|
(babel)             in language  on input line 798.
Package babel Info: Redefining ngerman shorthand "~
(babel)             in language  on input line 798.
Package babel Info: Redefining ngerman shorthand "|
(babel)             in language  on input line 798.
Package babel Info: Redefining ngerman shorthand "~
(babel)             in language  on input line 798.
 [28]
Package babel Info: Redefining ngerman shorthand "|
(babel)             in language  on input line 799.
Package babel Info: Redefining ngerman shorthand "~
(babel)             in language  on input line 799.
Package babel Info: Redefining ngerman shorthand "|
(babel)             in language  on input line 801.
Package babel Info: Redefining ngerman shorthand "~
(babel)             in language  on input line 801.
Package babel Info: Redefining ngerman shorthand "|
(babel)             in language  on input line 806.
Package babel Info: Redefining ngerman shorthand "~
(babel)             in language  on input line 806.
Package babel Info: Redefining ngerman shorthand "|
(babel)             in language  on input line 821.
Package babel Info: Redefining ngerman shorthand "~
(babel)             in language  on input line 821.
Package babel Info: Redefining ngerman shorthand "|
(babel)             in language  on input line 830.
Package babel Info: Redefining ngerman shorthand "~
(babel)             in language  on input line 830.
Package babel Info: Redefining ngerman shorthand "|
(babel)             in language  on input line 830.
Package babel Info: Redefining ngerman shorthand "~
(babel)             in language  on input line 830.
 [29]
Package babel Info: Redefining ngerman shorthand "|
(babel)             in language  on input line 835.
Package babel Info: Redefining ngerman shorthand "~
(babel)             in language  on input line 835.
Package babel Info: Redefining ngerman shorthand "|
(babel)             in language  on input line 835.
Package babel Info: Redefining ngerman shorthand "~
(babel)             in language  on input line 835.
 [30]
Package babel Info: Redefining ngerman shorthand "|
(babel)             in language  on input line 836.
Package babel Info: Redefining ngerman shorthand "~
(babel)             in language  on input line 836.
Package babel Info: Redefining ngerman shorthand "|
(babel)             in language  on input line 838.
Package babel Info: Redefining ngerman shorthand "~
(babel)             in language  on input line 838.
Package babel Info: Redefining ngerman shorthand "|
(babel)             in language  on input line 852.
Package babel Info: Redefining ngerman shorthand "~
(babel)             in language  on input line 852.
Package babel Info: Redefining ngerman shorthand "|
(babel)             in language  on input line 864.
Package babel Info: Redefining ngerman shorthand "~
(babel)             in language  on input line 864.
Package babel Info: Redefining ngerman shorthand "|
(babel)             in language  on input line 871.
Package babel Info: Redefining ngerman shorthand "~
(babel)             in language  on input line 871.
Package babel Info: Redefining ngerman shorthand "|
(babel)             in language  on input line 871.
Package babel Info: Redefining ngerman shorthand "~
(babel)             in language  on input line 871.
 [31]
Package babel Info: Redefining ngerman shorthand "|
(babel)             in language  on input line 886.
Package babel Info: Redefining ngerman shorthand "~
(babel)             in language  on input line 886.
Package babel Info: Redefining ngerman shorthand "|
(babel)             in language  on input line 899.
Package babel Info: Redefining ngerman shorthand "~
(babel)             in language  on input line 899.
Package babel Info: Redefining ngerman shorthand "|
(babel)             in language  on input line 899.
Package babel Info: Redefining ngerman shorthand "~
(babel)             in language  on input line 899.
 [32]
Overfull \hbox (0.12125pt too wide) in paragraph at lines 909--910
\T1/cmr/m/n/10.95 Pro-duk-ti-vi-täts-pa-ra-me-ter $[][]\OML/cmm/m/it/10.95 A$ \
T1/cmr/m/n/10.95 ab-hän-ge. Ver-wen-den Sie ein Gü-ter-markt-dia-gramm
 []

Package babel Info: Redefining ngerman shorthand "|
(babel)             in language  on input line 913.
Package babel Info: Redefining ngerman shorthand "~
(babel)             in language  on input line 913.
Package babel Info: Redefining ngerman shorthand "|
(babel)             in language  on input line 928.
Package babel Info: Redefining ngerman shorthand "~
(babel)             in language  on input line 928.
Package babel Info: Redefining ngerman shorthand "|
(babel)             in language  on input line 928.
Package babel Info: Redefining ngerman shorthand "~
(babel)             in language  on input line 928.
[33]
Package babel Info: Redefining ngerman shorthand "|
(babel)             in language  on input line 933.
Package babel Info: Redefining ngerman shorthand "~
(babel)             in language  on input line 933.
Package babel Info: Redefining ngerman shorthand "|
(babel)             in language  on input line 935.
Package babel Info: Redefining ngerman shorthand "~
(babel)             in language  on input line 935.
Package babel Info: Redefining ngerman shorthand "|
(babel)             in language  on input line 947.
Package babel Info: Redefining ngerman shorthand "~
(babel)             in language  on input line 947.
Package babel Info: Redefining ngerman shorthand "|
(babel)             in language  on input line 953.
Package babel Info: Redefining ngerman shorthand "~
(babel)             in language  on input line 953.
Package babel Info: Redefining ngerman shorthand "|
(babel)             in language  on input line 955.
Package babel Info: Redefining ngerman shorthand "~
(babel)             in language  on input line 955.
Package babel Info: Redefining ngerman shorthand "|
(babel)             in language  on input line 955.
Package babel Info: Redefining ngerman shorthand "~
(babel)             in language  on input line 955.
 [34]
Package babel Info: Redefining ngerman shorthand "|
(babel)             in language  on input line 955.
Package babel Info: Redefining ngerman shorthand "~
(babel)             in language  on input line 955.
Package babel Info: Redefining ngerman shorthand "|
(babel)             in language  on input line 958.
Package babel Info: Redefining ngerman shorthand "~
(babel)             in language  on input line 958.
Package babel Info: Redefining ngerman shorthand "|
(babel)             in language  on input line 966.
Package babel Info: Redefining ngerman shorthand "~
(babel)             in language  on input line 966.
Package babel Info: Redefining ngerman shorthand "|
(babel)             in language  on input line 981.
Package babel Info: Redefining ngerman shorthand "~
(babel)             in language  on input line 981.
Package babel Info: Redefining ngerman shorthand "|
(babel)             in language  on input line 981.
Package babel Info: Redefining ngerman shorthand "~
(babel)             in language  on input line 981.
 [35]
Package babel Info: Redefining ngerman shorthand "|
(babel)             in language  on input line 991.
Package babel Info: Redefining ngerman shorthand "~
(babel)             in language  on input line 991.
Package babel Info: Redefining ngerman shorthand "|
(babel)             in language  on input line 993.
Package babel Info: Redefining ngerman shorthand "~
(babel)             in language  on input line 993.
Package babel Info: Redefining ngerman shorthand "|
(babel)             in language  on input line 1000.
Package babel Info: Redefining ngerman shorthand "~
(babel)             in language  on input line 1000.
Package babel Info: Redefining ngerman shorthand "|
(babel)             in language  on input line 1009.
Package babel Info: Redefining ngerman shorthand "~
(babel)             in language  on input line 1009.
Package babel Info: Redefining ngerman shorthand "|
(babel)             in language  on input line 1009.
Package babel Info: Redefining ngerman shorthand "~
(babel)             in language  on input line 1009.
 [36]
Package babel Info: Redefining ngerman shorthand "|
(babel)             in language  on input line 1014.
Package babel Info: Redefining ngerman shorthand "~
(babel)             in language  on input line 1014.
Package babel Info: Redefining ngerman shorthand "|
(babel)             in language  on input line 1021.
Package babel Info: Redefining ngerman shorthand "~
(babel)             in language  on input line 1021.
Package babel Info: Redefining ngerman shorthand "|
(babel)             in language  on input line 1024.
Package babel Info: Redefining ngerman shorthand "~
(babel)             in language  on input line 1024.
Package babel Info: Redefining ngerman shorthand "|
(babel)             in language  on input line 1027.
Package babel Info: Redefining ngerman shorthand "~
(babel)             in language  on input line 1027.
Package babel Info: Redefining ngerman shorthand "|
(babel)             in language  on input line 1040.
Package babel Info: Redefining ngerman shorthand "~
(babel)             in language  on input line 1040.
Package babel Info: Redefining ngerman shorthand "|
(babel)             in language  on input line 1040.
Package babel Info: Redefining ngerman shorthand "~
(babel)             in language  on input line 1040.
 [37]
Package babel Info: Redefining ngerman shorthand "|
(babel)             in language  on input line 1056.
Package babel Info: Redefining ngerman shorthand "~
(babel)             in language  on input line 1056.
Package babel Info: Redefining ngerman shorthand "|
(babel)             in language  on input line 1056.
Package babel Info: Redefining ngerman shorthand "~
(babel)             in language  on input line 1056.
 [38]
Package babel Info: Redefining ngerman shorthand "|
(babel)             in language  on input line 1099.
Package babel Info: Redefining ngerman shorthand "~
(babel)             in language  on input line 1099.
Package babel Info: Redefining ngerman shorthand "|
(babel)             in language  on input line 1099.
Package babel Info: Redefining ngerman shorthand "~
(babel)             in language  on input line 1099.
 [39]
Package atveryend Info: Empty hook `BeforeClearDocument' on input line 1101.
Package babel Info: Redefining ngerman shorthand "|
(babel)             in language  on input line 1101.
Package babel Info: Redefining ngerman shorthand "~
(babel)             in language  on input line 1101.
Package babel Info: Redefining ngerman shorthand "|
(babel)             in language  on input line 1101.
Package babel Info: Redefining ngerman shorthand "~
(babel)             in language  on input line 1101.
 [40]
Package atveryend Info: Empty hook `AfterLastShipout' on input line 1101.
 (./aufgaben.aux)
Package atveryend Info: Executing hook `AtVeryEndDocument' on input line 1101.
Package atveryend Info: Executing hook `AtEndAfterFileList' on input line 1101.

Package rerunfilecheck Info: File `aufgaben.out' has not changed.
(rerunfilecheck)             Checksum: 07ADCE5BFB57AF4FCF10CCE0DB636AEF;6036.
 ) 
Here is how much of TeX's memory you used:
 11095 strings out of 494757
 166797 string characters out of 6175785
 363957 words of memory out of 5000000
 13853 multiletter control sequences out of 15000+600000
 21451 words of font info for 57 fonts, out of 8000000 for 9000
 81 hyphenation exceptions out of 8191
 41i,19n,51p,8903b,587s stack positions out of 5000i,500n,10000p,200000b,80000s
 </home/wmutschl/.texlive2017/texmf-var/fonts/pk/ljfour/jknappen/ec/ecbi2488.
600pk> </home/wmutschl/.texlive2017/texmf-var/fonts/pk/ljfour/jknappen/ec/ecbx1
095.600pk> </home/wmutschl/.texlive2017/texmf-var/fonts/pk/ljfour/jknappen/ec/e
cti1095.600pk> </home/wmutschl/.texlive2017/texmf-var/fonts/pk/ljfour/jknappen/
ec/ecsx1095.600pk> </home/wmutschl/.texlive2017/texmf-var/fonts/pk/ljfour/jknap
pen/ec/ecsx1440.600pk> </home/wmutschl/.texlive2017/texmf-var/fonts/pk/ljfour/j
knappen/ec/ecrm1095.600pk> </home/wmutschl/.texlive2017/texmf-var/fonts/pk/ljfo
ur/jknappen/ec/ecrm1440.600pk> </home/wmutschl/.texlive2017/texmf-var/fonts/pk/
ljfour/jknappen/ec/ecsx1200.600pk> </home/wmutschl/.texlive2017/texmf-var/fonts
/pk/ljfour/jknappen/ec/ecsx2074.600pk></usr/share/texlive/texmf-dist/fonts/type
1/public/amsfonts/cm/cmex10.pfb></usr/share/texlive/texmf-dist/fonts/type1/publ
ic/amsfonts/cmextra/cmex8.pfb></usr/share/texlive/texmf-dist/fonts/type1/public
/amsfonts/cm/cmmi10.pfb></usr/share/texlive/texmf-dist/fonts/type1/public/amsfo
nts/cm/cmmi6.pfb></usr/share/texlive/texmf-dist/fonts/type1/public/amsfonts/cm/
cmmi8.pfb></usr/share/texlive/texmf-dist/fonts/type1/public/amsfonts/cm/cmr10.p
fb></usr/share/texlive/texmf-dist/fonts/type1/public/amsfonts/cm/cmr8.pfb></usr
/share/texlive/texmf-dist/fonts/type1/public/amsfonts/cm/cmsy10.pfb></usr/share
/texlive/texmf-dist/fonts/type1/public/amsfonts/cm/cmsy6.pfb></usr/share/texliv
e/texmf-dist/fonts/type1/public/amsfonts/cm/cmsy8.pfb>
Output written on aufgaben.pdf (44 pages, 659696 bytes).
PDF statistics:
 1455 PDF objects out of 1728 (max. 8388607)
 1022 compressed objects within 11 object streams
 428 named destinations out of 1000 (max. 500000)
 667 words of extra memory for PDF output out of 10000 (max. 10000000)

