\BOOKMARK [1][-]{section.1}{Volkswirtschaftliche Gesamtrechnung}{}% 1
\BOOKMARK [2][-]{subsection.1.1}{Verst\344ndnis}{section.1}% 2
\BOOKMARK [2][-]{subsection.1.2}{Einfache Berechnungen}{section.1}% 3
\BOOKMARK [2][-]{subsection.1.3}{Berechnungen \(I\)}{section.1}% 4
\BOOKMARK [2][-]{subsection.1.4}{Berechnungen \(II\)}{section.1}% 5
\BOOKMARK [2][-]{subsection.1.5}{Berechnungen \(III\)}{section.1}% 6
\BOOKMARK [2][-]{subsection.1.6}{Berechnungen \(IV\)}{section.1}% 7
\BOOKMARK [2][-]{subsection.1.7}{Kreislaufschema \(I\)}{section.1}% 8
\BOOKMARK [2][-]{subsection.1.8}{Kreislaufschema \(II\)}{section.1}% 9
\BOOKMARK [2][-]{subsection.1.9}{Finanzierungssalden}{section.1}% 10
\BOOKMARK [2][-]{subsection.1.10}{Geschlossene vs. Offene Volkswirtschaft}{section.1}% 11
\BOOKMARK [2][-]{subsection.1.11}{Verst\344ndnisfragen \(wahr/falsch\)}{section.1}% 12
\BOOKMARK [2][-]{subsection.1.12}{Lohnquote}{section.1}% 13
\BOOKMARK [2][-]{subsection.1.13}{Lorenzkurve + Gini-Koeffizient}{section.1}% 14
\BOOKMARK [2][-]{subsection.1.14}{BIP-Konzepte: Nominal, Real, Kettenindex}{section.1}% 15
\BOOKMARK [2][-]{subsection.1.15}{Klausuraufgaben}{section.1}% 16
\BOOKMARK [1][-]{section.2}{Die \(Neo-\)Klassische Theorie}{}% 17
\BOOKMARK [2][-]{subsection.2.1}{Verst\344ndnis}{section.2}% 18
\BOOKMARK [2][-]{subsection.2.2}{Rechenaufgabe}{section.2}% 19
\BOOKMARK [2][-]{subsection.2.3}{Kassenhaltungskoeffizient im \(neo-\)klassischen Modell}{section.2}% 20
\BOOKMARK [2][-]{subsection.2.4}{Nominallohn im \(neo-\)klassischen Modell}{section.2}% 21
\BOOKMARK [2][-]{subsection.2.5}{Kapitalstock und Geldpolitik im \(neo-\)klassischen Modell}{section.2}% 22
\BOOKMARK [2][-]{subsection.2.6}{Verst\344ndnisfragen \(wahr/falsch\)}{section.2}% 23
\BOOKMARK [1][-]{section.3}{Keynesianische Theorie}{}% 24
\BOOKMARK [2][-]{subsection.3.1}{Keynesianische Kreuz, Sparfunktion, und Multiplikatoren}{section.3}% 25
\BOOKMARK [2][-]{subsection.3.2}{Haavelmo Theorem im Keynesianischen Modell}{section.3}% 26
\BOOKMARK [2][-]{subsection.3.3}{IS-Kurve}{section.3}% 27
\BOOKMARK [2][-]{subsection.3.4}{Verst\344ndnisfragen \(wahr/falsch\)}{section.3}% 28
\BOOKMARK [2][-]{subsection.3.5}{Klausuraufgabe}{section.3}% 29
\BOOKMARK [1][-]{section.4}{Geldmarkt und LM-Kurve}{}% 30
\BOOKMARK [2][-]{subsection.4.1}{Geldsch\366pfung, Geldnachfrage und LM-Kurve}{section.4}% 31
\BOOKMARK [2][-]{subsection.4.2}{Geldsch\366pfungsmultiplikator}{section.4}% 32
\BOOKMARK [2][-]{subsection.4.3}{Verst\344ndnisfragen \(wahr/falsch\)}{section.4}% 33
\BOOKMARK [1][-]{section.5}{IS-LM-Modell}{}% 34
\BOOKMARK [2][-]{subsection.5.1}{Wirtschaftspolitische Ma\337nahmen}{section.5}% 35
\BOOKMARK [2][-]{subsection.5.2}{Sparquote im IS-LM Modell}{section.5}% 36
\BOOKMARK [2][-]{subsection.5.3}{Liquidit\344tsfalle im IS-LM Modell}{section.5}% 37
\BOOKMARK [2][-]{subsection.5.4}{Klassischer Verlauf der LM Kurve}{section.5}% 38
\BOOKMARK [2][-]{subsection.5.5}{Investitionsfalle im IS-LM Modell}{section.5}% 39
\BOOKMARK [2][-]{subsection.5.6}{Rechenaufgabe}{section.5}% 40
\BOOKMARK [2][-]{subsection.5.7}{Verst\344ndnisfragen \(wahr/falsch\)}{section.5}% 41
\BOOKMARK [2][-]{subsection.5.8}{Verst\344ndnisfragen Keynesianische Theorie \(wahr/falsch\)}{section.5}% 42
\BOOKMARK [1][-]{section.6}{Lundberg und Robertson Lag}{}% 43
\BOOKMARK [2][-]{subsection.6.1}{Verst\344ndnisfragen}{section.6}% 44
\BOOKMARK [2][-]{subsection.6.2}{Rechenaufgabe Robertson Lag}{section.6}% 45
\BOOKMARK [2][-]{subsection.6.3}{Rechenaufgabe Lundberg Lag}{section.6}% 46
\BOOKMARK [1][-]{section.7}{Hick'sche Wachstumsmodell}{}% 47
\BOOKMARK [2][-]{subsection.7.1}{Verst\344ndnisfragen}{section.7}% 48
\BOOKMARK [2][-]{subsection.7.2}{Rechenaufgabe}{section.7}% 49
\BOOKMARK [1][-]{section.8}{Neoklassische Synthese}{}% 50
\BOOKMARK [2][-]{subsection.8.1}{Aggregierte Nachfrage \(AD-Modell\)}{section.8}% 51
\BOOKMARK [2][-]{subsection.8.2}{Keynesianisches Totalmodell}{section.8}% 52
\BOOKMARK [2][-]{subsection.8.3}{Demografische Entwicklung in der neoklassischen Synthese}{section.8}% 53
\BOOKMARK [2][-]{subsection.8.4}{Wirtschaftspolitische Ma\337nahmen in der neoklassischen Synthese}{section.8}% 54
\BOOKMARK [1][-]{section.9}{Geldtheorie}{}% 55
\BOOKMARK [2][-]{subsection.9.1}{Rechenaufgabe}{section.9}% 56
\BOOKMARK [2][-]{subsection.9.2}{Verst\344ndnisfragen \(wahr/falsch\)}{section.9}% 57
\BOOKMARK [2][-]{subsection.9.3}{Klausuraufgaben}{section.9}% 58
\BOOKMARK [1][-]{section.10}{Offene Volkswirtschaft und Mundell-Fleming}{}% 59
\BOOKMARK [2][-]{subsection.10.1}{Offene Volkswirtschaft}{section.10}% 60
\BOOKMARK [2][-]{subsection.10.2}{Mundell-Fleming}{section.10}% 61
\BOOKMARK [2][-]{subsection.10.3}{Klausuraufgaben}{section.10}% 62
\BOOKMARK [1][-]{section.11}{Arbeitsmarkt und AS-AD Modell}{}% 63
\BOOKMARK [2][-]{subsection.11.1}{Arbeitsmarkt und Aggregierte Angebot}{section.11}% 64
\BOOKMARK [2][-]{subsection.11.2}{Aggregierte Nachfrage}{section.11}% 65
\BOOKMARK [2][-]{subsection.11.3}{Wirtschaftspolitische Ma\337nahmen im AS-AD Modell}{section.11}% 66
\BOOKMARK [2][-]{subsection.11.4}{Klausuraufgaben}{section.11}% 67
\BOOKMARK [1][-]{section.12}{Phillips-Kurve}{}% 68
\BOOKMARK [1][-]{section.13}{Solow-Modell}{}% 69
\BOOKMARK [2][-]{subsection.13.1}{Rechenaufgabe}{section.13}% 70
\BOOKMARK [2][-]{subsection.13.2}{Zwei L\344nder}{section.13}% 71
\BOOKMARK [2][-]{subsection.13.3}{Tropicana}{section.13}% 72
\BOOKMARK [2][-]{subsection.13.4}{China}{section.13}% 73
\BOOKMARK [2][-]{subsection.13.5}{Solow Konvergenz}{section.13}% 74
\BOOKMARK [2][-]{subsection.13.6}{Klausuraufgaben}{section.13}% 75
\BOOKMARK [1][-]{section.14}{Solow-Modell}{}% 76
\BOOKMARK [2][-]{subsection.14.1}{Verst\344ndnis}{section.14}% 77
\BOOKMARK [2][-]{subsection.14.2}{Rechenaufgabe}{section.14}% 78
\BOOKMARK [2][-]{subsection.14.3}{Bev\366lkerungswachstum}{section.14}% 79
\BOOKMARK [2][-]{subsection.14.4}{Abschreibungsrate}{section.14}% 80
\BOOKMARK [2][-]{subsection.14.5}{China}{section.14}% 81
\BOOKMARK [2][-]{subsection.14.6}{Solow Konvergenz}{section.14}% 82
